This is LuaHBTeX, Version 1.17.0 (TeX Live 2023)  (format=lualatex 2023.11.18)  2 FEB 2024 23:15
 restricted system commands enabled.
**D:/Projekty/LateX/Kompleta_1982/ofiarowanie.tex
(d:/Projekty/LateX/Kompleta_1982/ofiarowanie.tex
LaTeX2e <2023-11-01>
L3 programming layer <2023-11-09>
Lua module: luaotfload 2023-08-31 3.26 Lua based OpenType font support
Lua module: lualibs 2023-07-13 2.76 ConTeXt Lua standard libraries.
Lua module: lualibs-extended 2023-07-13 2.76 ConTeXt Lua libraries -- extended c
ollection.
luaotfload | conf : Root cache directory is "C:/texlive/2023/texmf-var/luatex-ca
che/generic/names".
luaotfload | init : Loading fontloader "fontloader-2023-08-19.lua" from kpse-res
olved path "c:/texlive/2023/texmf-dist/tex/luatex/luaotfload/fontloader-2023-08-
19.lua".
Lua-only attribute luaotfload@noligature = 1
luaotfload | init : Context OpenType loader version 3.133
Inserting `luaotfload.node_processor' in `pre_linebreak_filter'.
Inserting `luaotfload.node_processor' in `hpack_filter'.
Inserting `luaotfload.glyph_stream' in `glyph_stream_provider'.
Inserting `luaotfload.define_font' in `define_font'.
Lua-only attribute luaotfload_color_attribute = 2
luaotfload | conf : Root cache directory is "C:/texlive/2023/texmf-var/luatex-ca
che/generic/names".
Inserting `luaotfload.harf.strip_prefix' in `find_opentype_file'.
Inserting `luaotfload.harf.strip_prefix' in `find_truetype_file'.
Removing  `luaotfload.glyph_stream' from `glyph_stream_provider'.
Inserting `luaotfload.harf.glyphstream' in `glyph_stream_provider'.
Inserting `luaotfload.harf.finalize_vlist' in `post_linebreak_filter'.
Inserting `luaotfload.harf.finalize_hlist' in `hpack_filter'.
Inserting `luaotfload.cleanup_files' in `wrapup_run'.
Inserting `luaotfload.harf.finalize_unicode' in `finish_pdffile'.
Inserting `luaotfload.glyphinfo' in `glyph_info'.
Lua-only attribute luaotfload.letterspace_done = 3
Inserting `luaotfload.aux.set_sscale_dimens' in `luaotfload.patch_font'.
Inserting `luaotfload.aux.set_font_index' in `luaotfload.patch_font'.
Inserting `luaotfload.aux.patch_cambria_domh' in `luaotfload.patch_font'.
Inserting `luaotfload.aux.fixup_fontdata' in `luaotfload.patch_font_unsafe'.
Inserting `luaotfload.aux.set_capheight' in `luaotfload.patch_font'.
Inserting `luaotfload.aux.set_xheight' in `luaotfload.patch_font'.
Inserting `luaotfload.rewrite_fontname' in `luaotfload.patch_font'.
Inserting `tracingstacklevels' in `input_level_string'. (c:/texlive/2023/texmf-
dist/tex/latex/extsizes/extbook.cls
Document Class: extbook 1999/01/07 v1.4a NON-Standard LaTeX document class
(c:/texlive/2023/texmf-dist/tex/latex/base/bk10.clo
File: bk10.clo 2023/05/17 v1.4n Standard LaTeX file (size option)
luaotfload | db : Font names database loaded from C:/texlive/2023/texmf-var/luat
ex-cache/generic/names/luaotfload-names.luc.gz)
(c:/texlive/2023/texmf-dist/tex/latex/base/exscale.sty
Package: exscale 2018/09/24 v2.1i Standard LaTeX package exscale
LaTeX Font Info:    Redeclaring symbol font `largesymbols' on input line 57.
LaTeX Font Info:    Overwriting symbol font `largesymbols' in version `normal'
(Font)                  OMX/cmex/m/n --> OMX/cmex/m/n on input line 57.
LaTeX Font Info:    Overwriting symbol font `largesymbols' in version `bold'
(Font)                  OMX/cmex/m/n --> OMX/cmex/m/n on input line 57.
\big@size=\dimen139
)
\c@part=\count184
\c@chapter=\count185
\c@section=\count186
\c@subsection=\count187
\c@subsubsection=\count188
\c@paragraph=\count189
\c@subparagraph=\count190
\c@figure=\count191
\c@table=\count192
\abovecaptionskip=\skip48
\belowcaptionskip=\skip49
\bibindent=\dimen140
)
(c:/texlive/2023/texmf-dist/tex/latex/libertine/libertine.sty
Package: libertine 2022/09/12 (Bob Tennent) Supports Libertine and Biolinum fon
ts for all LaTeX engines.

(c:/texlive/2023/texmf-dist/tex/generic/iftex/ifxetex.sty
Package: ifxetex 2019/10/25 v0.7 ifxetex legacy package. Use iftex instead.

(c:/texlive/2023/texmf-dist/tex/generic/iftex/iftex.sty
Package: iftex 2022/02/03 v1.0f TeX engine tests
))
(c:/texlive/2023/texmf-dist/tex/generic/iftex/ifluatex.sty
Package: ifluatex 2019/10/25 v1.5 ifluatex legacy package. Use iftex instead.
)
(c:/texlive/2023/texmf-dist/tex/latex/xkeyval/xkeyval.sty
Package: xkeyval 2022/06/16 v2.9 package option processing (HA)

(c:/texlive/2023/texmf-dist/tex/generic/xkeyval/xkeyval.tex
(c:/texlive/2023/texmf-dist/tex/generic/xkeyval/xkvutils.tex
\XKV@toks=\toks17
\XKV@tempa@toks=\toks18

(c:/texlive/2023/texmf-dist/tex/generic/xkeyval/keyval.tex))
\XKV@depth=\count193
File: xkeyval.tex 2014/12/03 v2.7a key=value parser (HA)
))
(c:/texlive/2023/texmf-dist/tex/latex/base/textcomp.sty
Package: textcomp 2020/02/02 v2.0n Standard LaTeX package
)
(c:/texlive/2023/texmf-dist/tex/latex/fontspec/fontspec.sty
(c:/texlive/2023/texmf-dist/tex/latex/l3packages/xparse/xparse.sty
(c:/texlive/2023/texmf-dist/tex/latex/l3kernel/expl3.sty
Package: expl3 2023-11-09 L3 programming layer (loader) 

(c:/texlive/2023/texmf-dist/tex/latex/l3backend/l3backend-luatex.def
File: l3backend-luatex.def 2023-11-09 L3 backend support: PDF output (LuaTeX)
\l__color_backend_stack_int=\count194
Inserting `l3color' in `luaotfload.parse_color'.
\l__pdf_internal_box=\box51
))
Package: xparse 2023-10-10 L3 Experimental document command parser
)
Package: fontspec 2022/01/15 v2.8a Font selection for XeLaTeX and LuaLaTeX
Lua module: fontspec 2022/01/15 2.8a Font selection for XeLaTeX and LuaLaTeX
(c:/texlive/2023/texmf-dist/tex/latex/fontspec/fontspec-luatex.sty
Package: fontspec-luatex 2022/01/15 v2.8a Font selection for XeLaTeX and LuaLaT
eX
\l__fontspec_script_int=\count195
\l__fontspec_language_int=\count196
\l__fontspec_strnum_int=\count197
\l__fontspec_tmp_int=\count198
\l__fontspec_tmpa_int=\count199
\l__fontspec_tmpb_int=\count266
\l__fontspec_tmpc_int=\count267
\l__fontspec_em_int=\count268
\l__fontspec_emdef_int=\count269
\l__fontspec_strong_int=\count270
\l__fontspec_strongdef_int=\count271
\l__fontspec_tmpa_dim=\dimen141
\l__fontspec_tmpb_dim=\dimen142
\l__fontspec_tmpc_dim=\dimen143

(c:/texlive/2023/texmf-dist/tex/latex/base/fontenc.sty
Package: fontenc 2021/04/29 v2.0v Standard LaTeX package
)
(c:/texlive/2023/texmf-dist/tex/latex/fontspec/fontspec.cfg)))

Package fontspec Info: Font family 'LinLibertine(0)' created for font
(fontspec)             'LinLibertine' with options [Ligatures = TeX,Extension
(fontspec)             =
(fontspec)             .otf,SmallCapsFeatures={Letters=SmallCaps},Ligatures=TeX
,Numbers
(fontspec)             = {Proportional,OldStyle},Scale = 1,UprightFont =
(fontspec)             *_R,ItalicFont = *_RI,BoldFont = *_RB,BoldItalicFont =
(fontspec)             *_RBI].
(fontspec)              
(fontspec)              This font family consists of the following NFSS
(fontspec)             series/shapes:
(fontspec)              
(fontspec)             - 'normal' (m/n) with NFSS spec.:
(fontspec)             <->s*[1]"[LinLibertine_R.otf]:mode=node;script=latn;lang
uage=dflt;+tlig;+pnum;+onum;"
(fontspec)             - 'small caps'  (m/sc) with NFSS spec.:
(fontspec)             <->s*[1]"[LinLibertine_R.otf]:mode=node;script=latn;lang
uage=dflt;+tlig;+pnum;+onum;+smcp;"
(fontspec)             - 'bold' (b/n) with NFSS spec.:
(fontspec)             <->s*[1]"[LinLibertine_RB.otf]:mode=node;script=latn;lan
guage=dflt;+tlig;+pnum;+onum;"
(fontspec)             - 'bold small caps'  (b/sc) with NFSS spec.:
(fontspec)             <->s*[1]"[LinLibertine_RB.otf]:mode=node;script=latn;lan
guage=dflt;+tlig;+pnum;+onum;+smcp;"
(fontspec)             - 'italic' (m/it) with NFSS spec.:
(fontspec)             <->s*[1]"[LinLibertine_RI.otf]:mode=node;script=latn;lan
guage=dflt;+tlig;+pnum;+onum;"
(fontspec)             - 'italic small caps'  (m/scit) with NFSS spec.:
(fontspec)             <->s*[1]"[LinLibertine_RI.otf]:mode=node;script=latn;lan
guage=dflt;+tlig;+pnum;+onum;+smcp;"
(fontspec)             - 'bold italic' (b/it) with NFSS spec.:
(fontspec)             <->s*[1]"[LinLibertine_RBI.otf]:mode=node;script=latn;la
nguage=dflt;+tlig;+pnum;+onum;"
(fontspec)             - 'bold italic small caps'  (b/scit) with NFSS spec.:
(fontspec)             <->s*[1]"[LinLibertine_RBI.otf]:mode=node;script=latn;la
nguage=dflt;+tlig;+pnum;+onum;+smcp;"

LaTeX Font Info:    Font shape `TU/LinLibertine(0)/m/n' will be
(Font)              scaled to size 10.0pt on input line 307.

Package fontspec Info: Font family 'LinBiolinum(0)' created for font
(fontspec)             'LinBiolinum' with options [Ligatures = TeX,Extension =
(fontspec)             .otf,SmallCapsFeatures={Letters=SmallCaps},Ligatures=TeX
,Numbers
(fontspec)             = {Proportional, OldStyle},Scale = 1,UprightFont =
(fontspec)             *_R,ItalicFont = *_RI,BoldFont = *_RB,BoldItalicFont =
(fontspec)             *_RBO].
(fontspec)              
(fontspec)              This font family consists of the following NFSS
(fontspec)             series/shapes:
(fontspec)              
(fontspec)             - 'normal' (m/n) with NFSS spec.:
(fontspec)             <->s*[1]"[LinBiolinum_R.otf]:mode=node;script=latn;langu
age=dflt;+tlig;+pnum;+onum;"
(fontspec)             - 'small caps'  (m/sc) with NFSS spec.:
(fontspec)             <->s*[1]"[LinBiolinum_R.otf]:mode=node;script=latn;langu
age=dflt;+tlig;+pnum;+onum;+smcp;"
(fontspec)             - 'bold' (b/n) with NFSS spec.:
(fontspec)             <->s*[1]"[LinBiolinum_RB.otf]:mode=node;script=latn;lang
uage=dflt;+tlig;+pnum;+onum;"
(fontspec)             - 'bold small caps'  (b/sc) with NFSS spec.:
(fontspec)             <->s*[1]"[LinBiolinum_RB.otf]:mode=node;script=latn;lang
uage=dflt;+tlig;+pnum;+onum;+smcp;"
(fontspec)             - 'italic' (m/it) with NFSS spec.:
(fontspec)             <->s*[1]"[LinBiolinum_RI.otf]:mode=node;script=latn;lang
uage=dflt;+tlig;+pnum;+onum;"
(fontspec)             - 'italic small caps'  (m/scit) with NFSS spec.:
(fontspec)             <->s*[1]"[LinBiolinum_RI.otf]:mode=node;script=latn;lang
uage=dflt;+tlig;+pnum;+onum;+smcp;"
(fontspec)             - 'bold italic' (b/it) with NFSS spec.:
(fontspec)             <->s*[1]"[LinBiolinum_RBO.otf]:mode=node;script=latn;lan
guage=dflt;+tlig;+pnum;+onum;"
(fontspec)             - 'bold italic small caps'  (b/scit) with NFSS spec.:
(fontspec)             <->s*[1]"[LinBiolinum_RBO.otf]:mode=node;script=latn;lan
guage=dflt;+tlig;+pnum;+onum;+smcp;"


Package fontspec Info: Font family 'LinLibertine(1)' created for font
(fontspec)             'LinLibertine' with options [Ligatures = TeX,Extension
(fontspec)             = .otf,SmallCapsFeatures={Letters=SmallCaps},Numbers =
(fontspec)             {Proportional,OldStyle},Scale = 1,UprightFont =
(fontspec)             *_R,ItalicFont = *_RI,BoldFont = *_RB,BoldItalicFont =
(fontspec)             *_RBI].
(fontspec)              
(fontspec)              This font family consists of the following NFSS
(fontspec)             series/shapes:
(fontspec)              
(fontspec)             - 'normal' (m/n) with NFSS spec.:
(fontspec)             <->s*[1]"[LinLibertine_R.otf]:mode=node;script=latn;lang
uage=dflt;+tlig;+pnum;+onum;"
(fontspec)             - 'small caps'  (m/sc) with NFSS spec.:
(fontspec)             <->s*[1]"[LinLibertine_R.otf]:mode=node;script=latn;lang
uage=dflt;+tlig;+pnum;+onum;+smcp;"
(fontspec)             - 'bold' (b/n) with NFSS spec.:
(fontspec)             <->s*[1]"[LinLibertine_RB.otf]:mode=node;script=latn;lan
guage=dflt;+tlig;+pnum;+onum;"
(fontspec)             - 'bold small caps'  (b/sc) with NFSS spec.:
(fontspec)             <->s*[1]"[LinLibertine_RB.otf]:mode=node;script=latn;lan
guage=dflt;+tlig;+pnum;+onum;+smcp;"
(fontspec)             - 'italic' (m/it) with NFSS spec.:
(fontspec)             <->s*[1]"[LinLibertine_RI.otf]:mode=node;script=latn;lan
guage=dflt;+tlig;+pnum;+onum;"
(fontspec)             - 'italic small caps'  (m/scit) with NFSS spec.:
(fontspec)             <->s*[1]"[LinLibertine_RI.otf]:mode=node;script=latn;lan
guage=dflt;+tlig;+pnum;+onum;+smcp;"
(fontspec)             - 'bold italic' (b/it) with NFSS spec.:
(fontspec)             <->s*[1]"[LinLibertine_RBI.otf]:mode=node;script=latn;la
nguage=dflt;+tlig;+pnum;+onum;"
(fontspec)             - 'bold italic small caps'  (b/scit) with NFSS spec.:
(fontspec)             <->s*[1]"[LinLibertine_RBI.otf]:mode=node;script=latn;la
nguage=dflt;+tlig;+pnum;+onum;+smcp;"


Package fontspec Info: Font family 'LinLibertine(2)' created for font
(fontspec)             'LinLibertine' with options [Ligatures = TeX,Extension
(fontspec)             = .otf,SmallCapsFeatures={Letters=SmallCaps},Numbers =
(fontspec)             { Proportional, OldStyle},Scale = 1,UprightFont =
(fontspec)             *_RZ,ItalicFont = *_RZI,BoldFont = *_RB,BoldItalicFont
(fontspec)             = *_RBI].
(fontspec)              
(fontspec)              This font family consists of the following NFSS
(fontspec)             series/shapes:
(fontspec)              
(fontspec)             - 'normal' (m/n) with NFSS spec.:
(fontspec)             <->s*[1]"[LinLibertine_RZ.otf]:mode=node;script=latn;lan
guage=dflt;+tlig;+pnum;+onum;"
(fontspec)             - 'small caps'  (m/sc) with NFSS spec.:
(fontspec)             <->s*[1]"[LinLibertine_RZ.otf]:mode=node;script=latn;lan
guage=dflt;+tlig;+pnum;+onum;+smcp;"
(fontspec)             - 'bold' (b/n) with NFSS spec.:
(fontspec)             <->s*[1]"[LinLibertine_RB.otf]:mode=node;script=latn;lan
guage=dflt;+tlig;+pnum;+onum;"
(fontspec)             - 'bold small caps'  (b/sc) with NFSS spec.:
(fontspec)             <->s*[1]"[LinLibertine_RB.otf]:mode=node;script=latn;lan
guage=dflt;+tlig;+pnum;+onum;+smcp;"
(fontspec)             - 'italic' (m/it) with NFSS spec.:
(fontspec)             <->s*[1]"[LinLibertine_RZI.otf]:mode=node;script=latn;la
nguage=dflt;+tlig;+pnum;+onum;"
(fontspec)             - 'italic small caps'  (m/scit) with NFSS spec.:
(fontspec)             <->s*[1]"[LinLibertine_RZI.otf]:mode=node;script=latn;la
nguage=dflt;+tlig;+pnum;+onum;+smcp;"
(fontspec)             - 'bold italic' (b/it) with NFSS spec.:
(fontspec)             <->s*[1]"[LinLibertine_RBI.otf]:mode=node;script=latn;la
nguage=dflt;+tlig;+pnum;+onum;"
(fontspec)             - 'bold italic small caps'  (b/scit) with NFSS spec.:
(fontspec)             <->s*[1]"[LinLibertine_RBI.otf]:mode=node;script=latn;la
nguage=dflt;+tlig;+pnum;+onum;+smcp;"


Package fontspec Info: Font family 'LinLibertine(3)' created for font
(fontspec)             'LinLibertine' with options [Ligatures = TeX,Extension
(fontspec)             = .otf,SmallCapsFeatures={Letters=SmallCaps},Numbers =
(fontspec)             {Proportional,Lining},Scale = 1,UprightFont =
(fontspec)             *_R,ItalicFont = *_RI,BoldFont = *_RB,BoldItalicFont =
(fontspec)             *_RBI].
(fontspec)              
(fontspec)              This font family consists of the following NFSS
(fontspec)             series/shapes:
(fontspec)              
(fontspec)             - 'normal' (m/n) with NFSS spec.:
(fontspec)             <->s*[1]"[LinLibertine_R.otf]:mode=node;script=latn;lang
uage=dflt;+tlig;+pnum;+lnum;"
(fontspec)             - 'small caps'  (m/sc) with NFSS spec.:
(fontspec)             <->s*[1]"[LinLibertine_R.otf]:mode=node;script=latn;lang
uage=dflt;+tlig;+pnum;+lnum;+smcp;"
(fontspec)             - 'bold' (b/n) with NFSS spec.:
(fontspec)             <->s*[1]"[LinLibertine_RB.otf]:mode=node;script=latn;lan
guage=dflt;+tlig;+pnum;+lnum;"
(fontspec)             - 'bold small caps'  (b/sc) with NFSS spec.:
(fontspec)             <->s*[1]"[LinLibertine_RB.otf]:mode=node;script=latn;lan
guage=dflt;+tlig;+pnum;+lnum;+smcp;"
(fontspec)             - 'italic' (m/it) with NFSS spec.:
(fontspec)             <->s*[1]"[LinLibertine_RI.otf]:mode=node;script=latn;lan
guage=dflt;+tlig;+pnum;+lnum;"
(fontspec)             - 'italic small caps'  (m/scit) with NFSS spec.:
(fontspec)             <->s*[1]"[LinLibertine_RI.otf]:mode=node;script=latn;lan
guage=dflt;+tlig;+pnum;+lnum;+smcp;"
(fontspec)             - 'bold italic' (b/it) with NFSS spec.:
(fontspec)             <->s*[1]"[LinLibertine_RBI.otf]:mode=node;script=latn;la
nguage=dflt;+tlig;+pnum;+lnum;"
(fontspec)             - 'bold italic small caps'  (b/scit) with NFSS spec.:
(fontspec)             <->s*[1]"[LinLibertine_RBI.otf]:mode=node;script=latn;la
nguage=dflt;+tlig;+pnum;+lnum;+smcp;"

luaotfload | aux : font no 36 (nil) does not define feature smcp for script latn
 with language dflt

Package fontspec Info: Font family 'LinLibertine(4)' created for font
(fontspec)             'LinLibertine' with options [Ligatures = TeX,Extension
(fontspec)             = .otf,SmallCapsFeatures={Letters=SmallCaps},Numbers =
(fontspec)             {Proportional,OldStyle},UprightFont = *_DR,ItalicFont =
(fontspec)             *_RI,BoldFont = *_RB,BoldItalicFont = *_RBI].
(fontspec)              
(fontspec)              This font family consists of the following NFSS
(fontspec)             series/shapes:
(fontspec)              
(fontspec)             - 'normal' (m/n) with NFSS spec.:
(fontspec)             <->"[LinLibertine_DR.otf]:mode=node;script=latn;language
=dflt;+tlig;+pnum;+onum;"
(fontspec)             - 'small caps'  (m/sc) with NFSS spec.: 
(fontspec)             - 'bold' (b/n) with NFSS spec.:
(fontspec)             <->"[LinLibertine_RB.otf]:mode=node;script=latn;language
=dflt;+tlig;+pnum;+onum;"
(fontspec)             - 'bold small caps'  (b/sc) with NFSS spec.:
(fontspec)             <->"[LinLibertine_RB.otf]:mode=node;script=latn;language
=dflt;+tlig;+pnum;+onum;+smcp;"
(fontspec)             - 'italic' (m/it) with NFSS spec.:
(fontspec)             <->"[LinLibertine_RI.otf]:mode=node;script=latn;language
=dflt;+tlig;+pnum;+onum;"
(fontspec)             - 'italic small caps'  (m/scit) with NFSS spec.:
(fontspec)             <->"[LinLibertine_RI.otf]:mode=node;script=latn;language
=dflt;+tlig;+pnum;+onum;+smcp;"
(fontspec)             - 'bold italic' (b/it) with NFSS spec.:
(fontspec)             <->"[LinLibertine_RBI.otf]:mode=node;script=latn;languag
e=dflt;+tlig;+pnum;+onum;"
(fontspec)             - 'bold italic small caps'  (b/scit) with NFSS spec.:
(fontspec)             <->"[LinLibertine_RBI.otf]:mode=node;script=latn;languag
e=dflt;+tlig;+pnum;+onum;+smcp;"


Package fontspec Info: Font family 'LinBiolinum(1)' created for font
(fontspec)             'LinBiolinum' with options [Ligatures = TeX,Extension =
(fontspec)             .otf,SmallCapsFeatures={Letters=SmallCaps},Numbers =
(fontspec)             {Proportional, OldStyle},Scale = 1,UprightFont =
(fontspec)             *_R,ItalicFont = *_RI,BoldFont = *_RB,BoldItalicFont =
(fontspec)             *_RBO].
(fontspec)              
(fontspec)              This font family consists of the following NFSS
(fontspec)             series/shapes:
(fontspec)              
(fontspec)             - 'normal' (m/n) with NFSS spec.:
(fontspec)             <->s*[1]"[LinBiolinum_R.otf]:mode=node;script=latn;langu
age=dflt;+tlig;+pnum;+onum;"
(fontspec)             - 'small caps'  (m/sc) with NFSS spec.:
(fontspec)             <->s*[1]"[LinBiolinum_R.otf]:mode=node;script=latn;langu
age=dflt;+tlig;+pnum;+onum;+smcp;"
(fontspec)             - 'bold' (b/n) with NFSS spec.:
(fontspec)             <->s*[1]"[LinBiolinum_RB.otf]:mode=node;script=latn;lang
uage=dflt;+tlig;+pnum;+onum;"
(fontspec)             - 'bold small caps'  (b/sc) with NFSS spec.:
(fontspec)             <->s*[1]"[LinBiolinum_RB.otf]:mode=node;script=latn;lang
uage=dflt;+tlig;+pnum;+onum;+smcp;"
(fontspec)             - 'italic' (m/it) with NFSS spec.:
(fontspec)             <->s*[1]"[LinBiolinum_RI.otf]:mode=node;script=latn;lang
uage=dflt;+tlig;+pnum;+onum;"
(fontspec)             - 'italic small caps'  (m/scit) with NFSS spec.:
(fontspec)             <->s*[1]"[LinBiolinum_RI.otf]:mode=node;script=latn;lang
uage=dflt;+tlig;+pnum;+onum;+smcp;"
(fontspec)             - 'bold italic' (b/it) with NFSS spec.:
(fontspec)             <->s*[1]"[LinBiolinum_RBO.otf]:mode=node;script=latn;lan
guage=dflt;+tlig;+pnum;+onum;"
(fontspec)             - 'bold italic small caps'  (b/scit) with NFSS spec.:
(fontspec)             <->s*[1]"[LinBiolinum_RBO.otf]:mode=node;script=latn;lan
guage=dflt;+tlig;+pnum;+onum;+smcp;"


Package fontspec Info: Font family 'LinBiolinum(2)' created for font
(fontspec)             'LinBiolinum' with options [Ligatures = TeX,Extension =
(fontspec)             .otf,SmallCapsFeatures={Letters=SmallCaps},Numbers =
(fontspec)             {Proportional, Lining},Scale = 1,UprightFont =
(fontspec)             *_R,ItalicFont = *_RI,BoldFont = *_RB,BoldItalicFont =
(fontspec)             *_RBO].
(fontspec)              
(fontspec)              This font family consists of the following NFSS
(fontspec)             series/shapes:
(fontspec)              
(fontspec)             - 'normal' (m/n) with NFSS spec.:
(fontspec)             <->s*[1]"[LinBiolinum_R.otf]:mode=node;script=latn;langu
age=dflt;+tlig;+pnum;+lnum;"
(fontspec)             - 'small caps'  (m/sc) with NFSS spec.:
(fontspec)             <->s*[1]"[LinBiolinum_R.otf]:mode=node;script=latn;langu
age=dflt;+tlig;+pnum;+lnum;+smcp;"
(fontspec)             - 'bold' (b/n) with NFSS spec.:
(fontspec)             <->s*[1]"[LinBiolinum_RB.otf]:mode=node;script=latn;lang
uage=dflt;+tlig;+pnum;+lnum;"
(fontspec)             - 'bold small caps'  (b/sc) with NFSS spec.:
(fontspec)             <->s*[1]"[LinBiolinum_RB.otf]:mode=node;script=latn;lang
uage=dflt;+tlig;+pnum;+lnum;+smcp;"
(fontspec)             - 'italic' (m/it) with NFSS spec.:
(fontspec)             <->s*[1]"[LinBiolinum_RI.otf]:mode=node;script=latn;lang
uage=dflt;+tlig;+pnum;+lnum;"
(fontspec)             - 'italic small caps'  (m/scit) with NFSS spec.:
(fontspec)             <->s*[1]"[LinBiolinum_RI.otf]:mode=node;script=latn;lang
uage=dflt;+tlig;+pnum;+lnum;+smcp;"
(fontspec)             - 'bold italic' (b/it) with NFSS spec.:
(fontspec)             <->s*[1]"[LinBiolinum_RBO.otf]:mode=node;script=latn;lan
guage=dflt;+tlig;+pnum;+lnum;"
(fontspec)             - 'bold italic small caps'  (b/scit) with NFSS spec.:
(fontspec)             <->s*[1]"[LinBiolinum_RBO.otf]:mode=node;script=latn;lan
guage=dflt;+tlig;+pnum;+lnum;+smcp;"

luaotfload | aux : font no 39 (nil) does not define feature smcp for script latn
 with language dflt
luaotfload | aux : font no 40 (nil) does not define feature smcp for script latn
 with language dflt
luaotfload | aux : font no 41 (nil) does not define feature smcp for script latn
 with language dflt
luaotfload | aux : font no 42 (nil) does not define feature smcp for script latn
 with language dflt

Package fontspec Info: Font family 'LinLibertine(5)' created for font
(fontspec)             'LinLibertine' with options [Extension =
(fontspec)             .otf,HyphenChar=None,WordSpace={1,0,0},HyphenChar=None,P
unctuationSpace=WordSpace,Scale
(fontspec)             = 1,UprightFont = *_M,ItalicFont = *_MO,BoldFont =
(fontspec)             *_MB,BoldItalicFont = *_MBO].
(fontspec)              
(fontspec)              This font family consists of the following NFSS
(fontspec)             series/shapes:
(fontspec)              
(fontspec)             - 'normal' (m/n) with NFSS spec.:
(fontspec)             <->s*[1]"[LinLibertine_M.otf]:mode=node;script=latn;lang
uage=dflt;"
(fontspec)             - 'small caps'  (m/sc) with NFSS spec.: 
(fontspec)             and font adjustment code:
(fontspec)             \fontdimen 2\font =1\fontdimen 2\font \fontdimen 3\font
(fontspec)             =0\fontdimen 3\font \fontdimen 4\font =0\fontdimen
(fontspec)             4\font \fontdimen 7\font =0\fontdimen 2\font
(fontspec)             \tex_hyphenchar:D \font =-1\scan_stop:
(fontspec)             \tex_hyphenchar:D \font =-1\scan_stop: 
(fontspec)             - 'bold' (b/n) with NFSS spec.:
(fontspec)             <->s*[1]"[LinLibertine_MB.otf]:mode=node;script=latn;lan
guage=dflt;"
(fontspec)             - 'bold small caps'  (b/sc) with NFSS spec.: 
(fontspec)             and font adjustment code:
(fontspec)             \fontdimen 2\font =1\fontdimen 2\font \fontdimen 3\font
(fontspec)             =0\fontdimen 3\font \fontdimen 4\font =0\fontdimen
(fontspec)             4\font \fontdimen 7\font =0\fontdimen 2\font
(fontspec)             \tex_hyphenchar:D \font =-1\scan_stop:
(fontspec)             \tex_hyphenchar:D \font =-1\scan_stop: 
(fontspec)             - 'italic' (m/it) with NFSS spec.:
(fontspec)             <->s*[1]"[LinLibertine_MO.otf]:mode=node;script=latn;lan
guage=dflt;"
(fontspec)             - 'italic small caps'  (m/scit) with NFSS spec.: 
(fontspec)             and font adjustment code:
(fontspec)             \fontdimen 2\font =1\fontdimen 2\font \fontdimen 3\font
(fontspec)             =0\fontdimen 3\font \fontdimen 4\font =0\fontdimen
(fontspec)             4\font \fontdimen 7\font =0\fontdimen 2\font
(fontspec)             \tex_hyphenchar:D \font =-1\scan_stop:
(fontspec)             \tex_hyphenchar:D \font =-1\scan_stop: 
(fontspec)             - 'bold italic' (b/it) with NFSS spec.:
(fontspec)             <->s*[1]"[LinLibertine_MBO.otf]:mode=node;script=latn;la
nguage=dflt;"
(fontspec)             - 'bold italic small caps'  (b/scit) with NFSS spec.: 
(fontspec)             and font adjustment code:
(fontspec)             \fontdimen 2\font =1\fontdimen 2\font \fontdimen 3\font
(fontspec)             =0\fontdimen 3\font \fontdimen 4\font =0\fontdimen
(fontspec)             4\font \fontdimen 7\font =0\fontdimen 2\font
(fontspec)             \tex_hyphenchar:D \font =-1\scan_stop:
(fontspec)             \tex_hyphenchar:D \font =-1\scan_stop: 

luaotfload | aux : font no 39 (nil) does not define feature smcp for script latn
 with language dflt
luaotfload | aux : font no 40 (nil) does not define feature smcp for script latn
 with language dflt
luaotfload | aux : font no 41 (nil) does not define feature smcp for script latn
 with language dflt
luaotfload | aux : font no 42 (nil) does not define feature smcp for script latn
 with language dflt

Package fontspec Info: Font family 'LinLibertine(6)' created for font
(fontspec)             'LinLibertine' with options [Extension =
(fontspec)             .otf,HyphenChar=None,Scale = 1,UprightFont =
(fontspec)             *_M,ItalicFont = *_MO,BoldFont = *_MB,BoldItalicFont =
(fontspec)             *_MBO].
(fontspec)              
(fontspec)              This font family consists of the following NFSS
(fontspec)             series/shapes:
(fontspec)              
(fontspec)             - 'normal' (m/n) with NFSS spec.:
(fontspec)             <->s*[1]"[LinLibertine_M.otf]:mode=node;script=latn;lang
uage=dflt;"
(fontspec)             - 'small caps'  (m/sc) with NFSS spec.: 
(fontspec)             and font adjustment code:
(fontspec)             \tex_hyphenchar:D \font =-1\scan_stop: 
(fontspec)             - 'bold' (b/n) with NFSS spec.:
(fontspec)             <->s*[1]"[LinLibertine_MB.otf]:mode=node;script=latn;lan
guage=dflt;"
(fontspec)             - 'bold small caps'  (b/sc) with NFSS spec.: 
(fontspec)             and font adjustment code:
(fontspec)             \tex_hyphenchar:D \font =-1\scan_stop: 
(fontspec)             - 'italic' (m/it) with NFSS spec.:
(fontspec)             <->s*[1]"[LinLibertine_MO.otf]:mode=node;script=latn;lan
guage=dflt;"
(fontspec)             - 'italic small caps'  (m/scit) with NFSS spec.: 
(fontspec)             and font adjustment code:
(fontspec)             \tex_hyphenchar:D \font =-1\scan_stop: 
(fontspec)             - 'bold italic' (b/it) with NFSS spec.:
(fontspec)             <->s*[1]"[LinLibertine_MBO.otf]:mode=node;script=latn;la
nguage=dflt;"
(fontspec)             - 'bold italic small caps'  (b/scit) with NFSS spec.: 
(fontspec)             and font adjustment code:
(fontspec)             \tex_hyphenchar:D \font =-1\scan_stop: 


Package fontspec Info: Font family 'LinBiolinum_K(0)' created for font
(fontspec)             'LinBiolinum_K' with options [Extension =
(fontspec)             .otf,HyphenChar=None,BoldFont={},ItalicFont={},SmallCaps
Font={}].
(fontspec)              
(fontspec)              This font family consists of the following NFSS
(fontspec)             series/shapes:
(fontspec)              
(fontspec)             - 'normal' (m/n) with NFSS spec.:
(fontspec)             <->"[LinBiolinum_K.otf]:mode=node;script=latn;language=d
flt;"
(fontspec)             - 'small caps'  (m/sc) with NFSS spec.: 
(fontspec)             and font adjustment code:
(fontspec)             \tex_hyphenchar:D \font =-1\scan_stop: 


Package fontspec Info: Font family 'LinLibertine_I(0)' created for font
(fontspec)             'LinLibertine_I' with options [Extension =
(fontspec)             .otf,HyphenChar=None,BoldFont={},ItalicFont={},SmallCaps
Font={}].
(fontspec)              
(fontspec)              This font family consists of the following NFSS
(fontspec)             series/shapes:
(fontspec)              
(fontspec)             - 'normal' (m/n) with NFSS spec.:
(fontspec)             <->"[LinLibertine_I.otf]:mode=node;script=latn;language=
dflt;"
(fontspec)             - 'small caps'  (m/sc) with NFSS spec.: 
(fontspec)             and font adjustment code:
(fontspec)             \tex_hyphenchar:D \font =-1\scan_stop: 

LaTeX Info: Redefining \oldstylenums on input line 473.
LaTeX Info: Redefining \liningnums on input line 474.

(c:/texlive/2023/texmf-dist/tex/latex/libertine/LinLibertine_R.tex)
(c:/texlive/2023/texmf-dist/tex/latex/libertine/LinBiolinum_R.tex)
(c:/texlive/2023/texmf-dist/tex/latex/libertine/LinBiolinum_K.tex)
(c:/texlive/2023/texmf-dist/tex/latex/libertine/LinLibertine_I.tex)
(c:/texlive/2023/texmf-dist/tex/latex/libertine/LKey.tex))
(c:/texlive/2023/texmf-dist/tex/lualatex/gregoriotex/gregoriotex.sty
Package: gregoriotex 2021/03/13 v6.0.0 GregorioTeX system.

(c:/texlive/2023/texmf-dist/tex/latex/xcolor/xcolor.sty
Package: xcolor 2023/11/15 v3.01 LaTeX color extensions (UK)

(c:/texlive/2023/texmf-dist/tex/latex/graphics-cfg/color.cfg
File: color.cfg 2016/01/02 v1.6 sample color configuration
)
Package xcolor Info: Driver file: luatex.def on input line 274.

(c:/texlive/2023/texmf-dist/tex/latex/graphics-def/luatex.def
File: luatex.def 2022/09/22 v1.2d Graphics/color driver for luatex
)
(c:/texlive/2023/texmf-dist/tex/latex/graphics/mathcolor.ltx)
Package xcolor Info: Model `cmy' substituted by `cmy0' on input line 1350.
Package xcolor Info: Model `hsb' substituted by `rgb' on input line 1354.
Package xcolor Info: Model `RGB' extended on input line 1366.
Package xcolor Info: Model `HTML' substituted by `rgb' on input line 1368.
Package xcolor Info: Model `Hsb' substituted by `hsb' on input line 1369.
Package xcolor Info: Model `tHsb' substituted by `hsb' on input line 1370.
Package xcolor Info: Model `HSB' substituted by `hsb' on input line 1371.
Package xcolor Info: Model `Gray' substituted by `gray' on input line 1372.
Package xcolor Info: Model `wave' substituted by `hsb' on input line 1373.
)
(c:/texlive/2023/texmf-dist/tex/latex/luacolor/luacolor.sty
Package: luacolor 2023-08-18 v1.18 Color support via LuaTeX's attributes (HO)
Inserting `luacolor.process' in `pre_shipout_filter'.
\LuaCol@Attribute=\attribute4
)
(c:/texlive/2023/texmf-dist/tex/latex/kvoptions/kvoptions.sty
Package: kvoptions 2022-06-15 v3.15 Key value format for package options (HO)

(c:/texlive/2023/texmf-dist/tex/generic/ltxcmds/ltxcmds.sty
Package: ltxcmds 2020-05-10 v1.25 LaTeX kernel commands for general use (HO)
)
(c:/texlive/2023/texmf-dist/tex/latex/kvsetkeys/kvsetkeys.sty
Package: kvsetkeys 2022-10-05 v1.19 Key value parser (HO)
))
(c:/texlive/2023/texmf-dist/tex/latex/graphics/graphicx.sty
Package: graphicx 2021/09/16 v1.2d Enhanced LaTeX Graphics (DPC,SPQR)

(c:/texlive/2023/texmf-dist/tex/latex/graphics/graphics.sty
Package: graphics 2022/03/10 v1.4e Standard LaTeX Graphics (DPC,SPQR)

(c:/texlive/2023/texmf-dist/tex/latex/graphics/trig.sty
Package: trig 2021/08/11 v1.11 sin cos tan (DPC)
)
(c:/texlive/2023/texmf-dist/tex/latex/graphics-cfg/graphics.cfg
File: graphics.cfg 2016/06/04 v1.11 sample graphics configuration
)
Package graphics Info: Driver file: luatex.def on input line 107.
)
\Gin@req@height=\dimen144
\Gin@req@width=\dimen145
)
(c:/texlive/2023/texmf-dist/tex/luatex/luatexbase/luatexbase.sty
Package: luatexbase 2015/10/04 v1.3 luatexbase interface to LuaTeX 

(c:/texlive/2023/texmf-dist/tex/luatex/ctablestack/ctablestack.sty
Package: ctablestack 2015/10/01 v1.0 Catcode table stable support
\@catcodetablestackcnt=\count272
)
\CatcodeTableOther=\catcodetable14
\CatcodeTableExpl=\catcodetable15
)
(c:/texlive/2023/texmf-dist/tex/luatex/luamplib/luamplib.sty
Package: luamplib 2023/08/21 v2.25.1 mplib package for LuaTeX
Lua module: luamplib 2023/08/21 2.25.1 Lua package to typeset Metapost with LuaT
eX's MPLib.
\mplibtmptoks=\toks19
\mplibscratchbox=\box52
)
(c:/texlive/2023/texmf-dist/tex/generic/xstring/xstring.sty
(c:/texlive/2023/texmf-dist/tex/generic/xstring/xstring.tex
\xs_counta=\count273
\xs_countb=\count274
)
Package: xstring 2023/08/22 v1.86 String manipulations (CT)
)
(c:/texlive/2023/texmf-dist/tex/luatex/gregoriotex/gregoriotex-main.tex
(c:/texlive/2023/texmf-dist/tex/luatex/gregoriotex/gregoriotex-common.tex)
\gre@attr@dash=\attribute5
\gre@attr@center=\attribute6
\GreScoreId=\attribute7
\gre@attr@glyph@id=\attribute8
\gre@attr@glyph@top=\attribute9
\gre@attr@glyph@bottom=\attribute10
\gre@attr@syllable@id=\attribute11
\gre@atletter=\catcodetable16
Lua module: gregoriotex 2021/03/13 6.0.0 GregorioTeX module.
Custom whatsit marker = 1
Module gregoriotex Info: marker whatsit id is 1 on input line 121

(ofiarowanie.gaux)
Module gregoriotex Info: Reading ofiarowanie.gaux on input line 125
Inserting `gregoriotex.write_greaux' in `finish_pdffile'.
\gre@gaux=\write3
\gre@read@temp=\read2
\gre@factor=\count275

(c:/texlive/2023/texmf-dist/tex/luatex/gregoriotex/gregoriotex-spaces.tex
\gre@saved@prescore@hyphenpenalty=\count276
\gre@saved@prescore@exhyphenpenalty=\count277
\gre@saved@prescore@exhyphenchar=\count278
\gre@saved@prescore@doublehyphendemerits=\count279
\gre@saved@prescore@finalhyphendemerits=\count280
\gre@saved@prescore@brokenpenalty=\count281
\gre@saved@prescore@looseness=\count282
\gre@saved@prescore@tolerance=\count283
\gre@saved@prescore@pretolerance=\count284
\gre@saved@prescore@emergencystretch=\skip50
\gre@saved@prescore@widowpenalty=\count285
\gre@saved@prescore@clubpenalty=\count286
\gre@saved@prescore@parskip=\skip51
\gre@saved@prescore@lineskip=\skip52
\gre@saved@prescore@baselineskip=\skip53
\gre@saved@prescore@lineskiplimit=\skip54
\gre@dimen@textlower=\dimen146
\gre@dimen@stafflinewidth=\dimen147
\gre@dimen@linewidth=\dimen148
\gre@dimen@stafflineheight=\dimen149
\gre@dimen@interstafflinespace=\dimen150
\gre@dimen@stafflinediff=\dimen151
\gre@dimen@constantglyphraise=\dimen152
\gre@dimen@staffheight=\dimen153
\gre@skip@syllablefinalskip=\skip55
\gre@skip@minTextDistance=\skip56
\gre@skip@minNotesDistance=\skip57
\gre@dimen@curTextDistance=\dimen154
\gre@dimen@curNotesDistance=\dimen155
\gre@skip@minShiftText=\skip58
\gre@skip@minShiftNotes=\skip59
\gre@dimen@bolshift=\dimen156
\gre@dimen@bolextra=\dimen157
\gre@dimen@clefwidth@current=\dimen158
\gre@dimen@clefwidth@largest=\dimen159
\gre@dimen@clefwidth@bol=\dimen160
\gre@dimen@eolshift=\dimen161
\gre@dimen@glyphraisevalue=\dimen162
\gre@dimen@additionalbottomspace=\dimen163
\gre@dimen@additionaltopspace=\dimen164
\gre@dimen@additionaltopspacealt=\dimen165
\gre@dimen@additionaltopspacenabc=\dimen166
\gre@space@count@additionaltopspacethreshold=\count287
\gre@space@count@additionaltopspacealtthreshold=\count288
\gre@space@count@additionaltopspacenabcthreshold=\count289
\gre@space@count@noteadditionalspacelinestextthreshold=\count290
\gre@saved@prediscretionary@dimen@additionalbottomspace=\dimen167
\gre@saved@prediscretionary@dimen@additionaltopspace=\dimen168
\gre@saved@prediscretionary@dimen@additionaltopspacealt=\dimen169
\gre@saved@prediscretionary@dimen@additionaltopspacenabc=\dimen170
\gre@saved@prediscretionary@dimen@currenttranslationheight=\dimen171
\gre@saved@prediscretionary@dimen@textlower=\dimen172
\gre@saved@prediscretionary@dimen@currentabovelinestextheight=\dimen173
\gre@saved@prediscretionary@dimen@constantglyphraise=\dimen174
\gre@dimen@textaligncenter=\dimen175
\gre@dimen@enddifference=\dimen176
\gre@dimen@previousenddifference=\dimen177
\gre@dimen@currenttranslationheight=\dimen178
\gre@skip@nextbegindifference=\skip60
\gre@dimen@annotationtrueraise=\dimen179
\gre@dimen@commentarytrueraise=\dimen180
\gre@skip@bar@requirement=\skip61
\gre@skip@bar@allocation=\skip62
\gre@dimen@bar@shift=\dimen181
\gre@skip@text@requirement=\skip63
\gre@skip@text@allocation=\skip64
\gre@dimen@text@shift=\dimen182
\gre@dimen@adjustedpreviousenddifference=\dimen183
\gre@skip@adjustednextbegindifference=\dimen184
\gre@skip@punctummorashift=\skip65
\gre@skip@alterationshift=\skip66
\gre@dimen@begindifference=\dimen185
\gre@dimen@lastglyphwidth=\dimen186
\gre@dimen@notesaligncenter=\dimen187
\gre@dimen@additionalleftspace=\dimen188
\gre@dimen@initialwidth=\dimen189
\gre@dimen@currentabovelinestextheight=\dimen190
\gre@dimen@temp@one=\dimen191
\gre@dimen@temp@two=\dimen192
\gre@dimen@temp@three=\dimen193
\gre@dimen@temp@four=\dimen194
\gre@dimen@temp@five=\dimen195
\gre@skip@temp@one=\skip67
\gre@skip@temp@two=\skip68
\gre@skip@temp@three=\skip69
\gre@skip@temp@four=\skip70
\gre@count@temp@one=\count291
\gre@count@temp@two=\count292
\gre@count@temp@three=\count293
\gre@space@count@newlinepenalty=\count294
\gre@space@count@nobreakpenalty=\count295
\gre@space@count@endofwordpenalty=\count296
\gre@space@count@endofsyllablepenalty=\count297
\gre@space@count@endafterbarpenalty=\count298
\gre@space@count@endafterbaraltpenalty=\count299
\gre@space@count@finalpenalty=\count300
\gre@space@count@endofelementpenalty=\count301
\gre@space@count@hyphenpenalty=\count302
\gre@space@count@brokenpenalty=\count303
\gre@space@count@looseness=\count304
\gre@space@count@tolerance=\count305
\gre@space@count@pretolerance=\count306
\gre@space@count@widowpenalty=\count307
\gre@space@count@clubpenalty=\count308
\greconffactor=\count309
)
\gre@box@temp@width=\box53
\gre@box@initial=\box54
\gre@biginitial=\count310
\gre@knownline=\count311
\gre@box@annotation=\box55
\gre@box@add=\box56
\gre@box@old=\box57
\gre@count@annotationvalign=\count312
\gre@box@commentary=\box58
\gre@box@lines=\box59
Module gregoriotex Info: Registering variant font greciliae as gre@font@variant@
A. on input line 987
Module gregoriotex Info: Registering variant font greciliae-hollow as gre@font@v
ariant@B. on input line 987
Module gregoriotex Info: Registering variant font greciliae-hole as gre@font@var
iant@C. on input line 987
luaotfload | cache : Lookup cache loaded from C:/texlive/2023/texmf-var/luatex-c
ache/generic/names/luaotfload-lookup-cache.luc.
Module gregoriotex Info: Mapping font greciliae on input line 992
Module gregoriotex Info: Mapping font greciliae-hollow on input line 992
Module gregoriotex Info: Mapping font greciliae-hole on input line 992

(c:/texlive/2023/texmf-dist/tex/luatex/gregoriotex/gregoriotex-chars.tex
\gre@box@hep=\box60
)
(c:/texlive/2023/texmf-dist/tex/luatex/gregoriotex/gregoriotex-signs.tex
\gre@box@temp@clef=\box61
\gre@box@temp@cleftwo=\box62
\greslurheight=\dimen196
\gre@box@temp@sign=\box63
\gre@count@shiftaftermora=\count313
\gre@dimen@morawidth=\dimen197
\gre@skip@bar@lastskip=\skip71
\gre@count@lastglyphiscavum=\count314
)
(c:/texlive/2023/texmf-dist/tex/luatex/gregoriotex/gregoriotex-syllable.tex
\gre@generate@pointandclick=\count315
\gre@box@syllablenotes=\box64
\gre@box@syllabletext=\box65
\gre@clivisalignment=\count316
\gre@count@unbreakabletotalnotes=\count317
\gre@count@unbreakableinitialnotes=\count318
\gre@count@unbreakablefinalnotes=\count319
\gre@count@syllablenotes=\count320
)
\gre@variableheightexpansion=\count321
\gre@lastoflinecount=\count322
\gre@saved@prenlba@nobreakpenalty=\count323
\gre@saved@prenlba@endofwordpenalty=\count324
\gre@saved@prenlba@endofsyllablepenalty=\count325
\gre@saved@prenlba@endafterbarpenalty=\count326
\gre@saved@prenlba@endafterbaraltpenalty=\count327
\gre@saved@prenlba@endofelementpenalty=\count328
\gre@saved@prenlba@hyphenpenalty=\count329
\gre@lasteuouaeindex=\count330

(c:/texlive/2023/texmf-dist/tex/luatex/gregoriotex/gregoriotex-symbols.tex
Module gregoriotex Info: Registering variant font greextra as gre@font@variant@D
. on input line 53
)
\gre@dimen@stafflinethicknessbase=\dimen198
\gre@dimen@glyphraisebase=\dimen199
\gre@dimen@interstafflinedistancebase=\dimen256
\gre@dimen@inclinatumonlinemoravshiftbase=\dimen257
\gre@dimen@inclinatumonlinemorahshiftbase=\dimen258
\gre@dimen@inclinatumofflinemorahshiftbase=\dimen259

(c:/texlive/2023/texmf-dist/tex/luatex/gregoriotex/gregoriotex-gsp-default.tex) (c:/texlive/2023/texmf-dist/tex/luatex/gregoriotex/gregoriotex-nabc.tex)))
(c:/texlive/2023/texmf-dist/tex/generic/babel/babel.sty
Package: babel 2023/11/11 v3.97 The Babel package

(c:/texlive/2023/texmf-dist/tex/generic/babel/luababel.def
\bbl@readstream=\read3
\l@dumylang=\language2
Package babel Info: Non-standard hyphenation setup on input line 118.
\l@nohyphenation=\language3
\l@vietnamese=\language4
\l@hebrew=\language5
\l@german-x-2023-03-06=\language6
\l@ngerman-x-2023-03-06=\language7
\l@afrikaans=\language8
\l@ancientgreek=\language9
\l@ibycus=\language10
\l@arabic=\language11
\l@armenian=\language12
\l@basque=\language13
\l@belarusian=\language14
\l@bulgarian=\language15
\l@catalan=\language16
\l@pinyin=\language17
\l@churchslavonic=\language18
\l@coptic=\language19
\l@croatian=\language20
\l@czech=\language21
\l@danish=\language22
\l@dutch=\language23
\l@ukenglish=\language24
\l@usenglishmax=\language25
\l@esperanto=\language26
\l@estonian=\language27
\l@ethiopic=\language28
\l@farsi=\language29
\l@finnish=\language30
\l@schoolfinnish=\language31
\l@french=\language32
\l@friulan=\language33
\l@galician=\language34
\l@georgian=\language35
\l@german=\language36
\l@ngerman=\language37
\l@swissgerman=\language38
\l@greek=\language39
\l@monogreek=\language40
\l@hungarian=\language41
\l@icelandic=\language42
\l@assamese=\language43
\l@bengali=\language44
\l@gujarati=\language45
\l@hindi=\language46
\l@kannada=\language47
\l@malayalam=\language48
\l@marathi=\language49
\l@oriya=\language50
\l@pali=\language51
\l@panjabi=\language52
\l@tamil=\language53
\l@telugu=\language54
\l@indonesian=\language55
\l@interlingua=\language56
\l@irish=\language57
\l@italian=\language58
\l@kurmanji=\language59
\l@classiclatin=\language60
\l@latin=\language61
\l@liturgicallatin=\language62
\l@latvian=\language63
\l@lithuanian=\language64
\l@macedonian=\language65
\l@mongolian=\language66
\l@mongolianlmc=\language67
\l@bokmal=\language68
\l@nynorsk=\language69
\l@occitan=\language70
\l@piedmontese=\language71
\l@polish=\language72
\l@portuguese=\language73
\l@romanian=\language74
\l@romansh=\language75
\l@russian=\language76
\l@sanskrit=\language77
\l@serbian=\language78
\l@serbianc=\language79
\l@slovak=\language80
\l@slovenian=\language81
\l@spanish=\language82
\l@swedish=\language83
\l@thai=\language84
\l@turkish=\language85
\l@turkmen=\language86
\l@ukrainian=\language87
\l@uppersorbian=\language88
\l@welsh=\language89
\babelcatcodetablenum=\catcodetable17
\bbl@pattcodes=\catcodetable18
)
\babel@savecnt=\count331
\U@D=\dimen260
\l@unhyphenated=\language90

(c:/texlive/2023/texmf-dist/tex/generic/babel/luababel.def
\bbl@attr@locale=\attribute12
)
(c:/texlive/2023/texmf-dist/tex/generic/babel-polish/polish.ldf
Language: polish 2022/03/12 1.3 Babel support for Polish
Package babel Info: Making " an active character on input line 101.

(c:/texlive/2023/texmf-dist/tex/generic/hyph-utf8/loadhyph/loadhyph-pl.tex
UTF-8 Polish hyphenation patterns
(c:/texlive/2023/texmf-dist/tex/generic/hyph-utf8/patterns/tex/hyph-pl.tex))))
(c:/texlive/2023/texmf-dist/tex/generic/babel/locale/pl/babel-polish.tex
Package babel Info: Importing font and identification data for polish
(babel)             from babel-pl.ini. Reported on input line 11.
)
(c:/texlive/2023/texmf-dist/tex/latex/base/fontenc.sty
Package: fontenc 2021/04/29 v2.0v Standard LaTeX package
LaTeX Font Info:    Trying to load font information for T1+LinLibertine(0) on i
nput line 112.
LaTeX Font Info:    No file T1LinLibertine(0).fd. on input line 112.


LaTeX Font Warning: Font shape `T1/LinLibertine(0)/m/n' undefined
(Font)              using `T1/cmr/m/n' instead on input line 112.

) (c:/texlive/2023/texmf-dist/tex/latex/csquotes/csquotes.sty
Package: csquotes 2022-09-14 v5.2n context-sensitive quotations (JAW)

(c:/texlive/2023/texmf-dist/tex/latex/etoolbox/etoolbox.sty
Package: etoolbox 2020/10/05 v2.5k e-TeX tools for LaTeX (JAW)
\etb@tempcnta=\count332
)
\csq@reset=\count333
\csq@gtype=\count334
\csq@glevel=\count335
\csq@qlevel=\count336
\csq@maxlvl=\count337
\csq@tshold=\count338
\csq@ltx@everypar=\toks20

(c:/texlive/2023/texmf-dist/tex/latex/csquotes/csquotes.def
File: csquotes.def 2022-09-14 v5.2n csquotes generic definitions (JAW)
)
Package csquotes Info: Trying to load configuration file 'csquotes.cfg'...
Package csquotes Info: ... configuration file loaded successfully.

(c:/texlive/2023/texmf-dist/tex/latex/csquotes/csquotes.cfg
File: csquotes.cfg 
)
Package csquotes Info: Enabling multilingual quotes.
)
(c:/texlive/2023/texmf-dist/tex/latex/lipsum/lipsum.sty
(c:/texlive/2023/texmf-dist/tex/latex/l3packages/l3keys2e/l3keys2e.sty
Package: l3keys2e 2023-10-10 LaTeX2e option processing using LaTeX3 keys
)
Package: lipsum 2021-09-20 v2.7 150 paragraphs of Lorem Ipsum dummy text
\g__lipsum_par_int=\count339
\l__lipsum_a_int=\count340
\l__lipsum_b_int=\count341

(c:/texlive/2023/texmf-dist/tex/latex/lipsum/lipsum.ltd.tex))
(c:/texlive/2023/texmf-dist/tex/latex/geometry/geometry.sty
Package: geometry 2020/01/02 v5.9 Page Geometry

(c:/texlive/2023/texmf-dist/tex/generic/iftex/ifvtex.sty
Package: ifvtex 2019/10/25 v1.7 ifvtex legacy package. Use iftex instead.
)
\Gm@cnth=\count342
\Gm@cntv=\count343
\c@Gm@tempcnt=\count344
\Gm@bindingoffset=\dimen261
\Gm@wd@mp=\dimen262
\Gm@odd@mp=\dimen263
\Gm@even@mp=\dimen264
\Gm@layoutwidth=\dimen265
\Gm@layoutheight=\dimen266
\Gm@layouthoffset=\dimen267
\Gm@layoutvoffset=\dimen268
\Gm@dimlist=\toks21
)
(c:/texlive/2023/texmf-dist/tex/latex/titlesec/titlesec.sty
Package: titlesec 2023/10/27 v2.16 Sectioning titles
\ttl@box=\box66
\beforetitleunit=\skip72
\aftertitleunit=\skip73
\ttl@plus=\dimen269
\ttl@minus=\dimen270
\ttl@toksa=\toks22
\titlewidth=\dimen271
\titlewidthlast=\dimen272
\titlewidthfirst=\dimen273
)
luaotfload | aux : font no 55 (nil) defines no feature for script latn
luaotfload | aux : font no 55 (nil) defines no feature for script dflt

Package fontspec Info: Font family 'BookAntiqua(0)' created for font 'Book
(fontspec)             Antiqua' with options [Ligatures=TeX].
(fontspec)              
(fontspec)              This font family consists of the following NFSS
(fontspec)             series/shapes:
(fontspec)              
(fontspec)             - 'normal' (m/n) with NFSS spec.:
(fontspec)             <->"BookAntiqua:mode=node;language=dflt;+tlig;"
(fontspec)             - 'small caps'  (m/sc) with NFSS spec.: 
(fontspec)             - 'bold' (b/n) with NFSS spec.:
(fontspec)             <->"BookAntiqua/B:mode=node;language=dflt;+tlig;"
(fontspec)             - 'bold small caps'  (b/sc) with NFSS spec.: 
(fontspec)             - 'italic' (m/it) with NFSS spec.:
(fontspec)             <->"BookAntiqua/I:mode=node;language=dflt;+tlig;"
(fontspec)             - 'italic small caps'  (m/scit) with NFSS spec.: 
(fontspec)             - 'bold italic' (b/it) with NFSS spec.:
(fontspec)             <->"BookAntiqua/BI:mode=node;language=dflt;+tlig;"
(fontspec)             - 'bold italic small caps'  (b/scit) with NFSS spec.: 


(c:/texlive/2023/texmf-dist/tex/latex/pdfpages/pdfpages.sty
Package: pdfpages 2022/12/19 v0.5x Insert pages of external PDF documents (AM)

(c:/texlive/2023/texmf-dist/tex/latex/base/ifthen.sty
Package: ifthen 2022/04/13 v1.1d Standard LaTeX ifthen package (DPC)
)
(c:/texlive/2023/texmf-dist/tex/latex/tools/calc.sty
Package: calc 2023/07/08 v4.3 Infix arithmetic (KKT,FJ)
\calc@Acount=\count345
\calc@Bcount=\count346
\calc@Adimen=\dimen274
\calc@Bdimen=\dimen275
\calc@Askip=\skip74
\calc@Bskip=\skip75
LaTeX Info: Redefining \setlength on input line 80.
LaTeX Info: Redefining \addtolength on input line 81.
\calc@Ccount=\count347
\calc@Cskip=\skip76
)
(c:/texlive/2023/texmf-dist/tex/latex/eso-pic/eso-pic.sty
Package: eso-pic 2023/05/03 v3.0c eso-pic (RN)
\ESO@tempdima=\dimen276
\ESO@tempdimb=\dimen277
)
\AM@pagewidth=\dimen278
\AM@pageheight=\dimen279
\AM@fboxrule=\dimen280

(c:/texlive/2023/texmf-dist/tex/latex/pdfpages/ppluatex.def
File: ppluatex.def 2022/12/19 v0.5x Pdfpages driver for LuaTeX (AM)
)
\pdfpages@includegraphics@status=\count348
\AM@pagebox=\box67
\AM@global@opts=\toks23
\AM@pagecnt=\count349
\AM@toc@title=\toks24
\AM@lof@heading=\toks25
\c@AM@survey=\count350
\AM@templatesizebox=\box68
)
(c:/texlive/2023/texmf-dist/tex/latex/setspace/setspace.sty
Package: setspace 2022/12/04 v6.7b set line spacing
) (./commands.tex)
(./style.tex
*geometry* verbose mode - [ newgeometry ] result:
* driver: 
* paper: a5paper
* layout: <same size as paper>
* layoutoffset:(h,v)=(0.0pt,0.0pt)
* modes: twoside 
* h-part:(L,W,R)=(48.36967pt, 349.96892pt, 22.76219pt)
* v-part:(T,H,B)=(56.9055pt, 483.69687pt, 56.9055pt)
* \paperwidth=421.10078pt
* \paperheight=597.50787pt
* \textwidth=349.96892pt
* \textheight=483.69687pt
* \oddsidemargin=-23.90031pt
* \evensidemargin=-49.5078pt
* \topmargin=-45.43198pt
* \headheight=12.0pt
* \headsep=18.06749pt
* \topskip=10.0pt
* \footskip=25.29494pt
* \marginparwidth=51.0pt
* \marginparsep=7.0pt
* \columnsep=10.0pt
* \skip\footins=9.0pt plus 4.0pt minus 2.0pt
* \hoffset=0.0pt
* \voffset=0.0pt
* \mag=1000
* \@twocolumnfalse
* \@twosidetrue
* \@mparswitchtrue
* \@reversemarginfalse
* (1in=72.27pt=25.4mm, 1cm=28.453pt)

Module gregoriotex Info: greciliae : gre@font@variant@A : rescaling greciliae to
 1500000.0 on input line 36
Module gregoriotex Info: greciliae-hole : gre@font@variant@C : rescaling grecili
ae-hole to 1500000.0 on input line 36
Module gregoriotex Info: greciliae-hollow : gre@font@variant@B : rescaling greci
liae-hollow to 1500000.0 on input line 36
Module gregoriotex Info: capturing header sigla using grecommentary[2mm], string
=nil, name=nil on input line 41
)
Package csquotes Info: Checking for multilingual support...
Package csquotes Info: ... found 'babel' package.
(./ofiarowanie.aux)
\openout1 = ofiarowanie.aux

LaTeX Font Info:    Checking defaults for OML/cmm/m/it on input line 31.
LaTeX Font Info:    ... okay on input line 31.
LaTeX Font Info:    Checking defaults for OMS/cmsy/m/n on input line 31.
LaTeX Font Info:    ... okay on input line 31.
LaTeX Font Info:    Checking defaults for OT1/cmr/m/n on input line 31.
LaTeX Font Info:    ... okay on input line 31.
LaTeX Font Info:    Checking defaults for T1/cmr/m/n on input line 31.
LaTeX Font Info:    ... okay on input line 31.
LaTeX Font Info:    Checking defaults for TS1/cmr/m/n on input line 31.
LaTeX Font Info:    Trying to load font information for TS1+cmr on input line 3
1.
 (c:/texlive/2023/texmf-dist/tex/latex/base/ts1cmr.fd
File: ts1cmr.fd 2023/04/13 v2.5m Standard LaTeX font definitions
)
LaTeX Font Info:    ... okay on input line 31.
LaTeX Font Info:    Checking defaults for TU/lmr/m/n on input line 31.
LaTeX Font Info:    ... okay on input line 31.
LaTeX Font Info:    Checking defaults for OMX/cmex/m/n on input line 31.
LaTeX Font Info:    ... okay on input line 31.
LaTeX Font Info:    Checking defaults for U/cmr/m/n on input line 31.
LaTeX Font Info:    ... okay on input line 31.

Package fontspec Info: Adjusting the maths setup (use [no-math] to avoid
(fontspec)             this).

\symlegacymaths=\mathgroup4
LaTeX Font Info:    Overwriting symbol font `legacymaths' in version `bold'
(Font)                  OT1/cmr/m/n --> OT1/cmr/bx/n on input line 31.
LaTeX Font Info:    Redeclaring math accent \acute on input line 31.
LaTeX Font Info:    Redeclaring math accent \grave on input line 31.
LaTeX Font Info:    Redeclaring math accent \ddot on input line 31.
LaTeX Font Info:    Redeclaring math accent \tilde on input line 31.
LaTeX Font Info:    Redeclaring math accent \bar on input line 31.
LaTeX Font Info:    Redeclaring math accent \breve on input line 31.
LaTeX Font Info:    Redeclaring math accent \check on input line 31.
LaTeX Font Info:    Redeclaring math accent \hat on input line 31.
LaTeX Font Info:    Redeclaring math accent \dot on input line 31.
LaTeX Font Info:    Redeclaring math accent \mathring on input line 31.
LaTeX Font Info:    Redeclaring math symbol \colon on input line 31.
LaTeX Font Info:    Redeclaring math symbol \Gamma on input line 31.
LaTeX Font Info:    Redeclaring math symbol \Delta on input line 31.
LaTeX Font Info:    Redeclaring math symbol \Theta on input line 31.
LaTeX Font Info:    Redeclaring math symbol \Lambda on input line 31.
LaTeX Font Info:    Redeclaring math symbol \Xi on input line 31.
LaTeX Font Info:    Redeclaring math symbol \Pi on input line 31.
LaTeX Font Info:    Redeclaring math symbol \Sigma on input line 31.
LaTeX Font Info:    Redeclaring math symbol \Upsilon on input line 31.
LaTeX Font Info:    Redeclaring math symbol \Phi on input line 31.
LaTeX Font Info:    Redeclaring math symbol \Psi on input line 31.
LaTeX Font Info:    Redeclaring math symbol \Omega on input line 31.
LaTeX Font Info:    Redeclaring math symbol \mathdollar on input line 31.
LaTeX Font Info:    Redeclaring symbol font `operators' on input line 31.
LaTeX Font Info:    Encoding `OT1' has changed to `TU' for symbol font
(Font)              `operators' in the math version `normal' on input line 31.
LaTeX Font Info:    Overwriting symbol font `operators' in version `normal'
(Font)                  OT1/cmr/m/n --> TU/BookAntiqua(0)/m/n on input line 31.

LaTeX Font Info:    Encoding `OT1' has changed to `TU' for symbol font
(Font)              `operators' in the math version `bold' on input line 31.
LaTeX Font Info:    Overwriting symbol font `operators' in version `bold'
(Font)                  OT1/cmr/bx/n --> TU/BookAntiqua(0)/m/n on input line 31
.
LaTeX Font Info:    Overwriting symbol font `operators' in version `normal'
(Font)                  TU/BookAntiqua(0)/m/n --> TU/BookAntiqua(0)/m/n on inpu
t line 31.
LaTeX Font Info:    Overwriting math alphabet `\mathit' in version `normal'
(Font)                  OT1/cmr/m/it --> TU/BookAntiqua(0)/m/it on input line 3
1.
LaTeX Font Info:    Overwriting math alphabet `\mathbf' in version `normal'
(Font)                  OT1/cmr/bx/n --> TU/BookAntiqua(0)/b/n on input line 31
.
LaTeX Font Info:    Overwriting math alphabet `\mathsf' in version `normal'
(Font)                  OT1/cmss/m/n --> TU/LinBiolinum(0)/m/n on input line 31
.
LaTeX Font Info:    Overwriting math alphabet `\mathtt' in version `normal'
(Font)                  OT1/cmtt/m/n --> TU/LinLibertine(5)/m/n on input line 3
1.
LaTeX Font Info:    Overwriting symbol font `operators' in version `bold'
(Font)                  TU/BookAntiqua(0)/m/n --> TU/BookAntiqua(0)/b/n on inpu
t line 31.
LaTeX Font Info:    Overwriting math alphabet `\mathit' in version `bold'
(Font)                  OT1/cmr/bx/it --> TU/BookAntiqua(0)/b/it on input line 
31.
LaTeX Font Info:    Overwriting math alphabet `\mathsf' in version `bold'
(Font)                  OT1/cmss/bx/n --> TU/LinBiolinum(0)/b/n on input line 3
1.
LaTeX Font Info:    Overwriting math alphabet `\mathtt' in version `bold'
(Font)                  OT1/cmtt/m/n --> TU/LinLibertine(5)/b/n on input line 3
1.

(c:/texlive/2023/texmf-dist/tex/context/base/mkii/supp-pdf.mkii
[Loading MPS to PDF converter (version 2006.09.02).]
\scratchcounter=\count351
\scratchdimen=\dimen281
\scratchbox=\box69
\nofMPsegments=\count352
\nofMParguments=\count353
\everyMPshowfont=\toks26
\MPscratchCnt=\count354
\MPscratchDim=\dimen282
\MPnumerator=\count355
\makeMPintoPDFobject=\count356
\everyMPtoPDFconversion=\toks27
) (c:/texlive/2023/texmf-dist/tex/latex/epstopdf-pkg/epstopdf-base.sty
Package: epstopdf-base 2020-01-24 v2.11 Base part for package epstopdf
Package epstopdf-base Info: Redefining graphics rule for `.eps' on input line 4
85.

(c:/texlive/2023/texmf-dist/tex/latex/latexconfig/epstopdf-sys.cfg
File: epstopdf-sys.cfg 2010/07/13 v1.3 Configuration of (r)epstopdf for TeX Liv
e
))
*geometry* driver: auto-detecting
*geometry* detected driver: luatex
*geometry* verbose mode - [ preamble ] result:
* driver: luatex
* paper: a5paper
* layout: <same size as paper>
* layoutoffset:(h,v)=(0.0pt,0.0pt)
* modes: twoside 
* h-part:(L,W,R)=(48.36967pt, 349.96892pt, 22.76219pt)
* v-part:(T,H,B)=(56.9055pt, 483.69687pt, 56.9055pt)
* \paperwidth=421.10078pt
* \paperheight=597.50787pt
* \textwidth=349.96892pt
* \textheight=483.69687pt
* \oddsidemargin=-23.90031pt
* \evensidemargin=-49.5078pt
* \topmargin=-45.43198pt
* \headheight=12.0pt
* \headsep=18.06749pt
* \topskip=10.0pt
* \footskip=25.29494pt
* \marginparwidth=51.0pt
* \marginparsep=7.0pt
* \columnsep=10.0pt
* \skip\footins=9.0pt plus 4.0pt minus 2.0pt
* \hoffset=0.0pt
* \voffset=0.0pt
* \mag=1000
* \@twocolumnfalse
* \@twosidetrue
* \@mparswitchtrue
* \@reversemarginfalse
* (1in=72.27pt=25.4mm, 1cm=28.453pt)

(c:/texlive/2023/texmf-dist/tex/latex/pdflscape/pdflscape.sty
Package: pdflscape 2022-10-27 v0.13 Display of landscape pages in PDF

(c:/texlive/2023/texmf-dist/tex/latex/pdflscape/pdflscape-nometadata.sty
Package: pdflscape-nometadata 2022-10-28 v0.13 Display of landscape pages in PD
F (HO)

(c:/texlive/2023/texmf-dist/tex/latex/graphics/lscape.sty
Package: lscape 2020/05/28 v3.02 Landscape Pages (DPC)
)
Package pdflscape Info: Auto-detected driver: pdftex on input line 81.
))
(./sections/stałe/modlitwy_wstepne.tex
Module gregoriotex Info: Looking in  on input line 3
Module gregoriotex Info: Found GABC/deus_in_adjutorium_1.gabc directly on input 
line 3
Module gregoriotex Info: Looking in  on input line 3
Module gregoriotex Info: Found GABC/deus_in_adjutorium_1-6_0_0.gtex directly on 
input line 3
 (./GABC/deus_in_adjutorium_1-6_0_0.gtex
Removing  `luaotfload.harf.finalize_vlist' from `post_linebreak_filter'.
Inserting `gregoriotex.post_linebreak' in `post_linebreak_filter'.
Inserting `luaotfload.harf.finalize_vlist' in `post_linebreak_filter'.
Inserting `gregoriotex.disable_hyphenation' in `hyphenate'.
Underfull \hbox (badness 10000) in paragraph at lines 6--104
[]
 []

Removing  `gregoriotex.post_linebreak' from `post_linebreak_filter'.
Removing  `gregoriotex.disable_hyphenation' from `hyphenate'.)
Module gregoriotex Info: Looking in  on input line 5
Module gregoriotex Info: Found GABC/deus_in_adjutorium_2.gabc directly on input 
line 5
Module gregoriotex Info: Looking in  on input line 5
Module gregoriotex Info: Found GABC/deus_in_adjutorium_2-6_0_0.gtex directly on 
input line 5
 (./GABC/deus_in_adjutorium_2-6_0_0.gtex
Removing  `luaotfload.harf.finalize_vlist' from `post_linebreak_filter'.
Inserting `gregoriotex.post_linebreak' in `post_linebreak_filter'.
Inserting `luaotfload.harf.finalize_vlist' in `post_linebreak_filter'.
Inserting `gregoriotex.disable_hyphenation' in `hyphenate'.
Underfull \hbox (badness 1325) in paragraph at lines 6--432
[][] [][][][][][] [][][][][][] [][][] [][][] [][][][][][][][][] [][][][][][] []
 []  [][][] [][][] [][][][][][] [][][] [][][][][][][][][] [] [] []
 []


Underfull \hbox (badness 1472) in paragraph at lines 6--432
[][][][] [][][][][][][][][] [][][] [][][][][][] [] []  [][][] [][][] [][][] [][
][] [][][][][][][][][] [][][] [][][] [][][] [][][][][][] [] [] []
 []


Underfull \hbox (badness 10000) in paragraph at lines 6--432
[]
 []

Removing  `gregoriotex.post_linebreak' from `post_linebreak_filter'.
Removing  `gregoriotex.disable_hyphenation' from `hyphenate'.)

! LaTeX Error: There's no line here to end.

See the LaTeX manual or LaTeX Companion for explanation.
Type  H <return>  for immediate help.
 ...                                              
                                                  
l.9 \vfill
        
Your command was ignored.
Type  I <command> <return>  to replace it with another command,
or  <return>  to continue without it.

<Ryciny/Mszał/galazki.jpg, id=1, 200.75pt x 189.70876pt>
File: Ryciny/Mszał/galazki.jpg Graphic file (type jpg)
<use Ryciny/Mszał/galazki.jpg>
Package luatex.def Info: Ryciny/Mszał/galazki.jpg  used on input line 11.
(luatex.def)             Requested size: 130.486pt x 123.3179pt.
LaTeX Font Info:    External font `cmex7' loaded for size
(Font)              <7> on input line 31.
LaTeX Font Info:    External font `cmex7' loaded for size
(Font)              <5> on input line 31.

Underfull \hbox (badness 10000) in paragraph at lines 31--31

 []


Underfull \hbox (badness 10000) in paragraph at lines 31--31

 []


Underfull \hbox (badness 10000) in paragraph at lines 31--31

 []


Underfull \hbox (badness 10000) in paragraph at lines 31--31

 []


Underfull \hbox (badness 10000) in paragraph at lines 31--31

 []

LaTeX Font Info:    Font shape `TU/BookAntiqua(0)/m/sl' in size <10> not availa
ble
(Font)              Font shape `TU/BookAntiqua(0)/m/it' tried instead on input 
line 32.
[1{c:/texlive/2023/texmf-var/fonts/map/pdftex/updmap/pdftex.map}


<./Ryciny/Mszał/galazki.jpg>]
<Ryciny/Mszał/nspj5.jpg, id=11, 883.3pt x 269.005pt>
File: Ryciny/Mszał/nspj5.jpg Graphic file (type jpg)
<use Ryciny/Mszał/nspj5.jpg>
Package luatex.def Info: Ryciny/Mszał/nspj5.jpg  used on input line 36.
(luatex.def)             Requested size: 286.06544pt x 87.11772pt.
)
Module gregoriotex Info: Looking in  on input line 37
Module gregoriotex Info: Found GABC/Wlasne/purificationis_hymn.gabc directly on 
input line 37
Module gregoriotex Info: Looking in  on input line 37
Module gregoriotex Info: Found GABC/Wlasne/purificationis_hymn-6_0_0.gtex direct
ly on input line 37
 (./GABC/Wlasne/purificationis_hymn-6_0_0.gtex
Removing  `luaotfload.harf.finalize_vlist' from `post_linebreak_filter'.
Inserting `gregoriotex.post_linebreak' in `post_linebreak_filter'.
Inserting `luaotfload.harf.finalize_vlist' in `post_linebreak_filter'.
Inserting `gregoriotex.disable_hyphenation' in `hyphenate'.
Underfull \hbox (badness 4378) in paragraph at lines 7--1333
[][][][] [][][] [][][] [][][] [] [] [][][] [][][][][][] [] [] [][][] [] []  [][
][] [][][][][][] [][][] [][][] [] [] [][][][][][] [][][] [] [][] []
 []


Underfull \hbox (badness 2635) in paragraph at lines 7--1333
[][][][] [][][][][][] [][][][][] [] [] [][][] [][][][][][][][][] [] []  [][][] 
[][][] [][][][][][] [] [] [][][] [][][] [][][] [][][] [] [] []
 []


Underfull \hbox (badness 1715) in paragraph at lines 7--1333
[][][][] [][][][][][] [][][] [] [] [][][] [][][] [][][] [] [] [][][] [] []  [][
][] [][][][][][] [][][][][][] [] [] [][][] [][][] [][][] [] [][] []
 []


Underfull \hbox (badness 1389) in paragraph at lines 7--1333
[][][][] [][][] [][][] [][][][][] [] [] [][][] [][][] [][][][][][] [] []  [][][
] [][][] [][][][][][] [] [] [][][] [][][][][][] [][][] [] [] []
 []


Underfull \hbox (badness 10000) in paragraph at lines 7--1333
[]
 []

[2<./Ryciny/Mszał/nspj5.jpg>]
Removing  `gregoriotex.post_linebreak' from `post_linebreak_filter'.
Removing  `gregoriotex.disable_hyphenation' from `hyphenate'.) [3]
Module gregoriotex Info: Looking in  on input line 41
Module gregoriotex Info: Found GABC/Wlasne/sancta_dei_genitrix.gabc directly on 
input line 41
Module gregoriotex Info: Looking in  on input line 41
Module gregoriotex Info: Found GABC/Wlasne/sancta_dei_genitrix-6_0_0.gtex direct
ly on input line 41

(./GABC/Wlasne/sancta_dei_genitrix-6_0_0.gtex
Removing  `luaotfload.harf.finalize_vlist' from `post_linebreak_filter'.
Inserting `gregoriotex.post_linebreak' in `post_linebreak_filter'.
Inserting `luaotfload.harf.finalize_vlist' in `post_linebreak_filter'.
Inserting `gregoriotex.disable_hyphenation' in `hyphenate'.
Underfull \hbox (badness 10000) in paragraph at lines 7--422
 []  [][][] [][][] [][][] [] [][]  [][][][][][] [][][] [][][] [] []  [][][][][]
[][][] [][][][][][] [][][] [][][] [][][] [][][] [] [] []
 []


Underfull \hbox (badness 10000) in paragraph at lines 7--422
[][][][][][][] [][][] [] []  [][][] [][][] [][][] [] []  [][][] [][][][][][] []
 []  [][][][][][] [][][][][][][][][] [] [][] []
 []


Underfull \hbox (badness 10000) in paragraph at lines 7--422
[][][][] [][][] [][][][][][][][][] [][][][][][] [][][][][][][][][][][][][][] []
 [][]  [][][] [][][] [][][] [][][] [][][] [][][] [] [][] 
 []


Underfull \hbox (badness 10000) in paragraph at lines 7--422
[]
 []

Removing  `gregoriotex.post_linebreak' from `post_linebreak_filter'.
Removing  `gregoriotex.disable_hyphenation' from `hyphenate'.)

! LaTeX Error: Undefined tab position.

See the LaTeX manual or LaTeX Companion for explanation.
Type  H <return>  for immediate help.
 ...                                              
                                                  
l.68         \end{tabbing}}
                         
You're in trouble here.  Try typing  <return>  to proceed.
If that doesn't work, type  X <return>  to quit.


! LaTeX Error: Undefined tab position.

See the LaTeX manual or LaTeX Companion for explanation.
Type  H <return>  for immediate help.
 ...                                              
                                                  
l.95         \end{tabbing}}
                         
You're in trouble here.  Try typing  <return>  to proceed.
If that doesn't work, type  X <return>  to quit.

[4

]
Module gregoriotex Info: Looking in  on input line 98
Module gregoriotex Info: Found GABC/Wlasne/sancta_dei_genitrix.gabc directly on 
input line 98
Module gregoriotex Info: Looking in  on input line 98
Module gregoriotex Info: Found GABC/Wlasne/sancta_dei_genitrix-6_0_0.gtex direct
ly on input line 98
 (./GABC/Wlasne/sancta_dei_genitrix-6_0_0.gtex
Removing  `luaotfload.harf.finalize_vlist' from `post_linebreak_filter'.
Inserting `gregoriotex.post_linebreak' in `post_linebreak_filter'.
Inserting `luaotfload.harf.finalize_vlist' in `post_linebreak_filter'.
Inserting `gregoriotex.disable_hyphenation' in `hyphenate'.
Underfull \hbox (badness 10000) in paragraph at lines 7--422
 []  [][][] [][][] [][][] [] [][]  [][][][][][] [][][] [][][] [] []  [][][][][]
[][][] [][][][][][] [][][] [][][] [][][] [][][] [] [] []
 []


Underfull \hbox (badness 10000) in paragraph at lines 7--422
[][][][][][][] [][][] [] []  [][][] [][][] [][][] [] []  [][][] [][][][][][] []
 []  [][][][][][] [][][][][][][][][] [] [][] []
 []


Underfull \hbox (badness 10000) in paragraph at lines 7--422
[][][][] [][][] [][][][][][][][][] [][][][][][] [][][][][][][][][][][][][][] []
 [][]  [][][] [][][] [][][] [][][] [][][] [][][] [] [][] 
 []


Underfull \hbox (badness 10000) in paragraph at lines 7--422
[]
 []

Removing  `gregoriotex.post_linebreak' from `post_linebreak_filter'.
Removing  `gregoriotex.disable_hyphenation' from `hyphenate'.)
Module gregoriotex Info: Looking in  on input line 103
Module gregoriotex Info: Found GABC/Czytania/nd.gabc directly on input line 103
Module gregoriotex Info: Looking in  on input line 103
Module gregoriotex Info: Found GABC/Czytania/nd-6_0_0.gtex directly on input lin
e 103
 (./GABC/Czytania/nd-6_0_0.gtex
Removing  `luaotfload.harf.finalize_vlist' from `post_linebreak_filter'.
Inserting `gregoriotex.post_linebreak' in `post_linebreak_filter'.
Inserting `luaotfload.harf.finalize_vlist' in `post_linebreak_filter'.
Inserting `gregoriotex.disable_hyphenation' in `hyphenate'.
Underfull \hbox (badness 10000) in paragraph at lines 7--579
[] [] [][] [][][][][][] [][][][][][] [][][][][][] [][][][][][][][][] [][][][][]
[] [][][][][][] [][][] [] [] []
 []


Underfull \hbox (badness 4441) in paragraph at lines 7--579
[][][][] [][][] [][][] [][][][][][] [][][] [][][] [][][] [][][] [] []  [][][] [
][][][][][] [][][] [][][][][][] [][][] [][][][][][] [] [] []
 []


Underfull \hbox (badness 10000) in paragraph at lines 7--579
[][][][] [][][] [][][][][][][][][] [][][] [][][][][][] [][][][][][] [][][] [][]
[][][][] [][][][][][] [] [] []
 []


Underfull \hbox (badness 10000) in paragraph at lines 7--579
[]
 []

[5]
Removing  `gregoriotex.post_linebreak' from `post_linebreak_filter'.
Removing  `gregoriotex.disable_hyphenation' from `hyphenate'.) (./sections/sta
łe/responsorium.tex
Module gregoriotex Info: Looking in  on input line 8
Module gregoriotex Info: Found GABC/in_manus.gabc directly on input line 8
Module gregoriotex Info: Looking in  on input line 8
Module gregoriotex Info: Found GABC/in_manus-6_0_0.gtex directly on input line 8

Module gregoriotex Info: GABC/in_manus.gabc has been modified and GABC/in_manus-
6_0_0.gtex needs to be updated. Recompiling the gabc file. on input line 8
Module gregoriotex Info: compiling the score GABC/in_manus.gabc... on input line
 8
Module gregoriotex Info: will use gregorio on input line 8

Module gregoriotex Warning: warning:no name specified, put `name:...;' at the be
ginning of the file, can be dangerous with some output formats on input line 8
Module gregoriotex Warning: *** end of warnings for GABC/in_manus.gabc *** on in
put line 8
(./GABC/in_manus-6_0_0.gtex
Removing  `luaotfload.harf.finalize_vlist' from `post_linebreak_filter'.
Inserting `gregoriotex.post_linebreak' in `post_linebreak_filter'.
Inserting `luaotfload.harf.finalize_vlist' in `post_linebreak_filter'.
Inserting `gregoriotex.disable_hyphenation' in `hyphenate'.
Underfull \hbox (badness 10000) in paragraph at lines 6--663
[][] [][][] [][][] [][][] [][][] [][][][][][] [] []  [][][][][][][][][] [] []  
[][][] [][][] [] []  [][][] [][][][][][] [] [][] []
 []


Underfull \hbox (badness 10000) in paragraph at lines 6--663
[][][][] [][][] [][][] [][][] [][][][][][] [] []  [][][][][][][][][] [] []  [][
][] [][][] [] []  [][][] [][][][][][] [] [][] []
 []


Underfull \hbox (badness 10000) in paragraph at lines 6--663
[][][][] [][][] [][][][][][][][][] [][][] [] []  [][][][][][] [][][] [][][] [][
][][][][] [] [][]  [][][][][][][][][] [] [][] []
 []


Underfull \hbox (badness 10000) in paragraph at lines 6--663
[][][][] [][][] [][][][][][] [] []  [][][] [][][][][][][][][] [] []  [][][] [][
][][][][][][][] [][][] [][][][][][] [] [][] []
 []


Underfull \hbox (badness 10000) in paragraph at lines 6--663
[][][][] [][][] [][][] [][][] [][][][][][] [] []  [][][][][][][][][] [] []  [][
][] [][][] [] []  [][][] [][][][][][] [] [][] 
 []


Underfull \hbox (badness 10000) in paragraph at lines 6--663
[]
 []

Removing  `gregoriotex.post_linebreak' from `post_linebreak_filter'.
Removing  `gregoriotex.disable_hyphenation' from `hyphenate'.)

! LaTeX Error: There's no line here to end.

See the LaTeX manual or LaTeX Companion for explanation.
Type  H <return>  for immediate help.
 ...                                              
                                                  
l.12 
   
Your command was ignored.
Type  I <command> <return>  to replace it with another command,
or  <return>  to continue without it.

[6]
<Ryciny/Mszał/harfa.jpg, id=30, 316.18124pt x 123.46124pt>
File: Ryciny/Mszał/harfa.jpg Graphic file (type jpg)
<use Ryciny/Mszał/harfa.jpg>
Package luatex.def Info: Ryciny/Mszał/harfa.jpg  used on input line 15.
(luatex.def)             Requested size: 185.6916pt x 72.50992pt.
)
Module gregoriotex Info: Looking in  on input line 114
Module gregoriotex Info: Found GABC/Wlasne/nunc_dimittis_inc.gabc directly on in
put line 114
Module gregoriotex Info: Looking in  on input line 114
Module gregoriotex Info: Found GABC/Wlasne/nunc_dimittis_inc-6_0_0.gtex directly
 on input line 114
 (./GABC/Wlasne/nunc_dimittis_inc-6_0_0.gtex
Removing  `luaotfload.harf.finalize_vlist' from `post_linebreak_filter'.
Inserting `gregoriotex.post_linebreak' in `post_linebreak_filter'.
Inserting `luaotfload.harf.finalize_vlist' in `post_linebreak_filter'.
Inserting `gregoriotex.disable_hyphenation' in `hyphenate'.
Underfull \hbox (badness 5345) in paragraph at lines 7--203
 []  [][][] [][][] [][][] [][][] [][][][][][] [] [][]  [][][][][][] [][][][][][
] [][][][][][] [][][][][][] [][][][][][] [][][] [] [] []
 []

Removing  `gregoriotex.post_linebreak' from `post_linebreak_filter'.
Removing  `gregoriotex.disable_hyphenation' from `hyphenate'.) [7<./Ryciny/Msza
ł/harfa.jpg>]
Module gregoriotex Info: Looking in  on input line 117
Module gregoriotex Info: Found GABC/Nunc_dimittis/VII_a.gabc directly on input l
ine 117
Module gregoriotex Info: Looking in  on input line 117
Module gregoriotex Info: Found GABC/Nunc_dimittis/VII_a-6_0_0.gtex directly on i
nput line 117
 (./GABC/Nunc_dimittis/VII_a-6_0_0.gtex
Removing  `luaotfload.harf.finalize_vlist' from `post_linebreak_filter'.
Inserting `gregoriotex.post_linebreak' in `post_linebreak_filter'.
Inserting `luaotfload.harf.finalize_vlist' in `post_linebreak_filter'.
Inserting `gregoriotex.disable_hyphenation' in `hyphenate'.
Underfull \hbox (badness 4886) in paragraph at lines 7--872
 []  [][][] [][][] [][][] [][][] [][][][][][] [][][][][][] [][][][][][] [][][][
][][] [][][][][][] [][][][][][] [][][] [] [] []
 []


Underfull \hbox (badness 10000) in paragraph at lines 7--872
[][][][] [][][] [][][][][][] [][][][][][] [][][][][][] [][][][][][] [][][] [][]
[][][][] [] [][] []
 []


Underfull \hbox (badness 1540) in paragraph at lines 7--872
[][][][][][][] [][][] [][][][][][] [][][][][][] [][][][][][] [] []  [][][] [][]
[] [][][] [][][][][][] [][][][][][] [][][] [][][] [][][] [][][] [] [][] []
 []


Underfull \hbox (badness 10000) in paragraph at lines 7--872
[][][][] [][][] [][][][][][] [][][] [][][][][][][][][] [] []  [][][] [][][][][]
[][][][] [][][] [][][][][][] [] [][] []
 []


Underfull \hbox (badness 10000) in paragraph at lines 7--872
[]
 []

Removing  `gregoriotex.post_linebreak' from `post_linebreak_filter'.
Removing  `gregoriotex.disable_hyphenation' from `hyphenate'.)
Module gregoriotex Info: Looking in  on input line 124
Module gregoriotex Info: Found GABC/Wlasne/nunc_dimittis.gabc directly on input 
line 124
Module gregoriotex Info: Looking in  on input line 124
Module gregoriotex Info: Found GABC/Wlasne/nunc_dimittis-6_0_0.gtex directly on 
input line 124
 (./GABC/Wlasne/nunc_dimittis-6_0_0.gtex
Removing  `luaotfload.harf.finalize_vlist' from `post_linebreak_filter'.
Inserting `gregoriotex.post_linebreak' in `post_linebreak_filter'.
Inserting `luaotfload.harf.finalize_vlist' in `post_linebreak_filter'.
Inserting `gregoriotex.disable_hyphenation' in `hyphenate'.
Underfull \hbox (badness 1102) in paragraph at lines 7--281
 []  [][][] [][][] [][][] [][][] [][][][][][] [] [][]  [][][] [][][] [] []  [][
][][][][] [][][][][][] [][][][][][] [][][] [][][] [][][] [] [] []
 []


Underfull \hbox (badness 10000) in paragraph at lines 7--281
[][][][] [][][] [][][] [][][][][][] [] []  [][][][][][] [][][][] [] []  [][][] 
[][][] [][][][][][] [] [][][] [] [][] 
 []


Underfull \hbox (badness 10000) in paragraph at lines 7--281
[]
 []

Removing  `gregoriotex.post_linebreak' from `post_linebreak_filter'.
Removing  `gregoriotex.disable_hyphenation' from `hyphenate'.) (./sections/sta
łe/modlitwy_końcowe.tex
Module gregoriotex Info: Looking in  on input line 5
Module gregoriotex Info: Found GABC/oracja_koncowa.gabc directly on input line 5

Module gregoriotex Info: Looking in  on input line 5
Module gregoriotex Info: Found GABC/oracja_koncowa-6_0_0.gtex directly on input 
line 5
Module gregoriotex Info: GABC/oracja_koncowa.gabc has been modified and GABC/ora
cja_koncowa-6_0_0.gtex needs to be updated. Recompiling the gabc file. on input 
line 5
Module gregoriotex Info: compiling the score GABC/oracja_koncowa.gabc... on inpu
t line 5

Module gregoriotex Warning: warning:no name specified, put `name:...;' at the be
ginning of the file, can be dangerous with some output formats on input line 5
Module gregoriotex Warning: *** end of warnings for GABC/oracja_koncowa.gabc ***
 on input line 5
(./GABC/oracja_koncowa-6_0_0.gtex
Removing  `luaotfload.harf.finalize_vlist' from `post_linebreak_filter'.
Inserting `gregoriotex.post_linebreak' in `post_linebreak_filter'.
Inserting `luaotfload.harf.finalize_vlist' in `post_linebreak_filter'.
Inserting `gregoriotex.disable_hyphenation' in `hyphenate'.
Underfull \hbox (badness 10000) in paragraph at lines 6--620
[][] [][][][][][] [][][] [] []  [][][][][][] [][][] [][][][][][] [][][][][][] [
][][] [][][] [][][] []
 []


Underfull \hbox (badness 10000) in paragraph at lines 6--620
[][][][] [][][] [][][] [][][] [][][][][][] [][][][][][] [] []  [][][] [][][][][
][] [][][] [][][][][][] [][][] [] [] []
 []


Underfull \hbox (badness 10000) in paragraph at lines 6--620
[][][][] [][][] [][][] [][][][][][][][][][][][][][][] [][][] [][][] [][][][][][
] [][][][][][][][][][][][] [] [] []
 []


Underfull \hbox (badness 10000) in paragraph at lines 6--620
[][][][] [][][][][][] [][][] [][][][][][] [][][][][][][][][] [] [][]  [][][][][
][] [] [][] 
 []


Underfull \hbox (badness 10000) in paragraph at lines 6--620
[]
 []

[8

]
Removing  `gregoriotex.post_linebreak' from `post_linebreak_filter'.
Removing  `gregoriotex.disable_hyphenation' from `hyphenate'.)
Module gregoriotex Info: Looking in  on input line 9
Module gregoriotex Info: Found GABC/noctem.gabc directly on input line 9
Module gregoriotex Info: Looking in  on input line 9
Module gregoriotex Info: Found GABC/noctem-6_0_0.gtex directly on input line 9
 (./GABC/noctem-6_0_0.gtex
Removing  `luaotfload.harf.finalize_vlist' from `post_linebreak_filter'.
Inserting `gregoriotex.post_linebreak' in `post_linebreak_filter'.
Inserting `luaotfload.harf.finalize_vlist' in `post_linebreak_filter'.
Inserting `gregoriotex.disable_hyphenation' in `hyphenate'.
Underfull \hbox (badness 10000) in paragraph at lines 6--225
[][] [][][] [][][] [][][][][][][][][] [][][] [][][] [][][] [][][][][][][][][] [
] [] []
 []


Underfull \hbox (badness 10000) in paragraph at lines 6--225
[][][][] [][][] [][][] [][][][][][][][][] [][][] [][][][][][] [][][][][][] [][]
[] [] [][]  [][][][][][] [] [][] 
 []


Underfull \hbox (badness 10000) in paragraph at lines 6--225
[]
 []

Removing  `gregoriotex.post_linebreak' from `post_linebreak_filter'.
Removing  `gregoriotex.disable_hyphenation' from `hyphenate'.)

LaTeX Warning: Reference `ch:procesja' on page 9 undefined on input line 12.


LaTeX Warning: Reference `ch:antyfony_koncowe' on page 9 undefined on input lin
e 12.

) [9]
Module gregoriotex Info: Looking in  on input line 131
Module gregoriotex Info: Found GABC/Antyfony_koncowe/inviolata_op.gabc directly 
on input line 131
Module gregoriotex Info: Looking in  on input line 131
Module gregoriotex Info: Found GABC/Antyfony_koncowe/inviolata_op-6_0_0.gtex dir
ectly on input line 131
 (./GABC/Antyfony_koncowe/inviolata_op-6_0_0.gtex
Removing  `luaotfload.harf.finalize_vlist' from `post_linebreak_filter'.
Inserting `gregoriotex.post_linebreak' in `post_linebreak_filter'.
Inserting `luaotfload.harf.finalize_vlist' in `post_linebreak_filter'.
Inserting `gregoriotex.disable_hyphenation' in `hyphenate'.
Underfull \hbox (badness 10000) in paragraph at lines 7--1000
 []  [][][] [][][][][][] [][][] [][][] [][][]  []  [][][] [][][][][][] [][][] [
][][][][][] [][][] [][][] [][][] [][][] [] [][] []
 []


Underfull \hbox (badness 10000) in paragraph at lines 7--1000
[][][][] [][][] [][][][][][][][][] [][][][][][] [][][] [][][] [][][] [][][][][]
[] [] [][] []
 []


Underfull \hbox (badness 10000) in paragraph at lines 7--1000
[][][][] [][][] [][][] [][][][][][] [][][] [][][] [][][] [][][] [][][] [][][] [
] [][] []
 []


Underfull \hbox (badness 10000) in paragraph at lines 7--1000
[][][][][][][] [][][] [][][] [][][] [][][][][][] [][][][][][][][][] [][][] [] [
][] []
 []


Underfull \hbox (badness 10000) in paragraph at lines 7--1000
[][][][][][][] [][][] [][][] [][][] [] []  [][][][][][] [][][] [][][] [][][] []
[][][][][] [][][]  [] [][] []
 []


Underfull \hbox (badness 10000) in paragraph at lines 7--1000
[][][][] [][][] [][][] [][][] [][][]  []  [][][][][][] [][][] [][][][][][] [][]
[] [][][] [][][] [] [][] []
 []


Underfull \hbox (badness 10000) in paragraph at lines 7--1000
[][][][] [][][] [][][] [][][] [][][] [][][] [][][][][][] [][][][][][] [] [][] [
]
 []


Underfull \hbox (badness 10000) in paragraph at lines 7--1000
[][][][] [][][] [][][][][][][][][] [][][] [][][] [][][] [][][] [][][][][][] [][
][] [] [][] []
 []


Underfull \hbox (badness 6725) in paragraph at lines 7--1000
[][][][] [][][] [][][] [] [][][] [] [][]  [][][] [][][] [][][] [][][] [][][] []
[][] [][][] [][][] [] [] [] []  [][][][][][] [][][] [] [] [] [] [][][] [] [][] 

 []


Underfull \hbox (badness 10000) in paragraph at lines 7--1000
[]
 []

Removing  `gregoriotex.post_linebreak' from `post_linebreak_filter'.
Removing  `gregoriotex.disable_hyphenation' from `hyphenate'.) [10

] (./ofiarowanie.aux)
 ***********
LaTeX2e <2023-11-01>
L3 programming layer <2023-11-09>
 ***********


LaTeX Font Warning: Some font shapes were not available, defaults substituted.


LaTeX Warning: There were undefined references.

)

Here is how much of LuaTeX's memory you used:
 37022 strings out of 476598
 244182,1977958 words of node,token memory allocated
 3986 words of node memory still in use:
   78 hlist, 13 vlist, 49 rule, 77 glue, 63 kern, 15 glyph, 604 attribute, 65 gl
ue_spec, 79 attribute_list, 2 write, 1 user_defined nodes
   avail lists: 1:1,2:26975,3:3526,4:20,5:5409,6:415,7:5245,8:6,9:6768,10:16,11:
156
 58503 multiletter control sequences out of 65536+600000
 92 fonts using 18916095 bytes
 94i,7n,112p,836b,3414s stack positions out of 10000i,1000n,20000p,200000b,200000s
Module gregoriotex Info: Writing ofiarowanie.gaux on input line 0
Module gregoriotex Warning: Line heights or variable brace lengths may have chan
ged. Rerun to fix. on input line 0
<c:/Windows/Fonts/ANTQUAI.TTF><c:/texlive/2023/texmf-dist/fonts/truetype/public/
gregoriotex/greextra.ttf><c:/texlive/2023/texmf-dist/fonts/truetype/public/grego
riotex/greciliae.ttf><c:/Windows/Fonts/ANTQUAB.TTF><c:/Windows/Fonts/BKANT.TTF><
c:/texlive/2023/texmf-dist/fonts/type1/public/amsfonts/cm/cmmi10.pfb><c:/texlive
/2023/texmf-dist/fonts/type1/public/amsfonts/cm/cmsy10.pfb>
Output written on ofiarowanie.pdf (10 pages, 263735 bytes).

PDF statistics: 81 PDF objects out of 1000 (max. 8388607)
 48 compressed objects within 1 object stream
 0 named destinations out of 1000 (max. 131072)
 1 words of extra memory for PDF output out of 10000 (max. 100000000)

