This is pdfTeX, Version 3.141592653-2.6-1.40.26 (MiKTeX 24.4) (preloaded format=pdflatex 2024.5.27)  1 FEB 2025 19:55
entering extended mode
 restricted \write18 enabled.
 file:line:error style messages enabled.
 %&-line parsing enabled.
**d:/Projekty/LateX/Kompleta_1982/Backup/Śpiewana/ofiarowanie_short.tex
(d:/Projekty/LateX/Kompleta_1982/Backup/Śpiewana/ofiarowanie_short.tex
LaTeX2e <2023-11-01> patch level 1
L3 programming layer <2024-03-14>
(C:\Users\kosik\AppData\Local\Programs\MiKTeX\tex/latex/extsizes\extbook.cls
Document Class: extbook 1999/01/07 v1.4a NON-Standard LaTeX document class
(C:\Users\kosik\AppData\Local\Programs\MiKTeX\tex/latex/base\bk10.clo
File: bk10.clo 2023/05/17 v1.4n Standard LaTeX file (size option)
) (C:\Users\kosik\AppData\Local\Programs\MiKTeX\tex/latex/base\exscale.sty
Package: exscale 2018/09/24 v2.1i Standard LaTeX package exscale
LaTeX Font Info:    Redeclaring symbol font `largesymbols' on input line 57.
LaTeX Font Info:    Overwriting symbol font `largesymbols' in version `normal'
(Font)                  OMX/cmex/m/n --> OMX/cmex/m/n on input line 57.
LaTeX Font Info:    Overwriting symbol font `largesymbols' in version `bold'
(Font)                  OMX/cmex/m/n --> OMX/cmex/m/n on input line 57.
\big@size=\dimen140
)
\c@part=\count188
\c@chapter=\count189
\c@section=\count190
\c@subsection=\count191
\c@subsubsection=\count192
\c@paragraph=\count193
\c@subparagraph=\count194
\c@figure=\count195
\c@table=\count196
\abovecaptionskip=\skip48
\belowcaptionskip=\skip49
\bibindent=\dimen141
) (C:\Users\kosik\AppData\Local\Programs\MiKTeX\tex/latex/libertine\libertine.sty
Package: libertine 2024/04/23 (Bob Tennent) Supports Libertine and Biolinum fonts for all LaTeX engines.
 (C:\Users\kosik\AppData\Local\Programs\MiKTeX\tex/generic/iftex\ifxetex.sty
Package: ifxetex 2019/10/25 v0.7 ifxetex legacy package. Use iftex instead.
 (C:\Users\kosik\AppData\Local\Programs\MiKTeX\tex/generic/iftex\iftex.sty
Package: iftex 2022/02/03 v1.0f TeX engine tests
)) (C:\Users\kosik\AppData\Local\Programs\MiKTeX\tex/generic/iftex\ifluatex.sty
Package: ifluatex 2019/10/25 v1.5 ifluatex legacy package. Use iftex instead.
) (C:\Users\kosik\AppData\Local\Programs\MiKTeX\tex/latex/xkeyval\xkeyval.sty
Package: xkeyval 2022/06/16 v2.9 package option processing (HA)
 (C:\Users\kosik\AppData\Local\Programs\MiKTeX\tex/generic/xkeyval\xkeyval.tex (C:\Users\kosik\AppData\Local\Programs\MiKTeX\tex/generic/xkeyval\xkvutils.tex
\XKV@toks=\toks17
\XKV@tempa@toks=\toks18
 (C:\Users\kosik\AppData\Local\Programs\MiKTeX\tex/generic/xkeyval\keyval.tex))
\XKV@depth=\count197
File: xkeyval.tex 2014/12/03 v2.7a key=value parser (HA)
)) (C:\Users\kosik\AppData\Local\Programs\MiKTeX\tex/latex/base\textcomp.sty
Package: textcomp 2020/02/02 v2.0n Standard LaTeX package
) (C:\Users\kosik\AppData\Local\Programs\MiKTeX\tex/latex/base\fontenc.sty
Package: fontenc 2021/04/29 v2.0v Standard LaTeX package
) (C:\Users\kosik\AppData\Local\Programs\MiKTeX\tex/latex/fontaxes\fontaxes.sty
Package: fontaxes 2020/07/21 v1.0e Font selection axes
LaTeX Info: Redefining \upshape on input line 29.
LaTeX Info: Redefining \itshape on input line 31.
LaTeX Info: Redefining \slshape on input line 33.
LaTeX Info: Redefining \swshape on input line 35.
LaTeX Info: Redefining \scshape on input line 37.
LaTeX Info: Redefining \sscshape on input line 39.
LaTeX Info: Redefining \ulcshape on input line 41.
LaTeX Info: Redefining \textsw on input line 47.
LaTeX Info: Redefining \textssc on input line 48.
LaTeX Info: Redefining \textulc on input line 49.
)
LaTeX Info: Redefining \oldstylenums on input line 485.
 (C:\Users\kosik\AppData\Local\Programs\MiKTeX\tex/latex/libertine\LinLibertine_I.tex)) (C:\Users\kosik\AppData\Local\Programs\MiKTeX\tex/lualatex/gregoriotex\gregoriotex.sty
Package: gregoriotex 2021/03/13 v6.0.0 GregorioTeX system.


 ********************************************
 * LuaTeX is required to compile this document.
 * Sorry!
 ********************************************

C:\Users\kosik\AppData\Local\Programs\MiKTeX\tex/lualatex/gregoriotex\grego/iftex.sty
Package: iftex 2022/02/03 v1.0f TeX engine tests
))
(C:/Users/kosik/AppData/Local/Programs/MiKTeX/tex/generic/iftex/ifluatex.sty
Package: ifluatex 2019/10/25 v1.5 ifluatex legacy package. Use iftex instead.
)
(C:/Users/kosik/AppData/Local/Programs/MiKTeX/tex/latex/xkeyval/xkeyval.sty
Package: xkeyval 2022/06/16 v2.9 package option processing (HA)

(C:/Users/kosik/AppData/Local/Programs/MiKTeX/tex/generic/xkeyval/xkeyval.tex
(C:/Users/kosik/AppData/Local/Programs/MiKTeX/tex/generic/xkeyval/xkvutils.tex
\XKV@toks=\toks17
\XKV@tempa@toks=\toks18

(C:/Users/kosik/AppData/Local/Programs/MiKTeX/tex/generic/xkeyval/keyval.tex))
\XKV@depth=\count195
File: xkeyval.tex 2014/12/03 v2.7a key=value parser (HA)
)) (C:/Users/kosik/AppData/Local/Programs/MiKTeX/tex/latex/base/textcomp.sty
Package: textcomp 2020/02/02 v2.0n Standard LaTeX package
)
(C:/Users/kosik/AppData/Local/Programs/MiKTeX/tex/latex/fontspec/fontspec.sty
(C:/Users/kosik/AppData/Local/Programs/MiKTeX/tex/latex/l3packages/xparse/xpars
e.sty
(C:/Users/kosik/AppData/Local/Programs/MiKTeX/tex/latex/l3kernel/expl3.sty
Package: expl3 2024-03-14 L3 programming layer (loader) 

(C:/Users/kosik/AppData/Local/Programs/MiKTeX/tex/latex/l3backend/l3backend-lua
tex.def
File: l3backend-luatex.def 2024-03-14 L3 backend support: PDF output (LuaTeX)
\l__color_backend_stack_int=\count196
Inserting `l3color' in `luaotfload.parse_color'.
\l__pdf_internal_box=\box51
))
Package: xparse 2024-03-14 L3 Experimental document command parser
)
Package: fontspec 2024/02/13 v2.9a Font selection for XeLaTeX and LuaLaTeX
Lua module: fontspec 2024/02/13 2.9a Font selection for XeLaTeX and LuaLaTeX
(C:/Users/kosik/AppData/Local/Programs/MiKTeX/tex/latex/fontspec/fontspec-luate
x.sty
Package: fontspec-luatex 2024/02/13 v2.9a Font selection for XeLaTeX and LuaLaT
eX
\l__fontspec_script_int=\count197
\l__fontspec_language_int=\count198
\l__fontspec_strnum_int=\count199
\l__fontspec_tmp_int=\count266
\l__fontspec_tmpa_int=\count267
\l__fontspec_tmpb_int=\count268
\l__fontspec_tmpc_int=\count269
\l__fontspec_em_int=\count270
\l__fontspec_emdef_int=\count271
\l__fontspec_strong_int=\count272
\l__fontspec_strongdef_int=\count273
\l__fontspec_tmpa_dim=\dimen141
\l__fontspec_tmpb_dim=\dimen142
\l__fontspec_tmpc_dim=\dimen143
 (C:/Users/kosik/AppData/Local/Programs/MiKTeX/tex/latex/base/fontenc.sty
Package: fontenc 2021/04/29 v2.0v Standard LaTeX package
) (C:/Users/kosik/AppData/Local/Programs/MiKTeX/tex/latex/fontspec/fontspec.cfg
)))

Package fontspec Info: LinLibertine_R scale = 1.


Package fontspec Info: LinLibertine_R scale = 1.


Package fontspec Info: LinLibertine_R scale = 1.


Package fontspec Info: LinLibertine_RB scale = 1.


Package fontspec Info: LinLibertine_RB scale = 1.


Package fontspec Info: LinLibertine_RI scale = 1.


Package fontspec Info: LinLibertine_RI scale = 1.


Package fontspec Info: LinLibertine_RBI scale = 1.


Package fontspec Info: LinLibertine_RBI scale = 1.


Package fontspec Info: Font family 'LinLibertine(0)' created for font
(fontspec)             'LinLibertine' with options [Ligatures = TeX,Extension
(fontspec)             =
(fontspec)             .otf,SmallCapsFeatures={Letters=SmallCaps},Ligatures=TeX
,Numbers
(fontspec)             = {Proportional,OldStyle},Scale = 1,UprightFont =
(fontspec)             *_R,ItalicFont = *_RI,BoldFont = *_RB,BoldItalicFont =
(fontspec)             *_RBI].
(fontspec)              
(fontspec)              This font family consists of the following NFSS
(fontspec)             series/shapes:
(fontspec)              
(fontspec)             - 'normal' (m/n) with NFSS spec.:
(fontspec)             <->s*[1]"[LinLibertine_R.otf]:mode=node;script=latn;lang
uage=dflt;+tlig;+pnum;+onum;"
(fontspec)             - 'small caps'  (m/sc) with NFSS spec.:
(fontspec)             <->s*[1]"[LinLibertine_R.otf]:mode=node;script=latn;lang
uage=dflt;+tlig;+pnum;+onum;+smcp;"
(fontspec)             - 'bold' (b/n) with NFSS spec.:
(fontspec)             <->s*[1]"[LinLibertine_RB.otf]:mode=node;script=latn;lan
guage=dflt;+tlig;+pnum;+onum;"
(fontspec)             - 'bold small caps'  (b/sc) with NFSS spec.:
(fontspec)             <->s*[1]"[LinLibertine_RB.otf]:mode=node;script=latn;lan
guage=dflt;+tlig;+pnum;+onum;+smcp;"
(fontspec)             - 'italic' (m/it) with NFSS spec.:
(fontspec)             <->s*[1]"[LinLibertine_RI.otf]:mode=node;script=latn;lan
guage=dflt;+tlig;+pnum;+onum;"
(fontspec)             - 'italic small caps'  (m/scit) with NFSS spec.:
(fontspec)             <->s*[1]"[LinLibertine_RI.otf]:mode=node;script=latn;lan
guage=dflt;+tlig;+pnum;+onum;+smcp;"
(fontspec)             - 'bold italic' (b/it) with NFSS spec.:
(fontspec)             <->s*[1]"[LinLibertine_RBI.otf]:mode=node;script=latn;la
nguage=dflt;+tlig;+pnum;+onum;"
(fontspec)             - 'bold italic small caps'  (b/scit) with NFSS spec.:
(fontspec)             <->s*[1]"[LinLibertine_RBI.otf]:mode=node;script=latn;la
nguage=dflt;+tlig;+pnum;+onum;+smcp;"

LaTeX Font Info:    Font shape `TU/LinLibertine(0)/m/n' will be
(Font)              scaled to size 10.0pt on input line 307.

Package fontspec Info: LinBiolinum_R scale = 1.


Package fontspec Info: LinBiolinum_R scale = 1.


Package fontspec Info: LinBiolinum_R scale = 1.


Package fontspec Info: LinBiolinum_RB scale = 1.


Package fontspec Info: LinBiolinum_RB scale = 1.


Package fontspec Info: LinBiolinum_RI scale = 1.


Package fontspec Info: LinBiolinum_RI scale = 1.


Package fontspec Info: LinBiolinum_RBO scale = 1.


Package fontspec Info: LinBiolinum_RBO scale = 1.


Package fontspec Info: Font family 'LinBiolinum(0)' created for font
(fontspec)             'LinBiolinum' with options [Ligatures = TeX,Extension =
(fontspec)             .otf,SmallCapsFeatures={Letters=SmallCaps},Ligatures=TeX
,Numbers
(fontspec)             = {Proportional, OldStyle},Scale = 1,UprightFont =
(fontspec)             *_R,ItalicFont = *_RI,BoldFont = *_RB,BoldItalicFont =
(fontspec)             *_RBO].
(fontspec)              
(fontspec)              This font family consists of the following NFSS
(fontspec)             series/shapes:
(fontspec)              
(fontspec)             - 'normal' (m/n) with NFSS spec.:
(fontspec)             <->s*[1]"[LinBiolinum_R.otf]:mode=node;script=latn;langu
age=dflt;+tlig;+pnum;+onum;"
(fontspec)             - 'small caps'  (m/sc) with NFSS spec.:
(fontspec)             <->s*[1]"[LinBiolinum_R.otf]:mode=node;script=latn;langu
age=dflt;+tlig;+pnum;+onum;+smcp;"
(fontspec)             - 'bold' (b/n) with NFSS spec.:
(fontspec)             <->s*[1]"[LinBiolinum_RB.otf]:mode=node;script=latn;lang
uage=dflt;+tlig;+pnum;+onum;"
(fontspec)             - 'bold small caps'  (b/sc) with NFSS spec.:
(fontspec)             <->s*[1]"[LinBiolinum_RB.otf]:mode=node;script=latn;lang
uage=dflt;+tlig;+pnum;+onum;+smcp;"
(fontspec)             - 'italic' (m/it) with NFSS spec.:
(fontspec)             <->s*[1]"[LinBiolinum_RI.otf]:mode=node;script=latn;lang
uage=dflt;+tlig;+pnum;+onum;"
(fontspec)             - 'italic small caps'  (m/scit) with NFSS spec.:
(fontspec)             <->s*[1]"[LinBiolinum_RI.otf]:mode=node;script=latn;lang
uage=dflt;+tlig;+pnum;+onum;+smcp;"
(fontspec)             - 'bold italic' (b/it) with NFSS spec.:
(fontspec)             <->s*[1]"[LinBiolinum_RBO.otf]:mode=node;script=latn;lan
guage=dflt;+tlig;+pnum;+onum;"
(fontspec)             - 'bold italic small caps'  (b/scit) with NFSS spec.:
(fontspec)             <->s*[1]"[LinBiolinum_RBO.otf]:mode=node;script=latn;lan
guage=dflt;+tlig;+pnum;+onum;+smcp;"


Package fontspec Info: LinLibertine_R scale = 1.


Package fontspec Info: LinLibertine_R scale = 1.


Package fontspec Info: LinLibertine_R scale = 1.


Package fontspec Info: LinLibertine_RB scale = 1.


Package fontspec Info: LinLibertine_RB scale = 1.


Package fontspec Info: LinLibertine_RI scale = 1.


Package fontspec Info: LinLibertine_RI scale = 1.


Package fontspec Info: LinLibertine_RBI scale = 1.


Package fontspec Info: LinLibertine_RBI scale = 1.


Package fontspec Info: Font family 'LinLibertine(1)' created for font
(fontspec)             'LinLibertine' with options [Ligatures = TeX,Extension
(fontspec)             = .otf,SmallCapsFeatures={Letters=SmallCaps},Numbers =
(fontspec)             {Proportional,OldStyle},Scale = 1,UprightFont =
(fontspec)             *_R,ItalicFont = *_RI,BoldFont = *_RB,BoldItalicFont =
(fontspec)             *_RBI].
(fontspec)              
(fontspec)              This font family consists of the following NFSS
(fontspec)             series/shapes:
(fontspec)              
(fontspec)             - 'normal' (m/n) with NFSS spec.:
(fontspec)             <->s*[1]"[LinLibertine_R.otf]:mode=node;script=latn;lang
uage=dflt;+tlig;+pnum;+onum;"
(fontspec)             - 'small caps'  (m/sc) with NFSS spec.:
(fontspec)             <->s*[1]"[LinLibertine_R.otf]:mode=node;script=latn;lang
uage=dflt;+tlig;+pnum;+onum;+smcp;"
(fontspec)             - 'bold' (b/n) with NFSS spec.:
(fontspec)             <->s*[1]"[LinLibertine_RB.otf]:mode=node;script=latn;lan
guage=dflt;+tlig;+pnum;+onum;"
(fontspec)             - 'bold small caps'  (b/sc) with NFSS spec.:
(fontspec)             <->s*[1]"[LinLibertine_RB.otf]:mode=node;script=latn;lan
guage=dflt;+tlig;+pnum;+onum;+smcp;"
(fontspec)             - 'italic' (m/it) with NFSS spec.:
(fontspec)             <->s*[1]"[LinLibertine_RI.otf]:mode=node;script=latn;lan
guage=dflt;+tlig;+pnum;+onum;"
(fontspec)             - 'italic small caps'  (m/scit) with NFSS spec.:
(fontspec)             <->s*[1]"[LinLibertine_RI.otf]:mode=node;script=latn;lan
guage=dflt;+tlig;+pnum;+onum;+smcp;"
(fontspec)             - 'bold italic' (b/it) with NFSS spec.:
(fontspec)             <->s*[1]"[LinLibertine_RBI.otf]:mode=node;script=latn;la
nguage=dflt;+tlig;+pnum;+onum;"
(fontspec)             - 'bold italic small caps'  (b/scit) with NFSS spec.:
(fontspec)             <->s*[1]"[LinLibertine_RBI.otf]:mode=node;script=latn;la
nguage=dflt;+tlig;+pnum;+onum;+smcp;"


Package fontspec Info: LinLibertine_RZ scale = 1.


Package fontspec Info: LinLibertine_RZ scale = 1.


Package fontspec Info: LinLibertine_RZ scale = 1.


Package fontspec Info: LinLibertine_RB scale = 1.


Package fontspec Info: LinLibertine_RB scale = 1.


Package fontspec Info: LinLibertine_RZI scale = 1.


Package fontspec Info: LinLibertine_RZI scale = 1.


Package fontspec Info: LinLibertine_RBI scale = 1.


Package fontspec Info: LinLibertine_RBI scale = 1.


Package fontspec Info: Font family 'LinLibertine(2)' created for font
(fontspec)             'LinLibertine' with options [Ligatures = TeX,Extension
(fontspec)             = .otf,SmallCapsFeatures={Letters=SmallCaps},Numbers =
(fontspec)             { Proportional, OldStyle},Scale = 1,UprightFont =
(fontspec)             *_RZ,ItalicFont = *_RZI,BoldFont = *_RB,BoldItalicFont
(fontspec)             = *_RBI].
(fontspec)              
(fontspec)              This font family consists of the following NFSS
(fontspec)             series/shapes:
(fontspec)              
(fontspec)             - 'normal' (m/n) with NFSS spec.:
(fontspec)             <->s*[1]"[LinLibertine_RZ.otf]:mode=node;script=latn;lan
guage=dflt;+tlig;+pnum;+onum;"
(fontspec)             - 'small caps'  (m/sc) with NFSS spec.:
(fontspec)             <->s*[1]"[LinLibertine_RZ.otf]:mode=node;script=latn;lan
guage=dflt;+tlig;+pnum;+onum;+smcp;"
(fontspec)             - 'bold' (b/n) with NFSS spec.:
(fontspec)             <->s*[1]"[LinLibertine_RB.otf]:mode=node;script=latn;lan
guage=dflt;+tlig;+pnum;+onum;"
(fontspec)             - 'bold small caps'  (b/sc) with NFSS spec.:
(fontspec)             <->s*[1]"[LinLibertine_RB.otf]:mode=node;script=latn;lan
guage=dflt;+tlig;+pnum;+onum;+smcp;"
(fontspec)             - 'italic' (m/it) with NFSS spec.:
(fontspec)             <->s*[1]"[LinLibertine_RZI.otf]:mode=node;script=latn;la
nguage=dflt;+tlig;+pnum;+onum;"
(fontspec)             - 'italic small caps'  (m/scit) with NFSS spec.:
(fontspec)             <->s*[1]"[LinLibertine_RZI.otf]:mode=node;script=latn;la
nguage=dflt;+tlig;+pnum;+onum;+smcp;"
(fontspec)             - 'bold italic' (b/it) with NFSS spec.:
(fontspec)             <->s*[1]"[LinLibertine_RBI.otf]:mode=node;script=latn;la
nguage=dflt;+tlig;+pnum;+onum;"
(fontspec)             - 'bold italic small caps'  (b/scit) with NFSS spec.:
(fontspec)             <->s*[1]"[LinLibertine_RBI.otf]:mode=node;script=latn;la
nguage=dflt;+tlig;+pnum;+onum;+smcp;"


Package fontspec Info: LinLibertine_R scale = 1.


Package fontspec Info: LinLibertine_R scale = 1.


Package fontspec Info: LinLibertine_R scale = 1.


Package fontspec Info: LinLibertine_R scale = 1.


Package fontspec Info: LinLibertine_RB scale = 1.


Package fontspec Info: LinLibertine_RB scale = 1.


Package fontspec Info: LinLibertine_RI scale = 1.


Package fontspec Info: LinLibertine_RI scale = 1.


Package fontspec Info: LinLibertine_RBI scale = 1.


Package fontspec Info: LinLibertine_RBI scale = 1.


Package fontspec Info: Font family 'LinLibertine(3)' created for font
(fontspec)             'LinLibertine' with options [Ligatures = TeX,Extension
(fontspec)             = .otf,SmallCapsFeatures={Letters=SmallCaps},Numbers =
(fontspec)             {Proportional,Lining},Scale = 1,UprightFont =
(fontspec)             *_R,ItalicFont = *_RI,BoldFont = *_RB,BoldItalicFont =
(fontspec)             *_RBI].
(fontspec)              
(fontspec)              This font family consists of the following NFSS
(fontspec)             series/shapes:
(fontspec)              
(fontspec)             - 'normal' (m/n) with NFSS spec.:
(fontspec)             <->s*[1]"[LinLibertine_R.otf]:mode=node;script=latn;lang
uage=dflt;+tlig;+pnum;+lnum;"
(fontspec)             - 'small caps'  (m/sc) with NFSS spec.:
(fontspec)             <->s*[1]"[LinLibertine_R.otf]:mode=node;script=latn;lang
uage=dflt;+tlig;+pnum;+lnum;+smcp;"
(fontspec)             - 'bold' (b/n) with NFSS spec.:
(fontspec)             <->s*[1]"[LinLibertine_RB.otf]:mode=node;script=latn;lan
guage=dflt;+tlig;+pnum;+lnum;"
(fontspec)             - 'bold small caps'  (b/sc) with NFSS spec.:
(fontspec)             <->s*[1]"[LinLibertine_RB.otf]:mode=node;script=latn;lan
guage=dflt;+tlig;+pnum;+lnum;+smcp;"
(fontspec)             - 'italic' (m/it) with NFSS spec.:
(fontspec)             <->s*[1]"[LinLibertine_RI.otf]:mode=node;script=latn;lan
guage=dflt;+tlig;+pnum;+lnum;"
(fontspec)             - 'italic small caps'  (m/scit) with NFSS spec.:
(fontspec)             <->s*[1]"[LinLibertine_RI.otf]:mode=node;script=latn;lan
guage=dflt;+tlig;+pnum;+lnum;+smcp;"
(fontspec)             - 'bold italic' (b/it) with NFSS spec.:
(fontspec)             <->s*[1]"[LinLibertine_RBI.otf]:mode=node;script=latn;la
nguage=dflt;+tlig;+pnum;+lnum;"
(fontspec)             - 'bold italic small caps'  (b/scit) with NFSS spec.:
(fontspec)             <->s*[1]"[LinLibertine_RBI.otf]:mode=node;script=latn;la
nguage=dflt;+tlig;+pnum;+lnum;+smcp;"

luaotfload | aux : font no 36 (nil) does not define feature smcp for script latn
 with language dflt

Package fontspec Info: Font family 'LinLibertine(4)' created for font
(fontspec)             'LinLibertine' with options [Ligatures = TeX,Extension
(fontspec)             = .otf,SmallCapsFeatures={Letters=SmallCaps},Numbers =
(fontspec)             {Proportional,OldStyle},UprightFont = *_DR,ItalicFont =
(fontspec)             *_RI,BoldFont = *_RB,BoldItalicFont = *_RBI].
(fontspec)              
(fontspec)              This font family consists of the following NFSS
(fontspec)             series/shapes:
(fontspec)              
(fontspec)             - 'normal' (m/n) with NFSS spec.:
(fontspec)             <->"[LinLibertine_DR.otf]:mode=node;script=latn;language
=dflt;+tlig;+pnum;+onum;"
(fontspec)             - 'small caps'  (m/sc) with NFSS spec.: 
(fontspec)             - 'bold' (b/n) with NFSS spec.:
(fontspec)             <->"[LinLibertine_RB.otf]:mode=node;script=latn;language
=dflt;+tlig;+pnum;+onum;"
(fontspec)             - 'bold small caps'  (b/sc) with NFSS spec.:
(fontspec)             <->"[LinLibertine_RB.otf]:mode=node;script=latn;language
=dflt;+tlig;+pnum;+onum;+smcp;"
(fontspec)             - 'italic' (m/it) with NFSS spec.:
(fontspec)             <->"[LinLibertine_RI.otf]:mode=node;script=latn;language
=dflt;+tlig;+pnum;+onum;"
(fontspec)             - 'italic small caps'  (m/scit) with NFSS spec.:
(fontspec)             <->"[LinLibertine_RI.otf]:mode=node;script=latn;language
=dflt;+tlig;+pnum;+onum;+smcp;"
(fontspec)             - 'bold italic' (b/it) with NFSS spec.:
(fontspec)             <->"[LinLibertine_RBI.otf]:mode=node;script=latn;languag
e=dflt;+tlig;+pnum;+onum;"
(fontspec)             - 'bold italic small caps'  (b/scit) with NFSS spec.:
(fontspec)             <->"[LinLibertine_RBI.otf]:mode=node;script=latn;languag
e=dflt;+tlig;+pnum;+onum;+smcp;"


Package fontspec Info: LinBiolinum_R scale = 1.


Package fontspec Info: LinBiolinum_R scale = 1.


Package fontspec Info: LinBiolinum_R scale = 1.


Package fontspec Info: LinBiolinum_RB scale = 1.


Package fontspec Info: LinBiolinum_RB scale = 1.


Package fontspec Info: LinBiolinum_RI scale = 1.


Package fontspec Info: LinBiolinum_RI scale = 1.


Package fontspec Info: LinBiolinum_RBO scale = 1.


Package fontspec Info: LinBiolinum_RBO scale = 1.


Package fontspec Info: Font family 'LinBiolinum(1)' created for font
(fontspec)             'LinBiolinum' with options [Ligatures = TeX,Extension =
(fontspec)             .otf,SmallCapsFeatures={Letters=SmallCaps},Numbers =
(fontspec)             {Proportional, OldStyle},Scale = 1,UprightFont =
(fontspec)             *_R,ItalicFont = *_RI,BoldFont = *_RB,BoldItalicFont =
(fontspec)             *_RBO].
(fontspec)              
(fontspec)              This font family consists of the following NFSS
(fontspec)             series/shapes:
(fontspec)              
(fontspec)             - 'normal' (m/n) with NFSS spec.:
(fontspec)             <->s*[1]"[LinBiolinum_R.otf]:mode=node;script=latn;langu
age=dflt;+tlig;+pnum;+onum;"
(fontspec)             - 'small caps'  (m/sc) with NFSS spec.:
(fontspec)             <->s*[1]"[LinBiolinum_R.otf]:mode=node;script=latn;langu
age=dflt;+tlig;+pnum;+onum;+smcp;"
(fontspec)             - 'bold' (b/n) with NFSS spec.:
(fontspec)             <->s*[1]"[LinBiolinum_RB.otf]:mode=node;script=latn;lang
uage=dflt;+tlig;+pnum;+onum;"
(fontspec)             - 'bold small caps'  (b/sc) with NFSS spec.:
(fontspec)             <->s*[1]"[LinBiolinum_RB.otf]:mode=node;script=latn;lang
uage=dflt;+tlig;+pnum;+onum;+smcp;"
(fontspec)             - 'italic' (m/it) with NFSS spec.:
(fontspec)             <->s*[1]"[LinBiolinum_RI.otf]:mode=node;script=latn;lang
uage=dflt;+tlig;+pnum;+onum;"
(fontspec)             - 'italic small caps'  (m/scit) with NFSS spec.:
(fontspec)             <->s*[1]"[LinBiolinum_RI.otf]:mode=node;script=latn;lang
uage=dflt;+tlig;+pnum;+onum;+smcp;"
(fontspec)             - 'bold italic' (b/it) with NFSS spec.:
(fontspec)             <->s*[1]"[LinBiolinum_RBO.otf]:mode=node;script=latn;lan
guage=dflt;+tlig;+pnum;+onum;"
(fontspec)             - 'bold italic small caps'  (b/scit) with NFSS spec.:
(fontspec)             <->s*[1]"[LinBiolinum_RBO.otf]:mode=node;script=latn;lan
guage=dflt;+tlig;+pnum;+onum;+smcp;"


Package fontspec Info: LinBiolinum_R scale = 1.


Package fontspec Info: LinBiolinum_R scale = 1.


Package fontspec Info: LinBiolinum_R scale = 1.


Package fontspec Info: LinBiolinum_R scale = 1.


Package fontspec Info: LinBiolinum_RB scale = 1.


Package fontspec Info: LinBiolinum_RB scale = 1.


Package fontspec Info: LinBiolinum_RI scale = 1.


Package fontspec Info: LinBiolinum_RI scale = 1.


Package fontspec Info: LinBiolinum_RBO scale = 1.


Package fontspec Info: LinBiolinum_RBO scale = 1.


Package fontspec Info: Font family 'LinBiolinum(2)' created for font
(fontspec)             'LinBiolinum' with options [Ligatures = TeX,Extension =
(fontspec)             .otf,SmallCapsFeatures={Letters=SmallCaps},Numbers =
(fontspec)             {Proportional, Lining},Scale = 1,UprightFont =
(fontspec)             *_R,ItalicFont = *_RI,BoldFont = *_RB,BoldItalicFont =
(fontspec)             *_RBO].
(fontspec)              
(fontspec)              This font family consists of the following NFSS
(fontspec)             series/shapes:
(fontspec)              
(fontspec)             - 'normal' (m/n) with NFSS spec.:
(fontspec)             <->s*[1]"[LinBiolinum_R.otf]:mode=node;script=latn;langu
age=dflt;+tlig;+pnum;+lnum;"
(fontspec)             - 'small caps'  (m/sc) with NFSS spec.:
(fontspec)             <->s*[1]"[LinBiolinum_R.otf]:mode=node;script=latn;langu
age=dflt;+tlig;+pnum;+lnum;+smcp;"
(fontspec)             - 'bold' (b/n) with NFSS spec.:
(fontspec)             <->s*[1]"[LinBiolinum_RB.otf]:mode=node;script=latn;lang
uage=dflt;+tlig;+pnum;+lnum;"
(fontspec)             - 'bold small caps'  (b/sc) with NFSS spec.:
(fontspec)             <->s*[1]"[LinBiolinum_RB.otf]:mode=node;script=latn;lang
uage=dflt;+tlig;+pnum;+lnum;+smcp;"
(fontspec)             - 'italic' (m/it) with NFSS spec.:
(fontspec)             <->s*[1]"[LinBiolinum_RI.otf]:mode=node;script=latn;lang
uage=dflt;+tlig;+pnum;+lnum;"
(fontspec)             - 'italic small caps'  (m/scit) with NFSS spec.:
(fontspec)             <->s*[1]"[LinBiolinum_RI.otf]:mode=node;script=latn;lang
uage=dflt;+tlig;+pnum;+lnum;+smcp;"
(fontspec)             - 'bold italic' (b/it) with NFSS spec.:
(fontspec)             <->s*[1]"[LinBiolinum_RBO.otf]:mode=node;script=latn;lan
guage=dflt;+tlig;+pnum;+lnum;"
(fontspec)             - 'bold italic small caps'  (b/scit) with NFSS spec.:
(fontspec)             <->s*[1]"[LinBiolinum_RBO.otf]:mode=node;script=latn;lan
guage=dflt;+tlig;+pnum;+lnum;+smcp;"


Package fontspec Info: LinLibertine_M scale = 1.


Package fontspec Info: LinLibertine_M scale = 1.

luaotfload | aux : font no 39 (nil) does not define feature smcp for script latn
 with language dflt

Package fontspec Info: LinLibertine_MB scale = 1.

luaotfload | aux : font no 40 (nil) does not define feature smcp for script latn
 with language dflt

Package fontspec Info: LinLibertine_MO scale = 1.

luaotfload | aux : font no 41 (nil) does not define feature smcp for script latn
 with language dflt

Package fontspec Info: LinLibertine_MBO scale = 1.

luaotfload | aux : font no 42 (nil) does not define feature smcp for script latn
 with language dflt

Package fontspec Info: Font family 'LinLibertine(5)' created for font
(fontspec)             'LinLibertine' with options [Extension =
(fontspec)             .otf,HyphenChar=None,WordSpace={1,0,0},HyphenChar=None,P
unctuationSpace=WordSpace,Scale
(fontspec)             = 1,UprightFont = *_M,ItalicFont = *_MO,BoldFont =
(fontspec)             *_MB,BoldItalicFont = *_MBO].
(fontspec)              
(fontspec)              This font family consists of the following NFSS
(fontspec)             series/shapes:
(fontspec)              
(fontspec)             - 'normal' (m/n) with NFSS spec.:
(fontspec)             <->s*[1]"[LinLibertine_M.otf]:mode=node;script=latn;lang
uage=dflt;"
(fontspec)             - 'small caps'  (m/sc) with NFSS spec.: 
(fontspec)             and font adjustment code:
(fontspec)             \fontdimen 2\font =1\fontdimen 2\font \fontdimen 3\font
(fontspec)             =0\fontdimen 3\font \fontdimen 4\font =0\fontdimen
(fontspec)             4\font \fontdimen 7\font =0\fontdimen 2\font
(fontspec)             \tex_hyphenchar:D \font =-1\scan_stop:
(fontspec)             \tex_hyphenchar:D \font =-1\scan_stop: 
(fontspec)             - 'bold' (b/n) with NFSS spec.:
(fontspec)             <->s*[1]"[LinLibertine_MB.otf]:mode=node;script=latn;lan
guage=dflt;"
(fontspec)             - 'bold small caps'  (b/sc) with NFSS spec.: 
(fontspec)             and font adjustment code:
(fontspec)             \fontdimen 2\font =1\fontdimen 2\font \fontdimen 3\font
(fontspec)             =0\fontdimen 3\font \fontdimen 4\font =0\fontdimen
(fontspec)             4\font \fontdimen 7\font =0\fontdimen 2\font
(fontspec)             \tex_hyphenchar:D \font =-1\scan_stop:
(fontspec)             \tex_hyphenchar:D \font =-1\scan_stop: 
(fontspec)             - 'italic' (m/it) with NFSS spec.:
(fontspec)             <->s*[1]"[LinLibertine_MO.otf]:mode=node;script=latn;lan
guage=dflt;"
(fontspec)             - 'italic small caps'  (m/scit) with NFSS spec.: 
(fontspec)             and font adjustment code:
(fontspec)             \fontdimen 2\font =1\fontdimen 2\font \fontdimen 3\font
(fontspec)             =0\fontdimen 3\font \fontdimen 4\font =0\fontdimen
(fontspec)             4\font \fontdimen 7\font =0\fontdimen 2\font
(fontspec)             \tex_hyphenchar:D \font =-1\scan_stop:
(fontspec)             \tex_hyphenchar:D \font =-1\scan_stop: 
(fontspec)             - 'bold italic' (b/it) with NFSS spec.:
(fontspec)             <->s*[1]"[LinLibertine_MBO.otf]:mode=node;script=latn;la
nguage=dflt;"
(fontspec)             - 'bold italic small caps'  (b/scit) with NFSS spec.: 
(fontspec)             and font adjustment code:
(fontspec)             \fontdimen 2\font =1\fontdimen 2\font \fontdimen 3\font
(fontspec)             =0\fontdimen 3\font \fontdimen 4\font =0\fontdimen
(fontspec)             4\font \fontdimen 7\font =0\fontdimen 2\font
(fontspec)             \tex_hyphenchar:D \font =-1\scan_stop:
(fontspec)             \tex_hyphenchar:D \font =-1\scan_stop: 


Package fontspec Info: LinLibertine_M scale = 1.


Package fontspec Info: LinLibertine_M scale = 1.

luaotfload | aux : font no 39 (nil) does not define feature smcp for script latn
 with language dflt

Package fontspec Info: LinLibertine_MB scale = 1.

luaotfload | aux : font no 40 (nil) does not define feature smcp for script latn
 with language dflt

Package fontspec Info: LinLibertine_MO scale = 1.

luaotfload | aux : font no 41 (nil) does not define feature smcp for script latn
 with language dflt

Package fontspec Info: LinLibertine_MBO scale = 1.

luaotfload | aux : font no 42 (nil) does not define feature smcp for script latn
 with language dflt

Package fontspec Info: Font family 'LinLibertine(6)' created for font
(fontspec)             'LinLibertine' with options [Extension =
(fontspec)             .otf,HyphenChar=None,Scale = 1,UprightFont =
(fontspec)             *_M,ItalicFont = *_MO,BoldFont = *_MB,BoldItalicFont =
(fontspec)             *_MBO].
(fontspec)              
(fontspec)              This font family consists of the following NFSS
(fontspec)             series/shapes:
(fontspec)              
(fontspec)             - 'normal' (m/n) with NFSS spec.:
(fontspec)             <->s*[1]"[LinLibertine_M.otf]:mode=node;script=latn;lang
uage=dflt;"
(fontspec)             - 'small caps'  (m/sc) with NFSS spec.: 
(fontspec)             and font adjustment code:
(fontspec)             \tex_hyphenchar:D \font =-1\scan_stop: 
(fontspec)             - 'bold' (b/n) with NFSS spec.:
(fontspec)             <->s*[1]"[LinLibertine_MB.otf]:mode=node;script=latn;lan
guage=dflt;"
(fontspec)             - 'bold small caps'  (b/sc) with NFSS spec.: 
(fontspec)             and font adjustment code:
(fontspec)             \tex_hyphenchar:D \font =-1\scan_stop: 
(fontspec)             - 'italic' (m/it) with NFSS spec.:
(fontspec)             <->s*[1]"[LinLibertine_MO.otf]:mode=node;script=latn;lan
guage=dflt;"
(fontspec)             - 'italic small caps'  (m/scit) with NFSS spec.: 
(fontspec)             and font adjustment code:
(fontspec)             \tex_hyphenchar:D \font =-1\scan_stop: 
(fontspec)             - 'bold italic' (b/it) with NFSS spec.:
(fontspec)             <->s*[1]"[LinLibertine_MBO.otf]:mode=node;script=latn;la
nguage=dflt;"
(fontspec)             - 'bold italic small caps'  (b/scit) with NFSS spec.: 
(fontspec)             and font adjustment code:
(fontspec)             \tex_hyphenchar:D \font =-1\scan_stop: 


Package fontspec Info: Font family 'LinBiolinum_K(0)' created for font
(fontspec)             'LinBiolinum_K' with options [Extension =
(fontspec)             .otf,HyphenChar=None,BoldFont={},ItalicFont={},SmallCaps
Font={}].
(fontspec)              
(fontspec)              This font family consists of the following NFSS
(fontspec)             series/shapes:
(fontspec)              
(fontspec)             - 'normal' (m/n) with NFSS spec.:
(fontspec)             <->"[LinBiolinum_K.otf]:mode=node;script=latn;language=d
flt;"
(fontspec)             - 'small caps'  (m/sc) with NFSS spec.: 
(fontspec)             and font adjustment code:
(fontspec)             \tex_hyphenchar:D \font =-1\scan_stop: 


Package fontspec Info: Font family 'LinLibertine_I(0)' created for font
(fontspec)             'LinLibertine_I' with options [Extension =
(fontspec)             .otf,HyphenChar=None,BoldFont={},ItalicFont={},SmallCaps
Font={}].
(fontspec)              
(fontspec)              This font family consists of the following NFSS
(fontspec)             series/shapes:
(fontspec)              
(fontspec)             - 'normal' (m/n) with NFSS spec.:
(fontspec)             <->"[LinLibertine_I.otf]:mode=node;script=latn;language=
dflt;"
(fontspec)             - 'small caps'  (m/sc) with NFSS spec.: 
(fontspec)             and font adjustment code:
(fontspec)             \tex_hyphenchar:D \font =-1\scan_stop: 

LaTeX Info: Redefining \oldstylenums on input line 475.
LaTeX Info: Redefining \liningnums on input line 476.

(C:/Users/kosik/AppData/Local/Programs/MiKTeX/tex/latex/libertine/LinLibertine_
R.tex)
(C:/Users/kosik/AppData/Local/Programs/MiKTeX/tex/latex/libertine/LinBiolinum_R
.tex)
(C:/Users/kosik/AppData/Local/Programs/MiKTeX/tex/latex/libertine/LinBiolinum_K
.tex)
(C:/Users/kosik/AppData/Local/Programs/MiKTeX/tex/latex/libertine/LinLibertine_
I.tex)
(C:/Users/kosik/AppData/Local/Programs/MiKTeX/tex/latex/libertine/LKey.tex)
LaTeX Info: Redefining \textsup on input line 552.
)
(C:/Users/kosik/AppData/Local/Programs/MiKTeX/tex/lualatex/gregoriotex/gregorio
tex.sty
Package: gregoriotex 2021/03/13 v6.0.0 GregorioTeX system.

(C:/Users/kosik/AppData/Local/Programs/MiKTeX/tex/latex/xcolor/xcolor.sty
Package: xcolor 2023/11/15 v3.01 LaTeX color extensions (UK)

(C:/Users/kosik/AppData/Local/Programs/MiKTeX/tex/latex/graphics-cfg/color.cfg
File: color.cfg 2016/01/02 v1.6 sample color configuration
)
Package xcolor Info: Driver file: luatex.def on input line 274.

(C:/Users/kosik/AppData/Local/Programs/MiKTeX/tex/latex/graphics-def/luatex.def
File: luatex.def 2024/04/13 v1.2e Graphics/color driver for luatex
)
(C:/Users/kosik/AppData/Local/Programs/MiKTeX/tex/latex/graphics/mathcolor.ltx)
Package xcolor Info: Model `cmy' substituted by `cmy0' on input line 1350.
Package xcolor Info: Model `hsb' substituted by `rgb' on input line 1354.
Package xcolor Info: Model `RGB' extended on input line 1366.
Package xcolor Info: Model `HTML' substituted by `rgb' on input line 1368.
Package xcolor Info: Model `Hsb' substituted by `hsb' on input line 1369.
Package xcolor Info: Model `tHsb' substituted by `hsb' on input line 1370.
Package xcolor Info: Model `HSB' substituted by `hsb' on input line 1371.
Package xcolor Info: Model `Gray' substituted by `gray' on input line 1372.
Package xcolor Info: Model `wave' substituted by `hsb' on input line 1373.
) (C:/Users/kosik/AppData/Local/Programs/MiKTeX/tex/latex/luacolor/luacolor.sty
Package: luacolor 2023-08-18 v1.18 Color support via LuaTeX's attributes (HO)
Inserting `luacolor.process' in `pre_shipout_filter'.
\LuaCol@Attribute=\attribute4
)
(C:/Users/kosik/AppData/Local/Programs/MiKTeX/tex/latex/kvoptions/kvoptions.sty
Package: kvoptions 2022-06-15 v3.15 Key value format for package options (HO)
(C:/Users/kosik/AppData/Local/Programs/MiKTeX/tex/generic/ltxcmds/ltxcmds.sty
Package: ltxcmds 2023-12-04 v1.26 LaTeX kernel commands for general use (HO)
)
(C:/Users/kosik/AppData/Local/Programs/MiKTeX/tex/latex/kvsetkeys/kvsetkeys.sty
Package: kvsetkeys 2022-10-05 v1.19 Key value parser (HO)
))
(C:/Users/kosik/AppData/Local/Programs/MiKTeX/tex/latex/graphics/graphicx.sty
Package: graphicx 2021/09/16 v1.2d Enhanced LaTeX Graphics (DPC,SPQR)

(C:/Users/kosik/AppData/Local/Programs/MiKTeX/tex/latex/graphics/graphics.sty
Package: graphics 2022/03/10 v1.4e Standard LaTeX Graphics (DPC,SPQR)

(C:/Users/kosik/AppData/Local/Programs/MiKTeX/tex/latex/graphics/trig.sty
Package: trig 2021/08/11 v1.11 sin cos tan (DPC)
)
(C:/Users/kosik/AppData/Local/Programs/MiKTeX/tex/latex/graphics-cfg/graphics.c
fg
File: graphics.cfg 2016/06/04 v1.11 sample graphics configuration
)
Package graphics Info: Driver file: luatex.def on input line 107.
)
\Gin@req@height=\dimen144
\Gin@req@width=\dimen145
)
(C:/Users/kosik/AppData/Local/Programs/MiKTeX/tex/luatex/luatexbase/luatexbase.
sty
Package: luatexbase 2015/10/04 v1.3 luatexbase interface to LuaTeX 

(C:/Users/kosik/AppData/Local/Programs/MiKTeX/tex/luatex/ctablestack/ctablestac
k.sty
Package: ctablestack 2015/10/01 v1.0 Catcode table stable support
\@catcodetablestackcnt=\count274
)
\CatcodeTableOther=\catcodetable14
\CatcodeTableExpl=\catcodetable15
)
(C:/Users/kosik/AppData/Local/Programs/MiKTeX/tex/luatex/luamplib/luamplib.sty
Package: luamplib 2024/04/25 v2.28.2 mplib package for LuaTeX
Lua module: luamplib 2024/04/25 2.28.2 Lua package to typeset Metapost with LuaT
eX's MPLib.
\luamplibcctabexplat=\catcodetable16
\mplibtmptoks=\toks19
\mplibscratchbox=\box52
) (C:/Users/kosik/AppData/Local/Programs/MiKTeX/tex/latex/xstring/xstring.sty
(C:/Users/kosik/AppData/Local/Programs/MiKTeX/tex/generic/xstring/xstring.tex
\xs_counta=\count275
\xs_countb=\count276
)
Package: xstring 2023/08/22 v1.86 String manipulations (CT)
)
(C:/Users/kosik/AppData/Local/Programs/MiKTeX/tex/luatex/gregoriotex/gregoriote
x-main.tex
(C:/Users/kosik/AppData/Local/Programs/MiKTeX/tex/luatex/gregoriotex/gregoriote
x-common.tex)
\gre@attr@dash=\attribute5
\gre@attr@center=\attribute6
\GreScoreId=\attribute7
\gre@attr@glyph@id=\attribute8
\gre@attr@glyph@top=\attribute9
\gre@attr@glyph@bottom=\attribute10
\gre@attr@syllable@id=\attribute11
\gre@atletter=\catcodetable17
Lua module: gregoriotex 2021/03/13 6.0.0 GregorioTeX module.
Custom whatsit marker = 1
Module gregoriotex Info: marker whatsit id is 1 on input line 121

(ofiarowanie_short.gaux)
Module gregoriotex Info: Reading ofiarowanie_short.gaux on input line 125
Inserting `gregoriotex.write_greaux' in `finish_pdffile'.
\gre@gaux=\write3
\gre@read@temp=\read2
\gre@factor=\count277

(C:/Users/kosik/AppData/Local/Programs/MiKTeX/tex/luatex/gregoriotex/gregoriote
x-spaces.tex
\gre@saved@prescore@hyphenpenalty=\count278
\gre@saved@prescore@exhyphenpenalty=\count279
\gre@saved@prescore@exhyphenchar=\count280
\gre@saved@prescore@doublehyphendemerits=\count281
\gre@saved@prescore@finalhyphendemerits=\count282
\gre@saved@prescore@brokenpenalty=\count283
\gre@saved@prescore@looseness=\count284
\gre@saved@prescore@tolerance=\count285
\gre@saved@prescore@pretolerance=\count286
\gre@saved@prescore@emergencystretch=\skip50
\gre@saved@prescore@widowpenalty=\count287
\gre@saved@prescore@clubpenalty=\count288
\gre@saved@prescore@parskip=\skip51
\gre@saved@prescore@lineskip=\skip52
\gre@saved@prescore@baselineskip=\skip53
\gre@saved@prescore@lineskiplimit=\skip54
\gre@dimen@textlower=\dimen146
\gre@dimen@stafflinewidth=\dimen147
\gre@dimen@linewidth=\dimen148
\gre@dimen@stafflineheight=\dimen149
\gre@dimen@interstafflinespace=\dimen150
\gre@dimen@stafflinediff=\dimen151
\gre@dimen@constantglyphraise=\dimen152
\gre@dimen@staffheight=\dimen153
\gre@skip@syllablefinalskip=\skip55
\gre@skip@minTextDistance=\skip56
\gre@skip@minNotesDistance=\skip57
\gre@dimen@curTextDistance=\dimen154
\gre@dimen@curNotesDistance=\dimen155
\gre@skip@minShiftText=\skip58
\gre@skip@minShiftNotes=\skip59
\gre@dimen@bolshift=\dimen156
\gre@dimen@bolextra=\dimen157
\gre@dimen@clefwidth@current=\dimen158
\gre@dimen@clefwidth@largest=\dimen159
\gre@dimen@clefwidth@bol=\dimen160
\gre@dimen@eolshift=\dimen161
\gre@dimen@glyphraisevalue=\dimen162
\gre@dimen@additionalbottomspace=\dimen163
\gre@dimen@additionaltopspace=\dimen164
\gre@dimen@additionaltopspacealt=\dimen165
\gre@dimen@additionaltopspacenabc=\dimen166
\gre@space@count@additionaltopspacethreshold=\count289
\gre@space@count@additionaltopspacealtthreshold=\count290
\gre@space@count@additionaltopspacenabcthreshold=\count291
\gre@space@count@noteadditionalspacelinestextthreshold=\count292
\gre@saved@prediscretionary@dimen@additionalbottomspace=\dimen167
\gre@saved@prediscretionary@dimen@additionaltopspace=\dimen168
\gre@saved@prediscretionary@dimen@additionaltopspacealt=\dimen169
\gre@saved@prediscretionary@dimen@additionaltopspacenabc=\dimen170
\gre@saved@prediscretionary@dimen@currenttranslationheight=\dimen171
\gre@saved@prediscretionary@dimen@textlower=\dimen172
\gre@saved@prediscretionary@dimen@currentabovelinestextheight=\dimen173
\gre@saved@prediscretionary@dimen@constantglyphraise=\dimen174
\gre@dimen@textaligncenter=\dimen175
\gre@dimen@enddifference=\dimen176
\gre@dimen@previousenddifference=\dimen177
\gre@dimen@currenttranslationheight=\dimen178
\gre@skip@nextbegindifference=\skip60
\gre@dimen@annotationtrueraise=\dimen179
\gre@dimen@commentarytrueraise=\dimen180
\gre@skip@bar@requirement=\skip61
\gre@skip@bar@allocation=\skip62
\gre@dimen@bar@shift=\dimen181
\gre@skip@text@requirement=\skip63
\gre@skip@text@allocation=\skip64
\gre@dimen@text@shift=\dimen182
\gre@dimen@adjustedpreviousenddifference=\dimen183
\gre@skip@adjustednextbegindifference=\dimen184
\gre@skip@punctummorashift=\skip65
\gre@skip@alterationshift=\skip66
\gre@dimen@begindifference=\dimen185
\gre@dimen@lastglyphwidth=\dimen186
\gre@dimen@notesaligncenter=\dimen187
\gre@dimen@additionalleftspace=\dimen188
\gre@dimen@initialwidth=\dimen189
\gre@dimen@currentabovelinestextheight=\dimen190
\gre@dimen@temp@one=\dimen191
\gre@dimen@temp@two=\dimen192
\gre@dimen@temp@three=\dimen193
\gre@dimen@temp@four=\dimen194
\gre@dimen@temp@five=\dimen195
\gre@skip@temp@one=\skip67
\gre@skip@temp@two=\skip68
\gre@skip@temp@three=\skip69
\gre@skip@temp@four=\skip70
\gre@count@temp@one=\count293
\gre@count@temp@two=\count294
\gre@count@temp@three=\count295
\gre@space@count@newlinepenalty=\count296
\gre@space@count@nobreakpenalty=\count297
\gre@space@count@endofwordpenalty=\count298
\gre@space@count@endofsyllablepenalty=\count299
\gre@space@count@endafterbarpenalty=\count300
\gre@space@count@endafterbaraltpenalty=\count301
\gre@space@count@finalpenalty=\count302
\gre@space@count@endofelementpenalty=\count303
\gre@space@count@hyphenpenalty=\count304
\gre@space@count@brokenpenalty=\count305
\gre@space@count@looseness=\count306
\gre@space@count@tolerance=\count307
\gre@space@count@pretolerance=\count308
\gre@space@count@widowpenalty=\count309
\gre@space@count@clubpenalty=\count310
\greconffactor=\count311
)
\gre@box@temp@width=\box53
\gre@box@initial=\box54
\gre@biginitial=\count312
\gre@knownline=\count313
\gre@box@annotation=\box55
\gre@box@add=\box56
\gre@box@old=\box57
\gre@count@annotationvalign=\count314
\gre@box@commentary=\box58
\gre@box@lines=\box59
Module gregoriotex Info: Registering variant font greciliae as gre@font@variant@
A. on input line 987
Module gregoriotex Info: Registering variant font greciliae-hollow as gre@font@v
ariant@B. on input line 987
Module gregoriotex Info: Registering variant font greciliae-hole as gre@font@var
iant@C. on input line 987
luaotfload | cache : Lookup cache loaded from C:/Users/kosik/AppData/Local/MiKTe
X/luatex-cache/generic/names/luaotfload-lookup-cache.luc.
Module gregoriotex Info: Mapping font greciliae on input line 992
Module gregoriotex Info: Mapping font greciliae-hollow on input line 992
Module gregoriotex Info: Mapping font greciliae-hole on input line 992

(C:/Users/kosik/AppData/Local/Programs/MiKTeX/tex/luatex/gregoriotex/gregoriote
x-chars.tex
\gre@box@hep=\box60
)
(C:/Users/kosik/AppData/Local/Programs/MiKTeX/tex/luatex/gregoriotex/gregoriote
x-signs.tex
\gre@box@temp@clef=\box61
\gre@box@temp@cleftwo=\box62
\greslurheight=\dimen196
\gre@box@temp@sign=\box63
\gre@count@shiftaftermora=\count315
\gre@dimen@morawidth=\dimen197
\gre@skip@bar@lastskip=\skip71
\gre@count@lastglyphiscavum=\count316
)
(C:/Users/kosik/AppData/Local/Programs/MiKTeX/tex/luatex/gregoriotex/gregoriote
x-syllable.tex
\gre@generate@pointandclick=\count317
\gre@box@syllablenotes=\box64
\gre@box@syllabletext=\box65
\gre@clivisalignment=\count318
\gre@count@unbreakabletotalnotes=\count319
\gre@count@unbreakableinitialnotes=\count320
\gre@count@unbreakablefinalnotes=\count321
\gre@count@syllablenotes=\count322
)
\gre@variableheightexpansion=\count323
\gre@lastoflinecount=\count324
\gre@saved@prenlba@nobreakpenalty=\count325
\gre@saved@prenlba@endofwordpenalty=\count326
\gre@saved@prenlba@endofsyllablepenalty=\count327
\gre@saved@prenlba@endafterbarpenalty=\count328
\gre@saved@prenlba@endafterbaraltpenalty=\count329
\gre@saved@prenlba@endofelementpenalty=\count330
\gre@saved@prenlba@hyphenpenalty=\count331
\gre@lasteuouaeindex=\count332

(C:/Users/kosik/AppData/Local/Programs/MiKTeX/tex/luatex/gregoriotex/gregoriote
x-symbols.tex
Module gregoriotex Info: Registering variant font greextra as gre@font@variant@D
. on input line 53
)
\gre@dimen@stafflinethicknessbase=\dimen198
\gre@dimen@glyphraisebase=\dimen199
\gre@dimen@interstafflinedistancebase=\dimen256
\gre@dimen@inclinatumonlinemoravshiftbase=\dimen257
\gre@dimen@inclinatumonlinemorahshiftbase=\dimen258
\gre@dimen@inclinatumofflinemorahshiftbase=\dimen259

(C:/Users/kosik/AppData/Local/Programs/MiKTeX/tex/luatex/gregoriotex/gregoriote
x-gsp-default.tex)
(C:/Users/kosik/AppData/Local/Programs/MiKTeX/tex/luatex/gregoriotex/gregoriote
x-nabc.tex)))
(C:/Users/kosik/AppData/Local/Programs/MiKTeX/tex/generic/babel/babel.sty
Package: babel 2024/04/20 v24.4 The Babel package

(C:/Users/kosik/AppData/Local/Programs/MiKTeX/tex/generic/babel/luababel.def
\bbl@readstream=\read3
\l@afrikaans=\language2
Package babel Info: Non-standard hyphenation setup on input line 118.
\l@ancientgreek=\language3
\l@armenian=\language4
\l@assamese=\language5
\l@basque=\language6
\l@belarusian=\language7
\l@bengali=\language8
\l@bokmal=\language9
\l@bulgarian=\language10
\l@catalan=\language11
\l@churchslavonic=\language12
\l@classiclatin=\language13
\l@coptic=\language14
\l@croatian=\language15
\l@czech=\language16
\l@danish=\language17
\l@dutch=\language18
\l@esperanto=\language19
\l@estonian=\language20
\l@ethiopic=\language21
\l@finnish=\language22
\l@french=\language23
\l@friulan=\language24
\l@galician=\language25
\l@georgian=\language26
\l@german=\language27
\l@greek=\language28
\l@gujarati=\language29
\l@hindi=\language30
\l@hungarian=\language31
\l@icelandic=\language32
\l@indonesian=\language33
\l@interlingua=\language34
\l@irish=\language35
\l@italian=\language36
\l@kannada=\language37
\l@kurmanji=\language38
\l@latin=\language39
\l@latvian=\language40
\l@lithuanian=\language41
\l@liturgicallatin=\language42
\l@macedonian=\language43
\l@malayalam=\language44
\l@marathi=\language45
\l@mongolian=\language46
\l@mongolianlmc=\language47
\l@monogreek=\language48
\l@ngerman=\language49
\l@nynorsk=\language50
\l@occitan=\language51
\l@oriya=\language52
\l@pali=\language53
\l@panjabi=\language54
\l@piedmontese=\language55
\l@polish=\language56
\l@portuguese=\language57
\l@romanian=\language58
\l@romansh=\language59
\l@russian=\language60
\l@sanskrit=\language61
\l@serbian=\language62
\l@serbianc=\language63
\l@slovak=\language64
\l@slovenian=\language65
\l@spanish=\language66
\l@swedish=\language67
\l@swissgerman=\language68
\l@tamil=\language69
\l@telugu=\language70
\l@thai=\language71
\l@turkish=\language72
\l@turkmen=\language73
\l@ukenglish=\language74
\l@ukrainian=\language75
\l@uppersorbian=\language76
\l@usenglishmax=\language77
\l@welsh=\language78
\babelcatcodetablenum=\catcodetable18
\bbl@pattcodes=\catcodetable19
)
\babel@savecnt=\count333
\U@D=\dimen260
\l@unhyphenated=\language79

(C:/Users/kosik/AppData/Local/Programs/MiKTeX/tex/generic/babel/luababel.def
\bbl@attr@locale=\attribute12
)
*************************************
* Local config file bblopts.cfg used
*
(C:/Users/kosik/AppData/Local/Programs/MiKTeX/tex/latex/arabi/bblopts.cfg
File: bblopts.cfg 2005/09/08 v0.1 add Arabic and Farsi to "declared" options of
 babel
)
(C:/Users/kosik/AppData/Local/Programs/MiKTeX/tex/latex/babel-polish/polish.ldf
Language: polish 2022/03/12 1.3 Babel support for Polish
Package babel Info: Making " an active character on input line 101.

(C:/Users/kosik/AppData/Local/Programs/MiKTeX/tex/generic/hyph-utf8/loadhyph/lo
adhyph-pl.tex UTF-8 Polish hyphenation patterns
(C:/Users/kosik/AppData/Local/Programs/MiKTeX/tex/generic/hyph-utf8/patterns/te
x/hyph-pl.tex))))
(C:/Users/kosik/AppData/Local/Programs/MiKTeX/tex/generic/babel/locale/pl/babel
-polish.tex
Package babel Info: Importing font and identification data for polish
(babel)             from babel-pl.ini. Reported on input line 11.
)
(C:/Users/kosik/AppData/Local/Programs/MiKTeX/tex/latex/base/fontenc.sty
Package: fontenc 2021/04/29 v2.0v Standard LaTeX package
LaTeX Font Info:    Trying to load font information for T1+LinLibertine(0) on i
nput line 112.
LaTeX Font Info:    No file T1LinLibertine(0).fd. on input line 112.


LaTeX Font Warning: Font shape `T1/LinLibertine(0)/m/n' undefined
(Font)              using `T1/cmr/m/n' instead on input line 112.

) (C:/Users/kosik/AppData/Local/Programs/MiKTeX/tex/latex/csquotes/csquotes.sty
Package: csquotes 2024-04-04 v5.2o context-sensitive quotations (JAW)
(C:/Users/kosik/AppData/Local/Programs/MiKTeX/tex/latex/etoolbox/etoolbox.sty
Package: etoolbox 2020/10/05 v2.5k e-TeX tools for LaTeX (JAW)
\etb@tempcnta=\count334
)
\csq@reset=\count335
\csq@gtype=\count336
\csq@glevel=\count337
\csq@qlevel=\count338
\csq@maxlvl=\count339
\csq@tshold=\count340
\csq@ltx@everypar=\toks20

(C:/Users/kosik/AppData/Local/Programs/MiKTeX/tex/latex/csquotes/csquotes.def
File: csquotes.def 2024-04-04 v5.2o csquotes generic definitions (JAW)
)
Package csquotes Info: Trying to load configuration file 'csquotes.cfg'...
Package csquotes Info: ... configuration file loaded successfully.

(C:/Users/kosik/AppData/Local/Programs/MiKTeX/tex/latex/csquotes/csquotes.cfg
File: csquotes.cfg 
)
Package csquotes Info: Enabling multilingual quotes.
) (C:/Users/kosik/AppData/Local/Programs/MiKTeX/tex/latex/lipsum/lipsum.sty
(C:/Users/kosik/AppData/Local/Programs/MiKTeX/tex/latex/l3packages/l3keys2e/l3k
eys2e.sty
Package: l3keys2e 2024-03-14 LaTeX2e option processing using LaTeX3 keys
)
Package: lipsum 2021-09-20 v2.7 150 paragraphs of Lorem Ipsum dummy text
\g__lipsum_par_int=\count341
\l__lipsum_a_int=\count342
\l__lipsum_b_int=\count343

(C:/Users/kosik/AppData/Local/Programs/MiKTeX/tex/latex/lipsum/lipsum.ltd.tex)) (C:/Users/kosik/AppData/Local/Programs/MiKTeX/tex/latex/geometry/geometry.sty
Package: geometry 2020/01/02 v5.9 Page Geometry

(C:/Users/kosik/AppData/Local/Programs/MiKTeX/tex/generic/iftex/ifvtex.sty
Package: ifvtex 2019/10/25 v1.7 ifvtex legacy package. Use iftex instead.
)
\Gm@cnth=\count344
\Gm@cntv=\count345
\c@Gm@tempcnt=\count346
\Gm@bindingoffset=\dimen261
\Gm@wd@mp=\dimen262
\Gm@odd@mp=\dimen263
\Gm@even@mp=\dimen264
\Gm@layoutwidth=\dimen265
\Gm@layoutheight=\dimen266
\Gm@layouthoffset=\dimen267
\Gm@layoutvoffset=\dimen268
\Gm@dimlist=\toks21

(C:/Users/kosik/AppData/Local/Programs/MiKTeX/tex/latex/geometry/geometry.cfg)) (C:/Users/kosik/AppData/Local/Programs/MiKTeX/tex/latex/titlesec/titlesec.sty
Package: titlesec 2023/10/27 v2.16 Sectioning titles
\ttl@box=\box66
\beforetitleunit=\skip72
\aftertitleunit=\skip73
\ttl@plus=\dimen269
\ttl@minus=\dimen270
\ttl@toksa=\toks22
\titlewidth=\dimen271
\titlewidthlast=\dimen272
\titlewidthfirst=\dimen273
)
luaotfload | aux : font no 55 (nil) defines no feature for script latn
luaotfload | aux : font no 55 (nil) defines no feature for script dflt

Package fontspec Info: Font family 'BookAntiqua(0)' created for font 'Book
(fontspec)             Antiqua' with options [Ligatures=TeX].
(fontspec)              
(fontspec)              This font family consists of the following NFSS
(fontspec)             series/shapes:
(fontspec)              
(fontspec)             - 'normal' (m/n) with NFSS spec.:
(fontspec)             <->"name:BookAntiqua:mode=node;language=dflt;+tlig;"
(fontspec)             - 'small caps'  (m/sc) with NFSS spec.: 
(fontspec)             - 'bold' (b/n) with NFSS spec.:
(fontspec)             <->"name:BookAntiqua/B:mode=node;language=dflt;+tlig;"
(fontspec)             - 'bold small caps'  (b/sc) with NFSS spec.: 
(fontspec)             - 'italic' (m/it) with NFSS spec.:
(fontspec)             <->"name:BookAntiqua/I:mode=node;language=dflt;+tlig;"
(fontspec)             - 'italic small caps'  (m/scit) with NFSS spec.: 
(fontspec)             - 'bold italic' (b/it) with NFSS spec.:
(fontspec)             <->"name:BookAntiqua/BI:mode=node;language=dflt;+tlig;"
(fontspec)             - 'bold italic small caps'  (b/scit) with NFSS spec.: 

(C:/Users/kosik/AppData/Local/Programs/MiKTeX/tex/latex/pdfpages/pdfpages.sty
Package: pdfpages 2024/01/21 v0.5y Insert pages of external PDF documents (AM)

(C:/Users/kosik/AppData/Local/Programs/MiKTeX/tex/latex/base/ifthen.sty
Package: ifthen 2022/04/13 v1.1d Standard LaTeX ifthen package (DPC)
)
(C:/Users/kosik/AppData/Local/Programs/MiKTeX/tex/latex/tools/calc.sty
Package: calc 2023/07/08 v4.3 Infix arithmetic (KKT,FJ)
\calc@Acount=\count347
\calc@Bcount=\count348
\calc@Adimen=\dimen274
\calc@Bdimen=\dimen275
\calc@Askip=\skip74
\calc@Bskip=\skip75
LaTeX Info: Redefining \setlength on input line 80.
LaTeX Info: Redefining \addtolength on input line 81.
\calc@Ccount=\count349
\calc@Cskip=\skip76
)
(C:/Users/kosik/AppData/Local/Programs/MiKTeX/tex/latex/eso-pic/eso-pic.sty
Package: eso-pic 2023/05/03 v3.0c eso-pic (RN)
\ESO@tempdima=\dimen276
\ESO@tempdimb=\dimen277
)
\AM@pagewidth=\dimen278
\AM@pageheight=\dimen279
\AM@fboxrule=\dimen280

(C:/Users/kosik/AppData/Local/Programs/MiKTeX/tex/latex/pdfpages/ppluatex.def
File: ppluatex.def 2024/01/21 v0.5y Pdfpages driver for LuaTeX (AM)
)
\pdfpages@includegraphics@status=\count350
\AM@pagebox=\box67
\AM@global@opts=\toks23
\AM@pagecnt=\count351
\AM@toc@title=\toks24
\AM@lof@heading=\toks25
\c@AM@survey=\count352
\AM@templatesizebox=\box68
) (C:/Users/kosik/AppData/Local/Programs/MiKTeX/tex/latex/setspace/setspace.sty
Package: setspace 2022/12/04 v6.7b set line spacing
) (./commands.tex) (./style.tex
*geometry* verbose mode - [ newgeometry ] result:
* driver: 
* paper: a5paper
* layout: <same size as paper>
* layoutoffset:(h,v)=(0.0pt,0.0pt)
* modes: twoside 
* h-part:(L,W,R)=(39.83385pt, 364.1953pt, 17.07164pt)
* v-part:(T,H,B)=(56.9055pt, 483.69687pt, 56.9055pt)
* \paperwidth=421.10078pt
* \paperheight=597.50787pt
* \textwidth=364.1953pt
* \textheight=483.69687pt
* \oddsidemargin=-32.43614pt
* \evensidemargin=-55.19835pt
* \topmargin=-45.43198pt
* \headheight=12.0pt
* \headsep=18.06749pt
* \topskip=10.0pt
* \footskip=25.29494pt
* \marginparwidth=51.0pt
* \marginparsep=7.0pt
* \columnsep=10.0pt
* \skip\footins=9.0pt plus 4.0pt minus 2.0pt
* \hoffset=0.0pt
* \voffset=0.0pt
* \mag=1000
* \@twocolumnfalse
* \@twosidetrue
* \@mparswitchtrue
* \@reversemarginfalse
* (1in=72.27pt=25.4mm, 1cm=28.453pt)

Module gregoriotex Info: greciliae : gre@font@variant@A : rescaling greciliae to
 1500000.0 on input line 36
Module gregoriotex Info: greciliae-hole : gre@font@variant@C : rescaling grecili
ae-hole to 1500000.0 on input line 36
Module gregoriotex Info: greciliae-hollow : gre@font@variant@B : rescaling greci
liae-hollow to 1500000.0 on input line 36
Module gregoriotex Info: capturing header sigla using grecommentary[2mm], string
=nil, name=nil on input line 41
)
Package csquotes Info: Checking for multilingual support...
Package csquotes Info: ... found 'babel' package.
No file ofiarowanie_short.aux.

\openout1 = ofiarowanie_short.aux
LaTeX Font Info:    Checking defaults for OML/cmm/m/it on input line 31.
LaTeX Font Info:    ... okay on input line 31.
LaTeX Font Info:    Checking defaults for OMS/cmsy/m/n on input line 31.
LaTeX Font Info:    ... okay on input line 31.
LaTeX Font Info:    Checking defaults for OT1/cmr/m/n on input line 31.
LaTeX Font Info:    ... okay on input line 31.
LaTeX Font Info:    Checking defaults for T1/cmr/m/n on input line 31.
LaTeX Font Info:    ... okay on input line 31.
LaTeX Font Info:    Checking defaults for TS1/cmr/m/n on input line 31.
LaTeX Font Info:    Trying to load font information for TS1+cmr on input line 3
1.
(C:/Users/kosik/AppData/Local/Programs/MiKTeX/tex/latex/base/ts1cmr.fd
File: ts1cmr.fd 2023/04/13 v2.5m Standard LaTeX font definitions
)
LaTeX Font Info:    ... okay on input line 31.
LaTeX Font Info:    Checking defaults for TU/lmr/m/n on input line 31.
LaTeX Font Info:    ... okay on input line 31.
LaTeX Font Info:    Checking defaults for OMX/cmex/m/n on input line 31.
LaTeX Font Info:    ... okay on input line 31.
LaTeX Font Info:    Checking defaults for U/cmr/m/n on input line 31.
LaTeX Font Info:    ... okay on input line 31.

Package fontspec Info: Adjusting the maths setup (use [no-math] to avoid
(fontspec)             this).

\symlegacymaths=\mathgroup4
LaTeX Font Info:    Overwriting symbol font `legacymaths' in version `bold'
(Font)                  OT1/cmr/m/n --> OT1/cmr/bx/n on input line 31.
LaTeX Font Info:    Redeclaring math accent \acute on input line 31.
LaTeX Font Info:    Redeclaring math accent \grave on input line 31.
LaTeX Font Info:    Redeclaring math accent \ddot on input line 31.
LaTeX Font Info:    Redeclaring math accent \tilde on input line 31.
LaTeX Font Info:    Redeclaring math accent \bar on input line 31.
LaTeX Font Info:    Redeclaring math accent \breve on input line 31.
LaTeX Font Info:    Redeclaring math accent \check on input line 31.
LaTeX Font Info:    Redeclaring math accent \hat on input line 31.
LaTeX Font Info:    Redeclaring math accent \dot on input line 31.
LaTeX Font Info:    Redeclaring math accent \mathring on input line 31.
LaTeX Font Info:    Redeclaring math symbol \colon on input line 31.
LaTeX Font Info:    Redeclaring math symbol \Gamma on input line 31.
LaTeX Font Info:    Redeclaring math symbol \Delta on input line 31.
LaTeX Font Info:    Redeclaring math symbol \Theta on input line 31.
LaTeX Font Info:    Redeclaring math symbol \Lambda on input line 31.
LaTeX Font Info:    Redeclaring math symbol \Xi on input line 31.
LaTeX Font Info:    Redeclaring math symbol \Pi on input line 31.
LaTeX Font Info:    Redeclaring math symbol \Sigma on input line 31.
LaTeX Font Info:    Redeclaring math symbol \Upsilon on input line 31.
LaTeX Font Info:    Redeclaring math symbol \Phi on input line 31.
LaTeX Font Info:    Redeclaring math symbol \Psi on input line 31.
LaTeX Font Info:    Redeclaring math symbol \Omega on input line 31.
LaTeX Font Info:    Redeclaring math symbol \mathdollar on input line 31.
LaTeX Font Info:    Redeclaring symbol font `operators' on input line 31.
LaTeX Font Info:    Encoding `OT1' has changed to `TU' for symbol font
(Font)              `operators' in the math version `normal' on input line 31.
LaTeX Font Info:    Overwriting symbol font `operators' in version `normal'
(Font)                  OT1/cmr/m/n --> TU/BookAntiqua(0)/m/n on input line 31.

LaTeX Font Info:    Encoding `OT1' has changed to `TU' for symbol font
(Font)              `operators' in the math version `bold' on input line 31.
LaTeX Font Info:    Overwriting symbol font `operators' in version `bold'
(Font)                  OT1/cmr/bx/n --> TU/BookAntiqua(0)/m/n on input line 31
.
LaTeX Font Info:    Overwriting symbol font `operators' in version `normal'
(Font)                  TU/BookAntiqua(0)/m/n --> TU/BookAntiqua(0)/m/n on inpu
t line 31.
LaTeX Font Info:    Overwriting math alphabet `\mathit' in version `normal'
(Font)                  OT1/cmr/m/it --> TU/BookAntiqua(0)/m/it on input line 3
1.
LaTeX Font Info:    Overwriting math alphabet `\mathbf' in version `normal'
(Font)                  OT1/cmr/bx/n --> TU/BookAntiqua(0)/b/n on input line 31
.
LaTeX Font Info:    Overwriting math alphabet `\mathsf' in version `normal'
(Font)                  OT1/cmss/m/n --> TU/LinBiolinum(0)/m/n on input line 31
.
LaTeX Font Info:    Overwriting math alphabet `\mathtt' in version `normal'
(Font)                  OT1/cmtt/m/n --> TU/LinLibertine(5)/m/n on input line 3
1.
LaTeX Font Info:    Overwriting symbol font `operators' in version `bold'
(Font)                  TU/BookAntiqua(0)/m/n --> TU/BookAntiqua(0)/b/n on inpu
t line 31.
LaTeX Font Info:    Overwriting math alphabet `\mathit' in version `bold'
(Font)                  OT1/cmr/bx/it --> TU/BookAntiqua(0)/b/it on input line 
31.
LaTeX Font Info:    Overwriting math alphabet `\mathsf' in version `bold'
(Font)                  OT1/cmss/bx/n --> TU/LinBiolinum(0)/b/n on input line 3
1.
LaTeX Font Info:    Overwriting math alphabet `\mathtt' in version `bold'
(Font)                  OT1/cmtt/m/n --> TU/LinLibertine(5)/b/n on input line 3
1.

(C:/Users/kosik/AppData/Local/Programs/MiKTeX/tex/context/base/mkii/supp-pdf.mk
ii
[Loading MPS to PDF converter (version 2006.09.02).]
\scratchcounter=\count353
\scratchdimen=\dimen281
\scratchbox=\box69
\nofMPsegments=\count354
\nofMParguments=\count355
\everyMPshowfont=\toks26
\MPscratchCnt=\count356
\MPscratchDim=\dimen282
\MPnumerator=\count357
\makeMPintoPDFobject=\count358
\everyMPtoPDFconversion=\toks27
)
(C:/Users/kosik/AppData/Local/Programs/MiKTeX/tex/latex/epstopdf-pkg/epstopdf-b
ase.sty
Package: epstopdf-base 2020-01-24 v2.11 Base part for package epstopdf
Package epstopdf-base Info: Redefining graphics rule for `.eps' on input line 4
85.

(C:/Users/kosik/AppData/Local/Programs/MiKTeX/tex/latex/00miktex/epstopdf-sys.c
fg
File: epstopdf-sys.cfg 2021/03/18 v2.0 Configuration of epstopdf for MiKTeX
))
*geometry* driver: auto-detecting
*geometry* detected driver: luatex
*geometry* verbose mode - [ preamble ] result:
* driver: luatex
* paper: a5paper
* layout: <same size as paper>
* layoutoffset:(h,v)=(0.0pt,0.0pt)
* modes: twoside 
* h-part:(L,W,R)=(39.83385pt, 364.1953pt, 17.07164pt)
* v-part:(T,H,B)=(56.9055pt, 483.69687pt, 56.9055pt)
* \paperwidth=421.10078pt
* \paperheight=597.50787pt
* \textwidth=364.1953pt
* \textheight=483.69687pt
* \oddsidemargin=-32.43614pt
* \evensidemargin=-55.19835pt
* \topmargin=-45.43198pt
* \headheight=12.0pt
* \headsep=18.06749pt
* \topskip=10.0pt
* \footskip=25.29494pt
* \marginparwidth=51.0pt
* \marginparsep=7.0pt
* \columnsep=10.0pt
* \skip\footins=9.0pt plus 4.0pt minus 2.0pt
* \hoffset=0.0pt
* \voffset=0.0pt
* \mag=1000
* \@twocolumnfalse
* \@twosidetrue
* \@mparswitchtrue
* \@reversemarginfalse
* (1in=72.27pt=25.4mm, 1cm=28.453pt)


(C:/Users/kosik/AppData/Local/Programs/MiKTeX/tex/latex/pdflscape/pdflscape.sty
Package: pdflscape 2022-10-27 v0.13 Display of landscape pages in PDF

(C:/Users/kosik/AppData/Local/Programs/MiKTeX/tex/latex/pdflscape/pdflscape-nom
etadata.sty
Package: pdflscape-nometadata 2022-10-28 v0.13 Display of landscape pages in PD
F (HO)

(C:/Users/kosik/AppData/Local/Programs/MiKTeX/tex/latex/graphics/lscape.sty
Package: lscape 2020/05/28 v3.02 Landscape Pages (DPC)
)
Package pdflscape Info: Auto-detected driver: pdftex on input line 81.
))
Module gregoriotex Info: Looking in  on input line 36
Module gregoriotex Info: Found GABC/Wlasne/purificationis_hymn.gabc directly on 
input line 36
Module gregoriotex Info: Looking in  on input line 36
Module gregoriotex Info: Found GABC/Wlasne/purificationis_hymn-6_0_0.gtex direct
ly on input line 36

(./GABC/Wlasne/purificationis_hymn-6_0_0.gtex
Removing  `luaotfload.harf.finalize_vlist' from `post_linebreak_filter'.
Inserting `gregoriotex.post_linebreak' in `post_linebreak_filter'.
Inserting `luaotfload.harf.finalize_vlist' in `post_linebreak_filter'.
Inserting `gregoriotex.disable_hyphenation' in `hyphenate'.
Underfull \hbox (badness 2990) in paragraph at lines 7--1342
[][][][][][][] [][][] [][][] [] [] [][][] [][][][][][] [] [] [][][] [] []  [][]
[] [][][][][][] [][][][][][] [] [] [][][][][][] [][][] [] [][] []
 []


Underfull \hbox (badness 1824) in paragraph at lines 7--1342
[][][][] [][][][][][] [][][] [] [] [][][] [][][] [][][] [] [] [][][] [] []  [][
][][][][][][][] [][][][][][] [] [] [][][][][][] [][][] [] [][] []
 []


Underfull \hbox (badness 7832) in paragraph at lines 7--1342
[][][][][][][] [][][][][][][][] [] [] [][][] [][][] [][][] [][][] [] []  [][][]
 [][][] [][][][][][] [] [] [][][] [][][][][][] [][][] [] [] []
 []


Underfull \hbox (badness 10000) in paragraph at lines 7--1342
[]
 []

Removing  `gregoriotex.post_linebreak' from `post_linebreak_filter'.
Removing  `gregoriotex.disable_hyphenation' from `hyphenate'.)
LaTeX Font Info:    Font shape `TU/BookAntiqua(0)/m/sl' in size <10> not availa
ble
(Font)              Font shape `TU/BookAntiqua(0)/m/it' tried instead on input 
line 38.
 [1{C:/Users/kosik/AppData/Local/MiKTeX/fonts/map/pdftex/pdftex.map}


]
Module gregoriotex Info: Looking in  on input line 40
Module gregoriotex Info: Found GABC/Wlasne/sancta_dei_genitrix_1_ves.gabc direct
ly on input line 40
Module gregoriotex Info: Looking in  on input line 40
Module gregoriotex Info: Found GABC/Wlasne/sancta_dei_genitrix_1_ves-6_0_0.gtex 
directly on input line 40

(./GABC/Wlasne/sancta_dei_genitrix_1_ves-6_0_0.gtex
Removing  `luaotfload.harf.finalize_vlist' from `post_linebreak_filter'.
Inserting `gregoriotex.post_linebreak' in `post_linebreak_filter'.
Inserting `luaotfload.harf.finalize_vlist' in `post_linebreak_filter'.
Inserting `gregoriotex.disable_hyphenation' in `hyphenate'.
Removing  `gregoriotex.post_linebreak' from `post_linebreak_filter'.
Removing  `gregoriotex.disable_hyphenation' from `hyphenate'.)
Module gregoriotex Info: Looking in  on input line 113
Module gregoriotex Info: Found GABC/Wlasne/nunc_dimittis_inc.gabc directly on in
put line 113
Module gregoriotex Info: Looking in  on input line 113
Module gregoriotex Info: Found GABC/Wlasne/nunc_dimittis_inc-6_0_0.gtex directly
 on input line 113

(./GABC/Wlasne/nunc_dimittis_inc-6_0_0.gtex
Removing  `luaotfload.harf.finalize_vlist' from `post_linebreak_filter'.
Inserting `gregoriotex.post_linebreak' in `post_linebreak_filter'.
Inserting `luaotfload.harf.finalize_vlist' in `post_linebreak_filter'.
Inserting `gregoriotex.disable_hyphenation' in `hyphenate'.
Underfull \hbox (badness 10000) in paragraph at lines 7--203
 []  [][][] [][][] [][][] [][][] [][][][][][] [] [][]  [][][][][][] [][][][][][
] [][][][][][] [][][][][][] [][][][][][] [][][] [] [] []
 []

Removing  `gregoriotex.post_linebreak' from `post_linebreak_filter'.
Removing  `gregoriotex.disable_hyphenation' from `hyphenate'.)
Module gregoriotex Info: Looking in  on input line 119
Module gregoriotex Info: Found GABC/Wlasne/nunc_dimittis.gabc directly on input 
line 119
Module gregoriotex Info: Looking in  on input line 119
Module gregoriotex Info: Found GABC/Wlasne/nunc_dimittis-6_0_0.gtex directly on 
input line 119
 (./GABC/Wlasne/nunc_dimittis-6_0_0.gtex
Removing  `luaotfload.harf.finalize_vlist' from `post_linebreak_filter'.
Inserting `gregoriotex.post_linebreak' in `post_linebreak_filter'.
Inserting `luaotfload.harf.finalize_vlist' in `post_linebreak_filter'.
Inserting `gregoriotex.disable_hyphenation' in `hyphenate'.
Underfull \hbox (badness 3029) in paragraph at lines 7--276
 []  [][][] [][][] [][][] [][][] [][][][][][] [] [][]  [][][] [][][] [] []  [][
][][][][] [][][][][][] [][][][][][] [][][] [][][] [][][] [] [] []
 []


Underfull \hbox (badness 10000) in paragraph at lines 7--276
[][][][] [][][] [][][] [][][][][][] [] []  [][][][][][] [][][][] [] []  [][][] 
[][][] [][][][][][] [] [][][] [] [][] 
 []


Underfull \hbox (badness 10000) in paragraph at lines 7--276
[]
 []

Removing  `gregoriotex.post_linebreak' from `post_linebreak_filter'.
Removing  `gregoriotex.disable_hyphenation' from `hyphenate'.) [2

]
Module gregoriotex Info: Looking in  on input line 133
Module gregoriotex Info: Found GABC/Wlasne/purificationis_hymn.gabc directly on 
input line 133
Module gregoriotex Info: Looking in  on input line 133
Module gregoriotex Info: Found GABC/Wlasne/purificationis_hymn-6_0_0.gtex direct
ly on input line 133
 (./GABC/Wlasne/purificationis_hymn-6_0_0.gtex
Removing  `luaotfload.harf.finalize_vlist' from `post_linebreak_filter'.
Inserting `gregoriotex.post_linebreak' in `post_linebreak_filter'.
Inserting `luaotfload.harf.finalize_vlist' in `post_linebreak_filter'.
Inserting `gregoriotex.disable_hyphenation' in `hyphenate'.
Underfull \hbox (badness 2990) in paragraph at lines 7--1342
[][][][][][][] [][][] [][][] [] [] [][][] [][][][][][] [] [] [][][] [] []  [][]
[] [][][][][][] [][][][][][] [] [] [][][][][][] [][][] [] [][] []
 []


Underfull \hbox (badness 1824) in paragraph at lines 7--1342
[][][][] [][][][][][] [][][] [] [] [][][] [][][] [][][] [] [] [][][] [] []  [][
][][][][][][][] [][][][][][] [] [] [][][][][][] [][][] [] [][] []
 []


Underfull \hbox (badness 7832) in paragraph at lines 7--1342
[][][][][][][] [][][][][][][][] [] [] [][][] [][][] [][][] [][][] [] []  [][][]
 [][][] [][][][][][] [] [] [][][] [][][][][][] [][][] [] [] []
 []


Underfull \hbox (badness 10000) in paragraph at lines 7--1342
[]
 []

Removing  `gregoriotex.post_linebreak' from `post_linebreak_filter'.
Removing  `gregoriotex.disable_hyphenation' from `hyphenate'.) [3

]
Module gregoriotex Info: Looking in  on input line 137
Module gregoriotex Info: Found GABC/Wlasne/sancta_dei_genitrix_1_ves.gabc direct
ly on input line 137
Module gregoriotex Info: Looking in  on input line 137
Module gregoriotex Info: Found GABC/Wlasne/sancta_dei_genitrix_1_ves-6_0_0.gtex 
directly on input line 137
 (./GABC/Wlasne/sancta_dei_genitrix_1_ves-6_0_0.gtex
Removing  `luaotfload.harf.finalize_vlist' from `post_linebreak_filter'.
Inserting `gregoriotex.post_linebreak' in `post_linebreak_filter'.
Inserting `luaotfload.harf.finalize_vlist' in `post_linebreak_filter'.
Inserting `gregoriotex.disable_hyphenation' in `hyphenate'.
Removing  `gregoriotex.post_linebreak' from `post_linebreak_filter'.
Removing  `gregoriotex.disable_hyphenation' from `hyphenate'.)
Module gregoriotex Info: Looking in  on input line 210
Module gregoriotex Info: Found GABC/Wlasne/nunc_dimittis_inc.gabc directly on in
put line 210
Module gregoriotex Info: Looking in  on input line 210
Module gregoriotex Info: Found GABC/Wlasne/nunc_dimittis_inc-6_0_0.gtex directly
 on input line 210

(./GABC/Wlasne/nunc_dimittis_inc-6_0_0.gtex
Removing  `luaotfload.harf.finalize_vlist' from `post_linebreak_filter'.
Inserting `gregoriotex.post_linebreak' in `post_linebreak_filter'.
Inserting `luaotfload.harf.finalize_vlist' in `post_linebreak_filter'.
Inserting `gregoriotex.disable_hyphenation' in `hyphenate'.
Underfull \hbox (badness 10000) in paragraph at lines 7--203
 []  [][][] [][][] [][][] [][][] [][][][][][] [] [][]  [][][][][][] [][][][][][
] [][][][][][] [][][][][][] [][][][][][] [][][] [] [] []
 []

Removing  `gregoriotex.post_linebreak' from `post_linebreak_filter'.
Removing  `gregoriotex.disable_hyphenation' from `hyphenate'.)
Module gregoriotex Info: Looking in  on input line 216
Module gregoriotex Info: Found GABC/Wlasne/nunc_dimittis.gabc directly on input 
line 216
Module gregoriotex Info: Looking in  on input line 216
Module gregoriotex Info: Found GABC/Wlasne/nunc_dimittis-6_0_0.gtex directly on 
input line 216
 (./GABC/Wlasne/nunc_dimittis-6_0_0.gtex
Removing  `luaotfload.harf.finalize_vlist' from `post_linebreak_filter'.
Inserting `gregoriotex.post_linebreak' in `post_linebreak_filter'.
Inserting `luaotfload.harf.finalize_vlist' in `post_linebreak_filter'.
Inserting `gregoriotex.disable_hyphenation' in `hyphenate'.
Underfull \hbox (badness 3029) in paragraph at lines 7--276
 []  [][][] [][][] [][][] [][][] [][][][][][] [] [][]  [][][] [][][] [] []  [][
][][][][] [][][][][][] [][][][][][] [][][] [][][] [][][] [] [] []
 []


Underfull \hbox (badness 10000) in paragraph at lines 7--276
[][][][] [][][] [][][] [][][][][][] [] []  [][][][][][] [][][][] [] []  [][][] 
[][][] [][][][][][] [] [][][] [] [][] 
 []


Underfull \hbox (badness 10000) in paragraph at lines 7--276
[]
 []

Removing  `gregoriotex.post_linebreak' from `post_linebreak_filter'.
Removing  `gregoriotex.disable_hyphenation' from `hyphenate'.) [4

] (./ofiarowanie_short.aux)
 ***********
LaTeX2e <2023-11-01> patch level 1
L3 programming layer <2024-03-14>
 ***********


LaTeX Font Warning: Some font shapes were not available, defaults substituted.

)

Here is how much of LuaTeX's memory you used:
 36942 strings out of 476435
 195330,1977958 words of node,token memory allocated
 1738 words of node memory still in use:
   30 hlist, 5 vlist, 17 rule, 29 glue, 23 kern, 7 glyph, 220 attribute, 65 glue
_spec, 31 attribute_list, 2 write, 1 user_defined nodes
   avail lists: 1:1,2:20724,3:3003,4:8,5:4557,6:376,7:4609,8:2,9:5981,10:7,11:28

 58654 multiletter control sequences out of 65536+600000
 77 fonts using 17753567 bytes
 94i,5n,114p,599b,3291s stack positions out of 10000i,1000n,20000p,200000b,200000s
Module gregoriotex Info: Writing ofiarowanie_short.gaux on input line 0
Module gregoriotex Warning: Line heights or variable brace lengths may have chan
ged. Rerun to fix. on input line 0
<C:/Users/kosik/AppData/Local/Programs/MiKTeX/fonts/truetype/public/gregoriotex/
greciliae.ttf><C:/Windows/Fonts/antquab.ttf><C:/Windows/Fonts/bkant.ttf>
Output written on ofiarowanie_short.pdf (4 pages, 58222 bytes).

PDF statistics: 36 PDF objects out of 1000 (max. 8388607)
 0 named destinations out of 1000 (max. 131072)
 1 words of extra memory for PDF output out of 10000 (max. 100000000)

