This is LuaHBTeX, Version 1.22.0 (MiKTeX 25.4) (format=lualatex 2025.10.10)  20 FEB 2026 16:23
 restricted system commands enabled.
**main.tex
(./main.tex
LaTeX2e <2025-06-01> patch level 1
L3 programming layer <2025-09-02>
Lua module: luaotfload 2024-12-03 v3.29 Lua based OpenType font support
Lua module: lualibs 2023-07-13 v2.76 ConTeXt Lua standard libraries.
Lua module: lualibs-extended 2023-07-13 v2.76 ConTeXt Lua libraries -- extended 
collection.
luaotfload | conf : Root cache directory is "C:/Users/kosik/AppData/Local/MiKTeX
/luatex-cache/generic/names".
luaotfload | init : Loading fontloader "fontloader-2023-12-28.lua" from kpse-res
olved path "C:/Users/kosik/AppData/Local/Programs/MiKTeX/tex/luatex/luaotfload/f
ontloader-2023-12-28.lua".
Lua-only attribute luaotfload@noligature = 1
luaotfload | init : Context OpenType loader version 3.134
Inserting `luaotfload.node_processor' in `pre_linebreak_filter'.
Inserting `luaotfload.node_processor' in `hpack_filter'.
Inserting `luaotfload.glyph_stream' in `glyph_stream_provider'.
Inserting `luaotfload.define_font' in `define_font'.
Lua-only attribute luaotfload_color_attribute = 2
luaotfload | conf : Root cache directory is "C:/Users/kosik/AppData/Local/MiKTeX
/luatex-cache/generic/names".
Inserting `luaotfload.harf.strip_prefix' in `find_opentype_file'.
Inserting `luaotfload.harf.strip_prefix' in `find_truetype_file'.
Removing  `luaotfload.glyph_stream' from `glyph_stream_provider'.
Inserting `luaotfload.harf.glyphstream' in `glyph_stream_provider'.
Inserting `luaotfload.harf.finalize_vlist' in `post_linebreak_filter'.
Inserting `luaotfload.harf.finalize_hlist' in `hpack_filter'.
Inserting `luaotfload.cleanup_files' in `wrapup_run'.
Inserting `luaotfload.harf.finalize_unicode' in `finish_pdffile'.
Inserting `luaotfload.glyphinfo' in `glyph_info'.
Lua-only attribute luaotfload.letterspace_done = 3
Inserting `luaotfload.aux.set_sscale_dimens' in `luaotfload.patch_font'.
Inserting `luaotfload.aux.set_font_index' in `luaotfload.patch_font'.
Inserting `luaotfload.aux.patch_cambria_domh' in `luaotfload.patch_font'.
Inserting `luaotfload.aux.fixup_fontdata' in `luaotfload.patch_font_unsafe'.
Inserting `luaotfload.aux.set_capheight' in `luaotfload.patch_font'.
Inserting `luaotfload.aux.set_xheight' in `luaotfload.patch_font'.
Inserting `luaotfload.rewrite_fontname' in `luaotfload.patch_font'.
Inserting `tracingstacklevels' in `input_level_string'. (C:/Users/kosik/AppData
/Local/Programs/MiKTeX/tex/latex/extsizes/extbook.cls
Document Class: extbook 1999/01/07 v1.4a NON-Standard LaTeX document class
(C:/Users/kosik/AppData/Local/Programs/MiKTeX/tex/latex/extsizes/size14.clo
File: size14.clo 1999/11/11 v1.4a NON-Standard LaTeX file (size option)
luaotfload | db : Font names database loaded from C:/Users/kosik/AppData/Local/M
iKTeX/luatex-cache/generic/names/luaotfload-names.luc.gz)
(C:/Users/kosik/AppData/Local/Programs/MiKTeX/tex/latex/base/exscale.sty
Package: exscale 2018/09/24 v2.1i Standard LaTeX package exscale
LaTeX Font Info:    Redeclaring symbol font `largesymbols' on input line 57.
LaTeX Font Info:    Overwriting symbol font `largesymbols' in version `normal'
(Font)                  OMX/cmex/m/n --> OMX/cmex/m/n on input line 57.
LaTeX Font Info:    Overwriting symbol font `largesymbols' in version `bold'
(Font)                  OMX/cmex/m/n --> OMX/cmex/m/n on input line 57.
\big@size=\dimen147
)
\c@part=\count273
\c@chapter=\count274
\c@section=\count275
\c@subsection=\count276
\c@subsubsection=\count277
\c@paragraph=\count278
\c@subparagraph=\count279
\c@figure=\count280
\c@table=\count281
\abovecaptionskip=\skip49
\belowcaptionskip=\skip50
\bibindent=\dimen148
)
(C:/Users/kosik/AppData/Local/Programs/MiKTeX/tex/latex/libertine/libertine.sty
Package: libertine 2024/04/23 (Bob Tennent) Supports Libertine and Biolinum fon
ts for all LaTeX engines.
(C:/Users/kosik/AppData/Local/Programs/MiKTeX/tex/generic/iftex/ifxetex.sty
Package: ifxetex 2019/10/25 v0.7 ifxetex legacy package. Use iftex instead.

(C:/Users/kosik/AppData/Local/Programs/MiKTeX/tex/generic/iftex/iftex.sty
Package: iftex 2024/12/12 v1.0g TeX engine tests
))
(C:/Users/kosik/AppData/Local/Programs/MiKTeX/tex/generic/iftex/ifluatex.sty
Package: ifluatex 2019/10/25 v1.5 ifluatex legacy package. Use iftex instead.
)
(C:/Users/kosik/AppData/Local/Programs/MiKTeX/tex/latex/xkeyval/xkeyval.sty
Package: xkeyval 2022/06/16 v2.9 package option processing (HA)

(C:/Users/kosik/AppData/Local/Programs/MiKTeX/tex/generic/xkeyval/xkeyval.tex
(C:/Users/kosik/AppData/Local/Programs/MiKTeX/tex/generic/xkeyval/xkvutils.tex
\XKV@toks=\toks17
\XKV@tempa@toks=\toks18

(C:/Users/kosik/AppData/Local/Programs/MiKTeX/tex/generic/xkeyval/keyval.tex))
\XKV@depth=\count282
File: xkeyval.tex 2014/12/03 v2.7a key=value parser (HA)
)) (C:/Users/kosik/AppData/Local/Programs/MiKTeX/tex/latex/base/textcomp.sty
Package: textcomp 2024/04/24 v2.1b Standard LaTeX package
)
(C:/Users/kosik/AppData/Local/Programs/MiKTeX/tex/latex/fontspec/fontspec.sty
(C:/Users/kosik/AppData/Local/Programs/MiKTeX/tex/latex/l3packages/xparse/xpars
e.sty
(C:/Users/kosik/AppData/Local/Programs/MiKTeX/tex/latex/l3kernel/expl3.sty
Package: expl3 2025-09-02 L3 programming layer (loader) 

(C:/Users/kosik/AppData/Local/Programs/MiKTeX/tex/latex/l3backend/l3backend-lua
tex.def
File: l3backend-luatex.def 2025-06-09 L3 backend support: PDF output (LuaTeX)
\l__color_backend_stack_int=\count283
Inserting `l3color' in `luaotfload.parse_color'.))
Package: xparse 2024-08-16 L3 Experimental document command parser
)
Package: fontspec 2024/05/11 v2.9e Font selection for XeLaTeX and LuaLaTeX
Lua module: fontspec 2024/05/11 v2.9e Font selection for XeLaTeX and LuaLaTeX
(C:/Users/kosik/AppData/Local/Programs/MiKTeX/tex/latex/fontspec/fontspec-luate
x.sty
Package: fontspec-luatex 2024/05/11 v2.9e Font selection for XeLaTeX and LuaLaT
eX
\l__fontspec_script_int=\count284
\l__fontspec_language_int=\count285
\l__fontspec_strnum_int=\count286
\l__fontspec_tmp_int=\count287
\l__fontspec_tmpa_int=\count288
\l__fontspec_tmpb_int=\count289
\l__fontspec_tmpc_int=\count290
\l__fontspec_em_int=\count291
\l__fontspec_emdef_int=\count292
\l__fontspec_strong_int=\count293
\l__fontspec_strongdef_int=\count294
\l__fontspec_tmpa_dim=\dimen149
\l__fontspec_tmpb_dim=\dimen150
\l__fontspec_tmpc_dim=\dimen151
 (C:/Users/kosik/AppData/Local/Programs/MiKTeX/tex/latex/base/fontenc.sty
Package: fontenc 2024/12/21 v2.1c Standard LaTeX package
) (C:/Users/kosik/AppData/Local/Programs/MiKTeX/tex/latex/fontspec/fontspec.cfg
)))

Package fontspec Info: 
(fontspec)             LinLibertine_R scale = 1.


Package fontspec Info: 
(fontspec)             LinLibertine_R scale = 1.


Package fontspec Info: 
(fontspec)             LinLibertine_R scale = 1.


Package fontspec Info: 
(fontspec)             LinLibertine_RB scale = 1.


Package fontspec Info: 
(fontspec)             LinLibertine_RB scale = 1.


Package fontspec Info: 
(fontspec)             LinLibertine_RI scale = 1.


Package fontspec Info: 
(fontspec)             LinLibertine_RI scale = 1.


Package fontspec Info: 
(fontspec)             LinLibertine_RBI scale = 1.


Package fontspec Info: 
(fontspec)             LinLibertine_RBI scale = 1.


Package fontspec Info: 
(fontspec)             Font family 'LinLibertine(0)' created for font
(fontspec)             'LinLibertine' with options [Ligatures = TeX,Extension
(fontspec)             =
(fontspec)             .otf,SmallCapsFeatures={Letters=SmallCaps},Ligatures=TeX
,Numbers
(fontspec)             = {Proportional,OldStyle},Scale = 1,UprightFont =
(fontspec)             *_R,ItalicFont = *_RI,BoldFont = *_RB,BoldItalicFont =
(fontspec)             *_RBI].
(fontspec)              
(fontspec)              This font family consists of the following NFSS
(fontspec)             series/shapes:
(fontspec)              
(fontspec)             - 'normal' (m/n) with NFSS spec.:
(fontspec)             <->s*[1]"[LinLibertine_R.otf]:mode=node;script=latn;lang
uage=dflt;+tlig;+pnum;+onum;"
(fontspec)             - 'small caps'  (m/sc) with NFSS spec.:
(fontspec)             <->s*[1]"[LinLibertine_R.otf]:mode=node;script=latn;lang
uage=dflt;+tlig;+pnum;+onum;+smcp;"
(fontspec)             - 'bold' (b/n) with NFSS spec.:
(fontspec)             <->s*[1]"[LinLibertine_RB.otf]:mode=node;script=latn;lan
guage=dflt;+tlig;+pnum;+onum;"
(fontspec)             - 'bold small caps'  (b/sc) with NFSS spec.:
(fontspec)             <->s*[1]"[LinLibertine_RB.otf]:mode=node;script=latn;lan
guage=dflt;+tlig;+pnum;+onum;+smcp;"
(fontspec)             - 'italic' (m/it) with NFSS spec.:
(fontspec)             <->s*[1]"[LinLibertine_RI.otf]:mode=node;script=latn;lan
guage=dflt;+tlig;+pnum;+onum;"
(fontspec)             - 'italic small caps'  (m/scit) with NFSS spec.:
(fontspec)             <->s*[1]"[LinLibertine_RI.otf]:mode=node;script=latn;lan
guage=dflt;+tlig;+pnum;+onum;+smcp;"
(fontspec)             - 'bold italic' (b/it) with NFSS spec.:
(fontspec)             <->s*[1]"[LinLibertine_RBI.otf]:mode=node;script=latn;la
nguage=dflt;+tlig;+pnum;+onum;"
(fontspec)             - 'bold italic small caps'  (b/scit) with NFSS spec.:
(fontspec)             <->s*[1]"[LinLibertine_RBI.otf]:mode=node;script=latn;la
nguage=dflt;+tlig;+pnum;+onum;+smcp;"

LaTeX Font Info:    Font shape `TU/LinLibertine(0)/m/n' will be
(Font)              scaled to size 14.4pt on input line 307.

Package fontspec Info: 
(fontspec)             LinBiolinum_R scale = 1.


Package fontspec Info: 
(fontspec)             LinBiolinum_R scale = 1.


Package fontspec Info: 
(fontspec)             LinBiolinum_R scale = 1.


Package fontspec Info: 
(fontspec)             LinBiolinum_RB scale = 1.


Package fontspec Info: 
(fontspec)             LinBiolinum_RB scale = 1.


Package fontspec Info: 
(fontspec)             LinBiolinum_RI scale = 1.


Package fontspec Info: 
(fontspec)             LinBiolinum_RI scale = 1.


Package fontspec Info: 
(fontspec)             LinBiolinum_RBO scale = 1.


Package fontspec Info: 
(fontspec)             LinBiolinum_RBO scale = 1.


Package fontspec Info: 
(fontspec)             Font family 'LinBiolinum(0)' created for font
(fontspec)             'LinBiolinum' with options [Ligatures = TeX,Extension =
(fontspec)             .otf,SmallCapsFeatures={Letters=SmallCaps},Ligatures=TeX
,Numbers
(fontspec)             = {Proportional, OldStyle},Scale = 1,UprightFont =
(fontspec)             *_R,ItalicFont = *_RI,BoldFont = *_RB,BoldItalicFont =
(fontspec)             *_RBO].
(fontspec)              
(fontspec)              This font family consists of the following NFSS
(fontspec)             series/shapes:
(fontspec)              
(fontspec)             - 'normal' (m/n) with NFSS spec.:
(fontspec)             <->s*[1]"[LinBiolinum_R.otf]:mode=node;script=latn;langu
age=dflt;+tlig;+pnum;+onum;"
(fontspec)             - 'small caps'  (m/sc) with NFSS spec.:
(fontspec)             <->s*[1]"[LinBiolinum_R.otf]:mode=node;script=latn;langu
age=dflt;+tlig;+pnum;+onum;+smcp;"
(fontspec)             - 'bold' (b/n) with NFSS spec.:
(fontspec)             <->s*[1]"[LinBiolinum_RB.otf]:mode=node;script=latn;lang
uage=dflt;+tlig;+pnum;+onum;"
(fontspec)             - 'bold small caps'  (b/sc) with NFSS spec.:
(fontspec)             <->s*[1]"[LinBiolinum_RB.otf]:mode=node;script=latn;lang
uage=dflt;+tlig;+pnum;+onum;+smcp;"
(fontspec)             - 'italic' (m/it) with NFSS spec.:
(fontspec)             <->s*[1]"[LinBiolinum_RI.otf]:mode=node;script=latn;lang
uage=dflt;+tlig;+pnum;+onum;"
(fontspec)             - 'italic small caps'  (m/scit) with NFSS spec.:
(fontspec)             <->s*[1]"[LinBiolinum_RI.otf]:mode=node;script=latn;lang
uage=dflt;+tlig;+pnum;+onum;+smcp;"
(fontspec)             - 'bold italic' (b/it) with NFSS spec.:
(fontspec)             <->s*[1]"[LinBiolinum_RBO.otf]:mode=node;script=latn;lan
guage=dflt;+tlig;+pnum;+onum;"
(fontspec)             - 'bold italic small caps'  (b/scit) with NFSS spec.:
(fontspec)             <->s*[1]"[LinBiolinum_RBO.otf]:mode=node;script=latn;lan
guage=dflt;+tlig;+pnum;+onum;+smcp;"


Package fontspec Info: 
(fontspec)             LinLibertine_R scale = 1.


Package fontspec Info: 
(fontspec)             LinLibertine_R scale = 1.


Package fontspec Info: 
(fontspec)             LinLibertine_R scale = 1.


Package fontspec Info: 
(fontspec)             LinLibertine_RB scale = 1.


Package fontspec Info: 
(fontspec)             LinLibertine_RB scale = 1.


Package fontspec Info: 
(fontspec)             LinLibertine_RI scale = 1.


Package fontspec Info: 
(fontspec)             LinLibertine_RI scale = 1.


Package fontspec Info: 
(fontspec)             LinLibertine_RBI scale = 1.


Package fontspec Info: 
(fontspec)             LinLibertine_RBI scale = 1.


Package fontspec Info: 
(fontspec)             Font family 'LinLibertine(1)' created for font
(fontspec)             'LinLibertine' with options [Ligatures = TeX,Extension
(fontspec)             = .otf,SmallCapsFeatures={Letters=SmallCaps},Numbers =
(fontspec)             {Proportional,OldStyle},Scale = 1,UprightFont =
(fontspec)             *_R,ItalicFont = *_RI,BoldFont = *_RB,BoldItalicFont =
(fontspec)             *_RBI].
(fontspec)              
(fontspec)              This font family consists of the following NFSS
(fontspec)             series/shapes:
(fontspec)              
(fontspec)             - 'normal' (m/n) with NFSS spec.:
(fontspec)             <->s*[1]"[LinLibertine_R.otf]:mode=node;script=latn;lang
uage=dflt;+tlig;+pnum;+onum;"
(fontspec)             - 'small caps'  (m/sc) with NFSS spec.:
(fontspec)             <->s*[1]"[LinLibertine_R.otf]:mode=node;script=latn;lang
uage=dflt;+tlig;+pnum;+onum;+smcp;"
(fontspec)             - 'bold' (b/n) with NFSS spec.:
(fontspec)             <->s*[1]"[LinLibertine_RB.otf]:mode=node;script=latn;lan
guage=dflt;+tlig;+pnum;+onum;"
(fontspec)             - 'bold small caps'  (b/sc) with NFSS spec.:
(fontspec)             <->s*[1]"[LinLibertine_RB.otf]:mode=node;script=latn;lan
guage=dflt;+tlig;+pnum;+onum;+smcp;"
(fontspec)             - 'italic' (m/it) with NFSS spec.:
(fontspec)             <->s*[1]"[LinLibertine_RI.otf]:mode=node;script=latn;lan
guage=dflt;+tlig;+pnum;+onum;"
(fontspec)             - 'italic small caps'  (m/scit) with NFSS spec.:
(fontspec)             <->s*[1]"[LinLibertine_RI.otf]:mode=node;script=latn;lan
guage=dflt;+tlig;+pnum;+onum;+smcp;"
(fontspec)             - 'bold italic' (b/it) with NFSS spec.:
(fontspec)             <->s*[1]"[LinLibertine_RBI.otf]:mode=node;script=latn;la
nguage=dflt;+tlig;+pnum;+onum;"
(fontspec)             - 'bold italic small caps'  (b/scit) with NFSS spec.:
(fontspec)             <->s*[1]"[LinLibertine_RBI.otf]:mode=node;script=latn;la
nguage=dflt;+tlig;+pnum;+onum;+smcp;"


Package fontspec Info: 
(fontspec)             LinLibertine_RZ scale = 1.


Package fontspec Info: 
(fontspec)             LinLibertine_RZ scale = 1.


Package fontspec Info: 
(fontspec)             LinLibertine_RZ scale = 1.


Package fontspec Info: 
(fontspec)             LinLibertine_RB scale = 1.


Package fontspec Info: 
(fontspec)             LinLibertine_RB scale = 1.


Package fontspec Info: 
(fontspec)             LinLibertine_RZI scale = 1.


Package fontspec Info: 
(fontspec)             LinLibertine_RZI scale = 1.


Package fontspec Info: 
(fontspec)             LinLibertine_RBI scale = 1.


Package fontspec Info: 
(fontspec)             LinLibertine_RBI scale = 1.


Package fontspec Info: 
(fontspec)             Font family 'LinLibertine(2)' created for font
(fontspec)             'LinLibertine' with options [Ligatures = TeX,Extension
(fontspec)             = .otf,SmallCapsFeatures={Letters=SmallCaps},Numbers =
(fontspec)             { Proportional, OldStyle},Scale = 1,UprightFont =
(fontspec)             *_RZ,ItalicFont = *_RZI,BoldFont = *_RB,BoldItalicFont
(fontspec)             = *_RBI].
(fontspec)              
(fontspec)              This font family consists of the following NFSS
(fontspec)             series/shapes:
(fontspec)              
(fontspec)             - 'normal' (m/n) with NFSS spec.:
(fontspec)             <->s*[1]"[LinLibertine_RZ.otf]:mode=node;script=latn;lan
guage=dflt;+tlig;+pnum;+onum;"
(fontspec)             - 'small caps'  (m/sc) with NFSS spec.:
(fontspec)             <->s*[1]"[LinLibertine_RZ.otf]:mode=node;script=latn;lan
guage=dflt;+tlig;+pnum;+onum;+smcp;"
(fontspec)             - 'bold' (b/n) with NFSS spec.:
(fontspec)             <->s*[1]"[LinLibertine_RB.otf]:mode=node;script=latn;lan
guage=dflt;+tlig;+pnum;+onum;"
(fontspec)             - 'bold small caps'  (b/sc) with NFSS spec.:
(fontspec)             <->s*[1]"[LinLibertine_RB.otf]:mode=node;script=latn;lan
guage=dflt;+tlig;+pnum;+onum;+smcp;"
(fontspec)             - 'italic' (m/it) with NFSS spec.:
(fontspec)             <->s*[1]"[LinLibertine_RZI.otf]:mode=node;script=latn;la
nguage=dflt;+tlig;+pnum;+onum;"
(fontspec)             - 'italic small caps'  (m/scit) with NFSS spec.:
(fontspec)             <->s*[1]"[LinLibertine_RZI.otf]:mode=node;script=latn;la
nguage=dflt;+tlig;+pnum;+onum;+smcp;"
(fontspec)             - 'bold italic' (b/it) with NFSS spec.:
(fontspec)             <->s*[1]"[LinLibertine_RBI.otf]:mode=node;script=latn;la
nguage=dflt;+tlig;+pnum;+onum;"
(fontspec)             - 'bold italic small caps'  (b/scit) with NFSS spec.:
(fontspec)             <->s*[1]"[LinLibertine_RBI.otf]:mode=node;script=latn;la
nguage=dflt;+tlig;+pnum;+onum;+smcp;"


Package fontspec Info: 
(fontspec)             LinLibertine_R scale = 1.


Package fontspec Info: 
(fontspec)             LinLibertine_R scale = 1.


Package fontspec Info: 
(fontspec)             LinLibertine_R scale = 1.


Package fontspec Info: 
(fontspec)             LinLibertine_R scale = 1.


Package fontspec Info: 
(fontspec)             LinLibertine_RB scale = 1.


Package fontspec Info: 
(fontspec)             LinLibertine_RB scale = 1.


Package fontspec Info: 
(fontspec)             LinLibertine_RI scale = 1.


Package fontspec Info: 
(fontspec)             LinLibertine_RI scale = 1.


Package fontspec Info: 
(fontspec)             LinLibertine_RBI scale = 1.


Package fontspec Info: 
(fontspec)             LinLibertine_RBI scale = 1.


Package fontspec Info: 
(fontspec)             Font family 'LinLibertine(3)' created for font
(fontspec)             'LinLibertine' with options [Ligatures = TeX,Extension
(fontspec)             = .otf,SmallCapsFeatures={Letters=SmallCaps},Numbers =
(fontspec)             {Proportional,Lining},Scale = 1,UprightFont =
(fontspec)             *_R,ItalicFont = *_RI,BoldFont = *_RB,BoldItalicFont =
(fontspec)             *_RBI].
(fontspec)              
(fontspec)              This font family consists of the following NFSS
(fontspec)             series/shapes:
(fontspec)              
(fontspec)             - 'normal' (m/n) with NFSS spec.:
(fontspec)             <->s*[1]"[LinLibertine_R.otf]:mode=node;script=latn;lang
uage=dflt;+tlig;+pnum;+lnum;"
(fontspec)             - 'small caps'  (m/sc) with NFSS spec.:
(fontspec)             <->s*[1]"[LinLibertine_R.otf]:mode=node;script=latn;lang
uage=dflt;+tlig;+pnum;+lnum;+smcp;"
(fontspec)             - 'bold' (b/n) with NFSS spec.:
(fontspec)             <->s*[1]"[LinLibertine_RB.otf]:mode=node;script=latn;lan
guage=dflt;+tlig;+pnum;+lnum;"
(fontspec)             - 'bold small caps'  (b/sc) with NFSS spec.:
(fontspec)             <->s*[1]"[LinLibertine_RB.otf]:mode=node;script=latn;lan
guage=dflt;+tlig;+pnum;+lnum;+smcp;"
(fontspec)             - 'italic' (m/it) with NFSS spec.:
(fontspec)             <->s*[1]"[LinLibertine_RI.otf]:mode=node;script=latn;lan
guage=dflt;+tlig;+pnum;+lnum;"
(fontspec)             - 'italic small caps'  (m/scit) with NFSS spec.:
(fontspec)             <->s*[1]"[LinLibertine_RI.otf]:mode=node;script=latn;lan
guage=dflt;+tlig;+pnum;+lnum;+smcp;"
(fontspec)             - 'bold italic' (b/it) with NFSS spec.:
(fontspec)             <->s*[1]"[LinLibertine_RBI.otf]:mode=node;script=latn;la
nguage=dflt;+tlig;+pnum;+lnum;"
(fontspec)             - 'bold italic small caps'  (b/scit) with NFSS spec.:
(fontspec)             <->s*[1]"[LinLibertine_RBI.otf]:mode=node;script=latn;la
nguage=dflt;+tlig;+pnum;+lnum;+smcp;"


Package fontspec Info: 
(fontspec)             Font family 'LinLibertine(4)' created for font
(fontspec)             'LinLibertine' with options [Ligatures = TeX,Extension
(fontspec)             = .otf,SmallCapsFeatures={Letters=SmallCaps},Numbers =
(fontspec)             {Proportional,OldStyle},UprightFont = *_DR,ItalicFont =
(fontspec)             *_RI,BoldFont = *_RB,BoldItalicFont = *_RBI].
(fontspec)              
(fontspec)              This font family consists of the following NFSS
(fontspec)             series/shapes:
(fontspec)              
(fontspec)             - 'normal' (m/n) with NFSS spec.:
(fontspec)             <->"[LinLibertine_DR.otf]:mode=node;script=latn;language
=dflt;+tlig;+pnum;+onum;"
(fontspec)             - 'bold' (b/n) with NFSS spec.:
(fontspec)             <->"[LinLibertine_RB.otf]:mode=node;script=latn;language
=dflt;+tlig;+pnum;+onum;"
(fontspec)             - 'bold small caps'  (b/sc) with NFSS spec.:
(fontspec)             <->"[LinLibertine_RB.otf]:mode=node;script=latn;language
=dflt;+tlig;+pnum;+onum;+smcp;"
(fontspec)             - 'italic' (m/it) with NFSS spec.:
(fontspec)             <->"[LinLibertine_RI.otf]:mode=node;script=latn;language
=dflt;+tlig;+pnum;+onum;"
(fontspec)             - 'italic small caps'  (m/scit) with NFSS spec.:
(fontspec)             <->"[LinLibertine_RI.otf]:mode=node;script=latn;language
=dflt;+tlig;+pnum;+onum;+smcp;"
(fontspec)             - 'bold italic' (b/it) with NFSS spec.:
(fontspec)             <->"[LinLibertine_RBI.otf]:mode=node;script=latn;languag
e=dflt;+tlig;+pnum;+onum;"
(fontspec)             - 'bold italic small caps'  (b/scit) with NFSS spec.:
(fontspec)             <->"[LinLibertine_RBI.otf]:mode=node;script=latn;languag
e=dflt;+tlig;+pnum;+onum;+smcp;"


Package fontspec Info: 
(fontspec)             LinBiolinum_R scale = 1.


Package fontspec Info: 
(fontspec)             LinBiolinum_R scale = 1.


Package fontspec Info: 
(fontspec)             LinBiolinum_R scale = 1.


Package fontspec Info: 
(fontspec)             LinBiolinum_RB scale = 1.


Package fontspec Info: 
(fontspec)             LinBiolinum_RB scale = 1.


Package fontspec Info: 
(fontspec)             LinBiolinum_RI scale = 1.


Package fontspec Info: 
(fontspec)             LinBiolinum_RI scale = 1.


Package fontspec Info: 
(fontspec)             LinBiolinum_RBO scale = 1.


Package fontspec Info: 
(fontspec)             LinBiolinum_RBO scale = 1.


Package fontspec Info: 
(fontspec)             Font family 'LinBiolinum(1)' created for font
(fontspec)             'LinBiolinum' with options [Ligatures = TeX,Extension =
(fontspec)             .otf,SmallCapsFeatures={Letters=SmallCaps},Numbers =
(fontspec)             {Proportional, OldStyle},Scale = 1,UprightFont =
(fontspec)             *_R,ItalicFont = *_RI,BoldFont = *_RB,BoldItalicFont =
(fontspec)             *_RBO].
(fontspec)              
(fontspec)              This font family consists of the following NFSS
(fontspec)             series/shapes:
(fontspec)              
(fontspec)             - 'normal' (m/n) with NFSS spec.:
(fontspec)             <->s*[1]"[LinBiolinum_R.otf]:mode=node;script=latn;langu
age=dflt;+tlig;+pnum;+onum;"
(fontspec)             - 'small caps'  (m/sc) with NFSS spec.:
(fontspec)             <->s*[1]"[LinBiolinum_R.otf]:mode=node;script=latn;langu
age=dflt;+tlig;+pnum;+onum;+smcp;"
(fontspec)             - 'bold' (b/n) with NFSS spec.:
(fontspec)             <->s*[1]"[LinBiolinum_RB.otf]:mode=node;script=latn;lang
uage=dflt;+tlig;+pnum;+onum;"
(fontspec)             - 'bold small caps'  (b/sc) with NFSS spec.:
(fontspec)             <->s*[1]"[LinBiolinum_RB.otf]:mode=node;script=latn;lang
uage=dflt;+tlig;+pnum;+onum;+smcp;"
(fontspec)             - 'italic' (m/it) with NFSS spec.:
(fontspec)             <->s*[1]"[LinBiolinum_RI.otf]:mode=node;script=latn;lang
uage=dflt;+tlig;+pnum;+onum;"
(fontspec)             - 'italic small caps'  (m/scit) with NFSS spec.:
(fontspec)             <->s*[1]"[LinBiolinum_RI.otf]:mode=node;script=latn;lang
uage=dflt;+tlig;+pnum;+onum;+smcp;"
(fontspec)             - 'bold italic' (b/it) with NFSS spec.:
(fontspec)             <->s*[1]"[LinBiolinum_RBO.otf]:mode=node;script=latn;lan
guage=dflt;+tlig;+pnum;+onum;"
(fontspec)             - 'bold italic small caps'  (b/scit) with NFSS spec.:
(fontspec)             <->s*[1]"[LinBiolinum_RBO.otf]:mode=node;script=latn;lan
guage=dflt;+tlig;+pnum;+onum;+smcp;"


Package fontspec Info: 
(fontspec)             LinBiolinum_R scale = 1.


Package fontspec Info: 
(fontspec)             LinBiolinum_R scale = 1.


Package fontspec Info: 
(fontspec)             LinBiolinum_R scale = 1.


Package fontspec Info: 
(fontspec)             LinBiolinum_R scale = 1.


Package fontspec Info: 
(fontspec)             LinBiolinum_RB scale = 1.


Package fontspec Info: 
(fontspec)             LinBiolinum_RB scale = 1.


Package fontspec Info: 
(fontspec)             LinBiolinum_RI scale = 1.


Package fontspec Info: 
(fontspec)             LinBiolinum_RI scale = 1.


Package fontspec Info: 
(fontspec)             LinBiolinum_RBO scale = 1.


Package fontspec Info: 
(fontspec)             LinBiolinum_RBO scale = 1.


Package fontspec Info: 
(fontspec)             Font family 'LinBiolinum(2)' created for font
(fontspec)             'LinBiolinum' with options [Ligatures = TeX,Extension =
(fontspec)             .otf,SmallCapsFeatures={Letters=SmallCaps},Numbers =
(fontspec)             {Proportional, Lining},Scale = 1,UprightFont =
(fontspec)             *_R,ItalicFont = *_RI,BoldFont = *_RB,BoldItalicFont =
(fontspec)             *_RBO].
(fontspec)              
(fontspec)              This font family consists of the following NFSS
(fontspec)             series/shapes:
(fontspec)              
(fontspec)             - 'normal' (m/n) with NFSS spec.:
(fontspec)             <->s*[1]"[LinBiolinum_R.otf]:mode=node;script=latn;langu
age=dflt;+tlig;+pnum;+lnum;"
(fontspec)             - 'small caps'  (m/sc) with NFSS spec.:
(fontspec)             <->s*[1]"[LinBiolinum_R.otf]:mode=node;script=latn;langu
age=dflt;+tlig;+pnum;+lnum;+smcp;"
(fontspec)             - 'bold' (b/n) with NFSS spec.:
(fontspec)             <->s*[1]"[LinBiolinum_RB.otf]:mode=node;script=latn;lang
uage=dflt;+tlig;+pnum;+lnum;"
(fontspec)             - 'bold small caps'  (b/sc) with NFSS spec.:
(fontspec)             <->s*[1]"[LinBiolinum_RB.otf]:mode=node;script=latn;lang
uage=dflt;+tlig;+pnum;+lnum;+smcp;"
(fontspec)             - 'italic' (m/it) with NFSS spec.:
(fontspec)             <->s*[1]"[LinBiolinum_RI.otf]:mode=node;script=latn;lang
uage=dflt;+tlig;+pnum;+lnum;"
(fontspec)             - 'italic small caps'  (m/scit) with NFSS spec.:
(fontspec)             <->s*[1]"[LinBiolinum_RI.otf]:mode=node;script=latn;lang
uage=dflt;+tlig;+pnum;+lnum;+smcp;"
(fontspec)             - 'bold italic' (b/it) with NFSS spec.:
(fontspec)             <->s*[1]"[LinBiolinum_RBO.otf]:mode=node;script=latn;lan
guage=dflt;+tlig;+pnum;+lnum;"
(fontspec)             - 'bold italic small caps'  (b/scit) with NFSS spec.:
(fontspec)             <->s*[1]"[LinBiolinum_RBO.otf]:mode=node;script=latn;lan
guage=dflt;+tlig;+pnum;+lnum;+smcp;"


Package fontspec Info: 
(fontspec)             LinLibertine_M scale = 1.


Package fontspec Info: 
(fontspec)             LinLibertine_M scale = 1.


Package fontspec Info: 
(fontspec)             LinLibertine_MB scale = 1.


Package fontspec Info: 
(fontspec)             LinLibertine_MO scale = 1.


Package fontspec Info: 
(fontspec)             LinLibertine_MBO scale = 1.


Package fontspec Info: 
(fontspec)             Font family 'LinLibertine(5)' created for font
(fontspec)             'LinLibertine' with options [Extension =
(fontspec)             .otf,HyphenChar=None,WordSpace={1,0,0},HyphenChar=None,P
unctuationSpace=WordSpace,Scale
(fontspec)             = 1,UprightFont = *_M,ItalicFont = *_MO,BoldFont =
(fontspec)             *_MB,BoldItalicFont = *_MBO].
(fontspec)              
(fontspec)              This font family consists of the following NFSS
(fontspec)             series/shapes:
(fontspec)              
(fontspec)             - 'normal' (m/n) with NFSS spec.:
(fontspec)             <->s*[1]"[LinLibertine_M.otf]:mode=node;script=latn;lang
uage=dflt;"
(fontspec)             - 'bold' (b/n) with NFSS spec.:
(fontspec)             <->s*[1]"[LinLibertine_MB.otf]:mode=node;script=latn;lan
guage=dflt;"
(fontspec)             - 'italic' (m/it) with NFSS spec.:
(fontspec)             <->s*[1]"[LinLibertine_MO.otf]:mode=node;script=latn;lan
guage=dflt;"
(fontspec)             - 'bold italic' (b/it) with NFSS spec.:
(fontspec)             <->s*[1]"[LinLibertine_MBO.otf]:mode=node;script=latn;la
nguage=dflt;"


Package fontspec Info: 
(fontspec)             LinLibertine_M scale = 1.


Package fontspec Info: 
(fontspec)             LinLibertine_M scale = 1.


Package fontspec Info: 
(fontspec)             LinLibertine_MB scale = 1.


Package fontspec Info: 
(fontspec)             LinLibertine_MO scale = 1.


Package fontspec Info: 
(fontspec)             LinLibertine_MBO scale = 1.


Package fontspec Info: 
(fontspec)             Font family 'LinLibertine(6)' created for font
(fontspec)             'LinLibertine' with options [Extension =
(fontspec)             .otf,HyphenChar=None,Scale = 1,UprightFont =
(fontspec)             *_M,ItalicFont = *_MO,BoldFont = *_MB,BoldItalicFont =
(fontspec)             *_MBO].
(fontspec)              
(fontspec)              This font family consists of the following NFSS
(fontspec)             series/shapes:
(fontspec)              
(fontspec)             - 'normal' (m/n) with NFSS spec.:
(fontspec)             <->s*[1]"[LinLibertine_M.otf]:mode=node;script=latn;lang
uage=dflt;"
(fontspec)             - 'bold' (b/n) with NFSS spec.:
(fontspec)             <->s*[1]"[LinLibertine_MB.otf]:mode=node;script=latn;lan
guage=dflt;"
(fontspec)             - 'italic' (m/it) with NFSS spec.:
(fontspec)             <->s*[1]"[LinLibertine_MO.otf]:mode=node;script=latn;lan
guage=dflt;"
(fontspec)             - 'bold italic' (b/it) with NFSS spec.:
(fontspec)             <->s*[1]"[LinLibertine_MBO.otf]:mode=node;script=latn;la
nguage=dflt;"


Package fontspec Info: 
(fontspec)             Font family 'LinBiolinum_K(0)' created for font
(fontspec)             'LinBiolinum_K' with options [Extension =
(fontspec)             .otf,HyphenChar=None,BoldFont={},ItalicFont={},SmallCaps
Font={}].
(fontspec)              
(fontspec)              This font family consists of the following NFSS
(fontspec)             series/shapes:
(fontspec)              
(fontspec)             - 'normal' (m/n) with NFSS spec.:
(fontspec)             <->"[LinBiolinum_K.otf]:mode=node;script=latn;language=d
flt;"


Package fontspec Info: 
(fontspec)             Font family 'LinLibertine_I(0)' created for font
(fontspec)             'LinLibertine_I' with options [Extension =
(fontspec)             .otf,HyphenChar=None,BoldFont={},ItalicFont={},SmallCaps
Font={}].
(fontspec)              
(fontspec)              This font family consists of the following NFSS
(fontspec)             series/shapes:
(fontspec)              
(fontspec)             - 'normal' (m/n) with NFSS spec.:
(fontspec)             <->"[LinLibertine_I.otf]:mode=node;script=latn;language=
dflt;"

LaTeX Info: Redefining \oldstylenums on input line 475.
LaTeX Info: Redefining \liningnums on input line 476.

(C:/Users/kosik/AppData/Local/Programs/MiKTeX/tex/latex/libertine/LinLibertine_
R.tex)
(C:/Users/kosik/AppData/Local/Programs/MiKTeX/tex/latex/libertine/LinBiolinum_R
.tex)
(C:/Users/kosik/AppData/Local/Programs/MiKTeX/tex/latex/libertine/LinBiolinum_K
.tex)
(C:/Users/kosik/AppData/Local/Programs/MiKTeX/tex/latex/libertine/LinLibertine_
I.tex)
(C:/Users/kosik/AppData/Local/Programs/MiKTeX/tex/latex/libertine/LKey.tex)
LaTeX Info: Redefining \textsup on input line 552.
)
(C:/Users/kosik/AppData/Local/Programs/MiKTeX/tex/lualatex/gregoriotex/gregorio
tex.sty
Package: gregoriotex 2025/02/28 v6.1.0 GregorioTeX system.

(C:/Users/kosik/AppData/Local/Programs/MiKTeX/tex/latex/xcolor/xcolor.sty
Package: xcolor 2024/09/29 v3.02 LaTeX color extensions (UK)

(C:/Users/kosik/AppData/Local/Programs/MiKTeX/tex/latex/graphics-cfg/color.cfg
File: color.cfg 2016/01/02 v1.6 sample color configuration
)
Package xcolor Info: Driver file: luatex.def on input line 274.

(C:/Users/kosik/AppData/Local/Programs/MiKTeX/tex/latex/graphics-def/luatex.def
File: luatex.def 2024/04/13 v1.2e Graphics/color driver for luatex
)
(C:/Users/kosik/AppData/Local/Programs/MiKTeX/tex/latex/graphics/mathcolor.ltx)
Package xcolor Info: Model `cmy' substituted by `cmy0' on input line 1349.
Package xcolor Info: Model `hsb' substituted by `rgb' on input line 1353.
Package xcolor Info: Model `RGB' extended on input line 1365.
Package xcolor Info: Model `HTML' substituted by `rgb' on input line 1367.
Package xcolor Info: Model `Hsb' substituted by `hsb' on input line 1368.
Package xcolor Info: Model `tHsb' substituted by `hsb' on input line 1369.
Package xcolor Info: Model `HSB' substituted by `hsb' on input line 1370.
Package xcolor Info: Model `Gray' substituted by `gray' on input line 1371.
Package xcolor Info: Model `wave' substituted by `hsb' on input line 1372.
) (C:/Users/kosik/AppData/Local/Programs/MiKTeX/tex/latex/luacolor/luacolor.sty
Package: luacolor 2023-08-18 v1.18 Color support via LuaTeX's attributes (HO)
Inserting `luacolor.process' in `pre_shipout_filter'.
\LuaCol@Attribute=\attribute4
)
(C:/Users/kosik/AppData/Local/Programs/MiKTeX/tex/latex/kvoptions/kvoptions.sty
Package: kvoptions 2022-06-15 v3.15 Key value format for package options (HO)
(C:/Users/kosik/AppData/Local/Programs/MiKTeX/tex/generic/ltxcmds/ltxcmds.sty
Package: ltxcmds 2023-12-04 v1.26 LaTeX kernel commands for general use (HO)
)
(C:/Users/kosik/AppData/Local/Programs/MiKTeX/tex/latex/kvsetkeys/kvsetkeys.sty
Package: kvsetkeys 2022-10-05 v1.19 Key value parser (HO)
))
(C:/Users/kosik/AppData/Local/Programs/MiKTeX/tex/latex/graphics/graphicx.sty
Package: graphicx 2024/12/31 v1.2e Enhanced LaTeX Graphics (DPC,SPQR)

(C:/Users/kosik/AppData/Local/Programs/MiKTeX/tex/latex/graphics/graphics.sty
Package: graphics 2024/08/06 v1.4g Standard LaTeX Graphics (DPC,SPQR)

(C:/Users/kosik/AppData/Local/Programs/MiKTeX/tex/latex/graphics/trig.sty
Package: trig 2023/12/02 v1.11 sin cos tan (DPC)
)
(C:/Users/kosik/AppData/Local/Programs/MiKTeX/tex/latex/graphics-cfg/graphics.c
fg
File: graphics.cfg 2016/06/04 v1.11 sample graphics configuration
)
Package graphics Info: Driver file: luatex.def on input line 106.
)
\Gin@req@height=\dimen152
\Gin@req@width=\dimen153
)
(C:/Users/kosik/AppData/Local/Programs/MiKTeX/tex/luatex/luatexbase/luatexbase.
sty
Package: luatexbase 2015/10/04 v1.3 luatexbase interface to LuaTeX 

(C:/Users/kosik/AppData/Local/Programs/MiKTeX/tex/luatex/ctablestack/ctablestac
k.sty
Package: ctablestack 2015/10/01 v1.0 Catcode table stable support
\@catcodetablestackcnt=\count295
)
\CatcodeTableOther=\catcodetable14
\CatcodeTableExpl=\catcodetable15
)
(C:/Users/kosik/AppData/Local/Programs/MiKTeX/tex/luatex/luamplib/luamplib.sty
Package: luamplib 2025/05/26 v2.37.5 mplib package for LuaTeX
Lua module: luamplib 2025/05/26 v2.37.5 Lua package to typeset Metapost with Lua
TeX's MPLib.
\luamplibcctabexplat=\catcodetable16
\mplibtmptoks=\toks19
\mplibscratchbox=\box53
) (C:/Users/kosik/AppData/Local/Programs/MiKTeX/tex/latex/xstring/xstring.sty
(C:/Users/kosik/AppData/Local/Programs/MiKTeX/tex/generic/xstring/xstring.tex
\xs_counta=\count296
\xs_countb=\count297
)
Package: xstring 2023/08/22 v1.86 String manipulations (CT)
)
(C:/Users/kosik/AppData/Local/Programs/MiKTeX/tex/luatex/gregoriotex/gregoriote
x-main.tex
(C:/Users/kosik/AppData/Local/Programs/MiKTeX/tex/luatex/gregoriotex/gregoriote
x-common.tex
\gre@count@parsecommas@cur=\count298
)
\gre@attr@part=\attribute5
\gre@attr@dash=\attribute6
\gre@attr@center=\attribute7
\GreScoreId=\attribute8
\gre@attr@glyph@id=\attribute9
\gre@attr@glyph@top=\attribute10
\gre@attr@glyph@bottom=\attribute11
\gre@attr@syllable@id=\attribute12
\gre@attr@alteration@id=\attribute13
\gre@attr@alteration@pitch=\attribute14
\gre@attr@alteration@type=\attribute15
\gre@atletter=\catcodetable17
Lua module: gregoriotex 2025/02/28 v6.1.0 GregorioTeX module.
Custom whatsit marker = 1
Module gregoriotex Info: marker whatsit id is 1 on input line 141

(main.gaux)
Module gregoriotex Info: Reading main.gaux on input line 145
Inserting `gregoriotex.write_greaux' in `finish_pdffile'.
\gre@gaux=\write3
\gre@read@temp=\read2
\gre@factor=\count299

(C:/Users/kosik/AppData/Local/Programs/MiKTeX/tex/luatex/gregoriotex/gregoriote
x-spaces.tex
\gre@saved@prescore@hyphenpenalty=\count300
\gre@saved@prescore@exhyphenpenalty=\count301
\gre@saved@prescore@exhyphenchar=\count302
\gre@saved@prescore@doublehyphendemerits=\count303
\gre@saved@prescore@finalhyphendemerits=\count304
\gre@saved@prescore@brokenpenalty=\count305
\gre@saved@prescore@looseness=\count306
\gre@saved@prescore@tolerance=\count307
\gre@saved@prescore@pretolerance=\count308
\gre@saved@prescore@emergencystretch=\skip51
\gre@saved@prescore@widowpenalty=\count309
\gre@saved@prescore@clubpenalty=\count310
\gre@saved@prescore@parskip=\skip52
\gre@saved@prescore@lineskip=\skip53
\gre@saved@prescore@baselineskip=\skip54
\gre@saved@prescore@lineskiplimit=\skip55
\gre@dimen@textlower=\dimen154
\gre@dimen@stafflinewidth=\dimen155
\gre@dimen@linewidth=\dimen156
\gre@dimen@stafflineheight=\dimen157
\gre@dimen@interstafflinespace=\dimen158
\gre@dimen@stafflinediff=\dimen159
\gre@dimen@constantglyphraise=\dimen160
\gre@dimen@staffheight=\dimen161
\gre@skip@syllablefinalskip=\skip56
\gre@skip@minTextDistance=\skip57
\gre@skip@minNotesDistance=\skip58
\gre@dimen@curTextDistance=\dimen162
\gre@dimen@curNotesDistance=\dimen163
\gre@skip@minShiftText=\skip59
\gre@skip@minShiftNotes=\skip60
\gre@dimen@bolshift=\dimen164
\gre@dimen@bolextra=\dimen165
\gre@dimen@clefwidth@current=\dimen166
\gre@dimen@clefwidth@largest=\dimen167
\gre@dimen@clefwidth@bol=\dimen168
\gre@dimen@eolshift=\dimen169
\gre@dimen@glyphraisevalue=\dimen170
\gre@dimen@additionalbottomspace=\dimen171
\gre@dimen@additionaltopspace=\dimen172
\gre@dimen@additionaltopspacealt=\dimen173
\gre@dimen@additionaltopspacenabc=\dimen174
\gre@space@count@additionaltopspacethreshold=\count311
\gre@space@count@additionaltopspacealtthreshold=\count312
\gre@space@count@additionaltopspacenabcthreshold=\count313
\gre@space@count@noteadditionalspacelinestextthreshold=\count314
\gre@saved@prediscretionary@dimen@additionalbottomspace=\dimen175
\gre@saved@prediscretionary@dimen@additionaltopspace=\dimen176
\gre@saved@prediscretionary@dimen@additionaltopspacealt=\dimen177
\gre@saved@prediscretionary@dimen@additionaltopspacenabc=\dimen178
\gre@saved@prediscretionary@dimen@currenttranslationheight=\dimen179
\gre@saved@prediscretionary@dimen@textlower=\dimen180
\gre@saved@prediscretionary@dimen@currentabovelinestextheight=\dimen181
\gre@saved@prediscretionary@dimen@constantglyphraise=\dimen182
\gre@dimen@textaligncenter=\dimen183
\gre@dimen@enddifference=\dimen184
\gre@dimen@previousenddifference=\dimen185
\gre@dimen@currenttranslationheight=\dimen186
\gre@skip@nextbegindifference=\skip61
\gre@dimen@annotationtrueraise=\dimen187
\gre@dimen@commentarytrueraise=\dimen188
\gre@skip@bar@requirement=\skip62
\gre@skip@bar@allocation=\skip63
\gre@dimen@bar@shift=\dimen189
\gre@skip@text@requirement=\skip64
\gre@skip@text@allocation=\skip65
\gre@dimen@text@shift=\dimen190
\gre@dimen@adjustedpreviousenddifference=\dimen191
\gre@skip@adjustednextbegindifference=\dimen192
\gre@skip@punctummorashift=\skip66
\gre@skip@alterationshift=\skip67
\gre@dimen@begindifference=\dimen193
\gre@dimen@lastglyphwidth=\dimen194
\gre@dimen@notesaligncenter=\dimen195
\gre@dimen@initialwidth=\dimen196
\gre@dimen@currentabovelinestextheight=\dimen197
\gre@dimen@temp@one=\dimen198
\gre@dimen@temp@two=\dimen199
\gre@dimen@temp@three=\dimen256
\gre@dimen@temp@four=\dimen257
\gre@dimen@temp@five=\dimen258
\gre@skip@temp@one=\skip68
\gre@skip@temp@two=\skip69
\gre@skip@temp@three=\skip70
\gre@skip@temp@four=\skip71
\gre@count@temp@one=\count315
\gre@count@temp@two=\count316
\gre@count@temp@three=\count317
\gre@space@count@newlinepenalty=\count318
\gre@space@count@nobreakpenalty=\count319
\gre@space@count@endofwordpenalty=\count320
\gre@space@count@endofsyllablepenalty=\count321
\gre@space@count@endafterbarpenalty=\count322
\gre@space@count@endafterbaraltpenalty=\count323
\gre@space@count@finalpenalty=\count324
\gre@space@count@endofelementpenalty=\count325
\gre@space@count@hyphenpenalty=\count326
\gre@space@count@brokenpenalty=\count327
\gre@space@count@looseness=\count328
\gre@space@count@tolerance=\count329
\gre@space@count@pretolerance=\count330
\gre@space@count@widowpenalty=\count331
\gre@space@count@clubpenalty=\count332
\greconffactor=\count333
)
\gre@box@temp@width=\box54
\gre@box@initial=\box55
\gre@count@initialposition=\count334
\gre@count@initialanchor=\count335
\gre@box@annotation=\box56
\gre@box@add=\box57
\gre@box@old=\box58
\gre@count@annotationvalign=\count336
\gre@box@commentary=\box59
\gre@box@lines=\box60
Module gregoriotex Info: Registering variant font greciliae as gre@font@variant@
A. on input line 865
Module gregoriotex Info: Registering variant font greciliae-hollow as gre@font@v
ariant@B. on input line 865
Module gregoriotex Info: Registering variant font greciliae-hole as gre@font@var
iant@C. on input line 865
luaotfload | cache : Lookup cache loaded from C:/Users/kosik/AppData/Local/MiKTe
X/luatex-cache/generic/names/luaotfload-lookup-cache.luc.
Module gregoriotex Info: Mapping font greciliae on input line 870
Module gregoriotex Info: Mapping font greciliae-hollow on input line 870
Module gregoriotex Info: Mapping font greciliae-hole on input line 870

(C:/Users/kosik/AppData/Local/Programs/MiKTeX/tex/luatex/gregoriotex/gregoriote
x-chars.tex
\gre@box@hep=\box61
)
(C:/Users/kosik/AppData/Local/Programs/MiKTeX/tex/luatex/gregoriotex/gregoriote
x-signs.tex
\gre@box@temp@clef=\box62
\gre@box@temp@cleftwo=\box63
\greslurheight=\dimen259
\gre@box@temp@sign=\box64
\gre@count@shiftaftermora=\count337
\gre@dimen@morawidth=\dimen260
\gre@skip@bar@lastskip=\skip72
\gre@count@lastglyphiscavum=\count338
)
(C:/Users/kosik/AppData/Local/Programs/MiKTeX/tex/luatex/gregoriotex/gregoriote
x-syllable.tex
\gre@generate@pointandclick=\count339
\gre@box@syllablenotes=\box65
\gre@box@syllabletext=\box66
\gre@clivisalignment=\count340
\gre@count@unbreakabletotalnotes=\count341
\gre@count@unbreakableinitialnotes=\count342
\gre@count@unbreakablefinalnotes=\count343
\gre@count@syllablenotes=\count344
\gre@count@initiallines=\count345
)
\gre@variableheightexpansion=\count346
\gre@count@stafflines=\count347
\gre@lastoflinecount=\count348
\gre@saved@prenlba@nobreakpenalty=\count349
\gre@saved@prenlba@endofwordpenalty=\count350
\gre@saved@prenlba@endofsyllablepenalty=\count351
\gre@saved@prenlba@endafterbarpenalty=\count352
\gre@saved@prenlba@endafterbaraltpenalty=\count353
\gre@saved@prenlba@endofelementpenalty=\count354
\gre@saved@prenlba@hyphenpenalty=\count355
\gre@lasteuouaeindex=\count356

(C:/Users/kosik/AppData/Local/Programs/MiKTeX/tex/luatex/gregoriotex/gregoriote
x-symbols.tex
Module gregoriotex Info: Registering variant font greextra as gre@font@variant@D
. on input line 53
)
\gre@dimen@stafflinethicknessbase=\dimen261
\gre@dimen@glyphraisebase=\dimen262
\gre@dimen@interstafflinedistancebase=\dimen263
\gre@dimen@inclinatumonlinemoravshiftbase=\dimen264
\gre@dimen@inclinatumonlinemorahshiftbase=\dimen265
\gre@dimen@inclinatumofflinemorahshiftbase=\dimen266

(C:/Users/kosik/AppData/Local/Programs/MiKTeX/tex/luatex/gregoriotex/gregoriote
x-gsp-default.tex)
(C:/Users/kosik/AppData/Local/Programs/MiKTeX/tex/luatex/gregoriotex/gregoriote
x-nabc.tex)))
(C:/Users/kosik/AppData/Local/Programs/MiKTeX/tex/generic/babel/babel.sty
Package: babel 2025/08/03 v25.12 The multilingual framework for LuaLaTeX, pdfLa
TeX and XeLaTeX

(C:/Users/kosik/AppData/Local/Programs/MiKTeX/tex/generic/babel/luababel.def
\bbl@readstream=\read3
\l@afrikaans=\language2
Package babel Info: Non-standard hyphenation setup on input line 118.
\l@ancientgreek=\language3
\l@armenian=\language4
\l@assamese=\language5
\l@basque=\language6
\l@belarusian=\language7
\l@bengali=\language8
\l@bokmal=\language9
\l@bulgarian=\language10
\l@catalan=\language11
\l@churchslavonic=\language12
\l@classiclatin=\language13
\l@coptic=\language14
\l@croatian=\language15
\l@czech=\language16
\l@danish=\language17
\l@dutch=\language18
\l@esperanto=\language19
\l@estonian=\language20
\l@ethiopic=\language21
\l@finnish=\language22
\l@french=\language23
\l@friulan=\language24
\l@galician=\language25
\l@georgian=\language26
\l@german=\language27
\l@greek=\language28
\l@gujarati=\language29
\l@hindi=\language30
\l@hungarian=\language31
\l@icelandic=\language32
\l@indonesian=\language33
\l@interlingua=\language34
\l@irish=\language35
\l@italian=\language36
\l@kannada=\language37
\l@kurmanji=\language38
\l@latin=\language39
\l@latvian=\language40
\l@lithuanian=\language41
\l@liturgicallatin=\language42
\l@macedonian=\language43
\l@malayalam=\language44
\l@marathi=\language45
\l@mongolian=\language46
\l@mongolianlmc=\language47
\l@monogreek=\language48
\l@ngerman=\language49
\l@nynorsk=\language50
\l@occitan=\language51
\l@oriya=\language52
\l@pali=\language53
\l@panjabi=\language54
\l@piedmontese=\language55
\l@polish=\language56
\l@portuguese=\language57
\l@romanian=\language58
\l@romansh=\language59
\l@russian=\language60
\l@sanskrit=\language61
\l@serbian=\language62
\l@serbianc=\language63
\l@slovak=\language64
\l@slovenian=\language65
\l@spanish=\language66
\l@swedish=\language67
\l@swissgerman=\language68
\l@tamil=\language69
\l@telugu=\language70
\l@thai=\language71
\l@turkish=\language72
\l@turkmen=\language73
\l@ukenglish=\language74
\l@ukrainian=\language75
\l@uppersorbian=\language76
\l@usenglishmax=\language77
\l@welsh=\language78
\babelcatcodetablenum=\catcodetable18
\bbl@pattcodes=\catcodetable19
)
\babel@savecnt=\count357
LaTeX Encoding Info:    Redeclaring text command \ij (encoding OT1) on input li
ne 2045.
LaTeX Encoding Info:    Redeclaring text command \IJ (encoding OT1) on input li
ne 2047.
LaTeX Encoding Info:    Redeclaring text command \ij (encoding T1) on input lin
e 2049.
LaTeX Encoding Info:    Redeclaring text command \IJ (encoding T1) on input lin
e 2050.
LaTeX Encoding Info:    Ignoring declaration for text command \ij (encoding ?) 
on input line 2051.
LaTeX Encoding Info:    Ignoring declaration for text command \IJ (encoding ?) 
on input line 2053.
LaTeX Encoding Info:    Ignoring declaration for text command \SS (encoding ?) 
on input line 2078.
\U@D=\dimen267
\l@unhyphenated=\language79

(C:/Users/kosik/AppData/Local/Programs/MiKTeX/tex/generic/babel/luababel.def
\bbl@attr@locale=\attribute16
)
*************************************
* Local config file bblopts.cfg used
*
(C:/Users/kosik/AppData/Local/Programs/MiKTeX/tex/latex/arabi/bblopts.cfg
File: bblopts.cfg 2005/09/08 v0.1 add Arabic and Farsi to "declared" options of
 babel
)
(C:/Users/kosik/AppData/Local/Programs/MiKTeX/tex/latex/babel-polish/polish.ldf
Language: polish 2022/03/12 1.3 Babel support for Polish

(C:/Users/kosik/AppData/Local/Programs/MiKTeX/tex/generic/babel/locale/pl/babel
-polish.tex
Package babel Info: Importing font and identification data for polish
(babel)             from babel-pl.ini. Reported on input line 12.
)
Package babel Info: Making " an active character on input line 101.

(C:/Users/kosik/AppData/Local/Programs/MiKTeX/tex/generic/hyph-utf8/loadhyph/lo
adhyph-pl.tex UTF-8 Polish hyphenation patterns
(C:/Users/kosik/AppData/Local/Programs/MiKTeX/tex/generic/hyph-utf8/patterns/te
x/hyph-pl.tex))))
(C:/Users/kosik/AppData/Local/Programs/MiKTeX/tex/latex/base/fontenc.sty
Package: fontenc 2024/12/21 v2.1c Standard LaTeX package
LaTeX Font Info:    Trying to load font information for T1+LinLibertine(0) on i
nput line 116.
LaTeX Font Info:    No file T1LinLibertine(0).fd. on input line 116.
LaTeX Font Info:    Trying to load font information for T1+lmr on input line 11
6.

(C:/Users/kosik/AppData/Local/Programs/MiKTeX/tex/latex/lm/t1lmr.fd
File: t1lmr.fd 2015/05/01 v1.6.1 Font defs for Latin Modern
)

LaTeX Font Warning: Font shape `T1/LinLibertine(0)/m/n' undefined
(Font)              using `T1/lmr/m/n' instead on input line 116.

) (C:/Users/kosik/AppData/Local/Programs/MiKTeX/tex/latex/csquotes/csquotes.sty
Package: csquotes 2024-04-04 v5.2o context-sensitive quotations (JAW)
(C:/Users/kosik/AppData/Local/Programs/MiKTeX/tex/latex/etoolbox/etoolbox.sty
Package: etoolbox 2025/02/11 v2.5l e-TeX tools for LaTeX (JAW)
\etb@tempcnta=\count358
)
\csq@reset=\count359
\csq@gtype=\count360
\csq@glevel=\count361
\csq@qlevel=\count362
\csq@maxlvl=\count363
\csq@tshold=\count364
\csq@ltx@everypar=\toks20

(C:/Users/kosik/AppData/Local/Programs/MiKTeX/tex/latex/csquotes/csquotes.def
File: csquotes.def 2024-04-04 v5.2o csquotes generic definitions (JAW)
)
Package csquotes Info: Trying to load configuration file 'csquotes.cfg'...
Package csquotes Info: ... configuration file loaded successfully.

(C:/Users/kosik/AppData/Local/Programs/MiKTeX/tex/latex/csquotes/csquotes.cfg
File: csquotes.cfg 
)
Package csquotes Info: Enabling multilingual quotes.
) (C:/Users/kosik/AppData/Local/Programs/MiKTeX/tex/latex/lipsum/lipsum.sty
(C:/Users/kosik/AppData/Local/Programs/MiKTeX/tex/latex/l3packages/l3keys2e/l3k
eys2e.sty
Package: l3keys2e 2024-08-16 LaTeX2e option processing using LaTeX3 keys
)
Package: lipsum 2021-09-20 v2.7 150 paragraphs of Lorem Ipsum dummy text
\g__lipsum_par_int=\count365
\l__lipsum_a_int=\count366
\l__lipsum_b_int=\count367

(C:/Users/kosik/AppData/Local/Programs/MiKTeX/tex/latex/lipsum/lipsum.ltd.tex)) (C:/Users/kosik/AppData/Local/Programs/MiKTeX/tex/latex/geometry/geometry.sty
Package: geometry 2020/01/02 v5.9 Page Geometry

(C:/Users/kosik/AppData/Local/Programs/MiKTeX/tex/generic/iftex/ifvtex.sty
Package: ifvtex 2019/10/25 v1.7 ifvtex legacy package. Use iftex instead.
)
\Gm@cnth=\count368
\Gm@cntv=\count369
\c@Gm@tempcnt=\count370
\Gm@bindingoffset=\dimen268
\Gm@wd@mp=\dimen269
\Gm@odd@mp=\dimen270
\Gm@even@mp=\dimen271
\Gm@layoutwidth=\dimen272
\Gm@layoutheight=\dimen273
\Gm@layouthoffset=\dimen274
\Gm@layoutvoffset=\dimen275
\Gm@dimlist=\toks21

(C:/Users/kosik/AppData/Local/Programs/MiKTeX/tex/latex/geometry/geometry.cfg)) (C:/Users/kosik/AppData/Local/Programs/MiKTeX/tex/latex/titlesec/titlesec.sty
Package: titlesec 2025/01/04 v2.17 Sectioning titles
\ttl@box=\box67
\beforetitleunit=\skip73
\aftertitleunit=\skip74
\ttl@plus=\dimen276
\ttl@minus=\dimen277
\ttl@toksa=\toks22
\titlewidth=\dimen278
\titlewidthlast=\dimen279
\titlewidthfirst=\dimen280
) (C:/Users/kosik/AppData/Local/Programs/MiKTeX/tex/latex/titlesec/titletoc.sty
Package: titletoc 2025/01/04 v2.17 TOC entries
\ttl@leftsep=\dimen281
)

Package fontspec Info: 
(fontspec)             Font family 'BookAntiqua(0)' created for font 'Book
(fontspec)             Antiqua' with options [Ligatures=TeX].
(fontspec)              
(fontspec)              This font family consists of the following NFSS
(fontspec)             series/shapes:
(fontspec)              
(fontspec)             - 'normal' (m/n) with NFSS spec.: <->"name:Book
(fontspec)             Antiqua:mode=node;language=dflt;+tlig;"
(fontspec)             - 'bold' (b/n) with NFSS spec.: <->"name:Book
(fontspec)             Antiqua/B:mode=node;language=dflt;+tlig;"
(fontspec)             - 'italic' (m/it) with NFSS spec.: <->"name:Book
(fontspec)             Antiqua/I:mode=node;language=dflt;+tlig;"
(fontspec)             - 'bold italic' (b/it) with NFSS spec.: <->"name:Book
(fontspec)             Antiqua/BI:mode=node;language=dflt;+tlig;"

(C:/Users/kosik/AppData/Local/Programs/MiKTeX/tex/latex/pdfpages/pdfpages.sty
Package: pdfpages 2025/07/23 v0.6g Insert pages of external PDF documents (AM)

(C:/Users/kosik/AppData/Local/Programs/MiKTeX/tex/latex/base/ifthen.sty
Package: ifthen 2024/03/16 v1.1e Standard LaTeX ifthen package (DPC)
)
(C:/Users/kosik/AppData/Local/Programs/MiKTeX/tex/latex/tools/calc.sty
Package: calc 2025/03/01 v4.3b Infix arithmetic (KKT,FJ)
\calc@Acount=\count371
\calc@Bcount=\count372
\calc@Adimen=\dimen282
\calc@Bdimen=\dimen283
\calc@Askip=\skip75
\calc@Bskip=\skip76
LaTeX Info: Redefining \setlength on input line 86.
LaTeX Info: Redefining \addtolength on input line 87.
\calc@Ccount=\count373
\calc@Cskip=\skip77
)
(C:/Users/kosik/AppData/Local/Programs/MiKTeX/tex/latex/eso-pic/eso-pic.sty
Package: eso-pic 2023/05/03 v3.0c eso-pic (RN)
\ESO@tempdima=\dimen284
\ESO@tempdimb=\dimen285
)
\AM@pagewidth=\dimen286
\AM@pageheight=\dimen287
\AM@fboxrule=\dimen288

(C:/Users/kosik/AppData/Local/Programs/MiKTeX/tex/latex/pdfpages/ppluatex.def
File: ppluatex.def 2025/07/23 v0.6g Pdfpages driver for LuaTeX (AM)
)
\pdfpages@includegraphics@status=\count374
\AM@pagebox=\box68
\AM@global@opts=\toks23
\AM@pagecnt=\count375
\AM@toc@title=\toks24
\AM@lof@heading=\toks25
\c@AM@survey=\count376
\AM@templatesizebox=\box69
) (C:/Users/kosik/AppData/Local/Programs/MiKTeX/tex/latex/setspace/setspace.sty
Package: setspace 2022/12/04 v6.7b set line spacing
) (./commands.tex) (./style.tex
*geometry* verbose mode - [ newgeometry ] result:
* driver: 
* paper: a5paper
* layout: <same size as paper>
* layoutoffset:(h,v)=(0.0pt,0.0pt)
* modes: twoside 
* h-part:(L,W,R)=(42.67912pt, 344.27837pt, 34.1433pt)
* v-part:(T,H,B)=(56.9055pt, 483.69687pt, 56.9055pt)
* \paperwidth=421.10078pt
* \paperheight=597.50787pt
* \textwidth=344.27837pt
* \textheight=483.69687pt
* \oddsidemargin=-29.59087pt
* \evensidemargin=-38.1267pt
* \topmargin=-54.36449pt
* \headheight=14.0pt
* \headsep=25.0pt
* \topskip=14.0pt
* \footskip=30.0pt
* \marginparwidth=48.0pt
* \marginparsep=10.0pt
* \columnsep=10.0pt
* \skip\footins=12.0pt plus 4.0pt minus 2.0pt
* \hoffset=0.0pt
* \voffset=0.0pt
* \mag=1000
* \@twocolumnfalse
* \@twosidetrue
* \@mparswitchtrue
* \@reversemarginfalse
* (1in=72.27pt=25.4mm, 1cm=28.453pt)

Module gregoriotex Info: greciliae : gre@font@variant@A : rescaling greciliae to
 1500000.0 on input line 46
Module gregoriotex Info: greciliae-hole : gre@font@variant@C : rescaling grecili
ae-hole to 1500000.0 on input line 46
Module gregoriotex Info: greciliae-hollow : gre@font@variant@B : rescaling greci
liae-hollow to 1500000.0 on input line 46
Module gregoriotex Info: capturing header sigla using grecommentary[2mm], string
=nil, name=nil on input line 51
)
Package csquotes Info: Checking for multilingual support...
Package csquotes Info: ... found 'babel' package.
No file main.aux.

\openout1 = main.aux
LaTeX Font Info:    Checking defaults for OML/cmm/m/it on input line 39.
LaTeX Font Info:    ... okay on input line 39.
LaTeX Font Info:    Checking defaults for OMS/cmsy/m/n on input line 39.
LaTeX Font Info:    ... okay on input line 39.
LaTeX Font Info:    Checking defaults for OT1/cmr/m/n on input line 39.
LaTeX Font Info:    ... okay on input line 39.
LaTeX Font Info:    Checking defaults for T1/cmr/m/n on input line 39.
LaTeX Font Info:    ... okay on input line 39.
LaTeX Font Info:    Checking defaults for TS1/cmr/m/n on input line 39.
LaTeX Font Info:    ... okay on input line 39.
LaTeX Font Info:    Checking defaults for TU/lmr/m/n on input line 39.
LaTeX Font Info:    ... okay on input line 39.
LaTeX Font Info:    Checking defaults for OMX/cmex/m/n on input line 39.
LaTeX Font Info:    ... okay on input line 39.
LaTeX Font Info:    Checking defaults for U/cmr/m/n on input line 39.
LaTeX Font Info:    ... okay on input line 39.

Package fontspec Info: 
(fontspec)             Adjusting the maths setup (use [no-math] to avoid
(fontspec)             this).

\symlegacymaths=\mathgroup4
LaTeX Font Info:    Overwriting symbol font `legacymaths' in version `bold'
(Font)                  OT1/cmr/m/n --> OT1/cmr/bx/n on input line 39.
LaTeX Font Info:    Redeclaring math accent \acute on input line 39.
LaTeX Font Info:    Redeclaring math accent \grave on input line 39.
LaTeX Font Info:    Redeclaring math accent \ddot on input line 39.
LaTeX Font Info:    Redeclaring math accent \tilde on input line 39.
LaTeX Font Info:    Redeclaring math accent \bar on input line 39.
LaTeX Font Info:    Redeclaring math accent \breve on input line 39.
LaTeX Font Info:    Redeclaring math accent \check on input line 39.
LaTeX Font Info:    Redeclaring math accent \hat on input line 39.
LaTeX Font Info:    Redeclaring math accent \dot on input line 39.
LaTeX Font Info:    Redeclaring math accent \mathring on input line 39.
LaTeX Font Info:    Redeclaring math symbol \colon on input line 39.
LaTeX Font Info:    Redeclaring math symbol \Gamma on input line 39.
LaTeX Font Info:    Redeclaring math symbol \Delta on input line 39.
LaTeX Font Info:    Redeclaring math symbol \Theta on input line 39.
LaTeX Font Info:    Redeclaring math symbol \Lambda on input line 39.
LaTeX Font Info:    Redeclaring math symbol \Xi on input line 39.
LaTeX Font Info:    Redeclaring math symbol \Pi on input line 39.
LaTeX Font Info:    Redeclaring math symbol \Sigma on input line 39.
LaTeX Font Info:    Redeclaring math symbol \Upsilon on input line 39.
LaTeX Font Info:    Redeclaring math symbol \Phi on input line 39.
LaTeX Font Info:    Redeclaring math symbol \Psi on input line 39.
LaTeX Font Info:    Redeclaring math symbol \Omega on input line 39.
LaTeX Font Info:    Redeclaring math symbol \mathdollar on input line 39.
LaTeX Font Info:    Redeclaring symbol font `operators' on input line 39.
LaTeX Font Info:    Encoding `OT1' has changed to `TU' for symbol font
(Font)              `operators' in the math version `normal' on input line 39.
LaTeX Font Info:    Overwriting symbol font `operators' in version `normal'
(Font)                  OT1/cmr/m/n --> TU/BookAntiqua(0)/m/n on input line 39.

LaTeX Font Info:    Encoding `OT1' has changed to `TU' for symbol font
(Font)              `operators' in the math version `bold' on input line 39.
LaTeX Font Info:    Overwriting symbol font `operators' in version `bold'
(Font)                  OT1/cmr/bx/n --> TU/BookAntiqua(0)/m/n on input line 39
.
LaTeX Font Info:    Overwriting symbol font `operators' in version `normal'
(Font)                  TU/BookAntiqua(0)/m/n --> TU/BookAntiqua(0)/m/n on inpu
t line 39.
LaTeX Font Info:    Overwriting math alphabet `\mathit' in version `normal'
(Font)                  OT1/cmr/m/it --> TU/BookAntiqua(0)/m/it on input line 3
9.
LaTeX Font Info:    Overwriting math alphabet `\mathbf' in version `normal'
(Font)                  OT1/cmr/bx/n --> TU/BookAntiqua(0)/b/n on input line 39
.
LaTeX Font Info:    Overwriting math alphabet `\mathsf' in version `normal'
(Font)                  OT1/cmss/m/n --> TU/LinBiolinum(0)/m/n on input line 39
.
LaTeX Font Info:    Overwriting math alphabet `\mathtt' in version `normal'
(Font)                  OT1/cmtt/m/n --> TU/LinLibertine(5)/m/n on input line 3
9.
LaTeX Font Info:    Overwriting symbol font `operators' in version `bold'
(Font)                  TU/BookAntiqua(0)/m/n --> TU/BookAntiqua(0)/b/n on inpu
t line 39.
LaTeX Font Info:    Overwriting math alphabet `\mathit' in version `bold'
(Font)                  OT1/cmr/bx/it --> TU/BookAntiqua(0)/b/it on input line 
39.
LaTeX Font Info:    Overwriting math alphabet `\mathsf' in version `bold'
(Font)                  OT1/cmss/bx/n --> TU/LinBiolinum(0)/b/n on input line 3
9.
LaTeX Font Info:    Overwriting math alphabet `\mathtt' in version `bold'
(Font)                  OT1/cmtt/m/n --> TU/LinLibertine(5)/b/n on input line 3
9.

(C:/Users/kosik/AppData/Local/Programs/MiKTeX/tex/context/base/mkii/supp-pdf.mk
ii
[Loading MPS to PDF converter (version 2006.09.02).]
\scratchcounter=\count377
\scratchdimen=\dimen289
\scratchbox=\box70
\nofMPsegments=\count378
\nofMParguments=\count379
\everyMPshowfont=\toks26
\MPscratchCnt=\count380
\MPscratchDim=\dimen290
\MPnumerator=\count381
\makeMPintoPDFobject=\count382
\everyMPtoPDFconversion=\toks27
)
(C:/Users/kosik/AppData/Local/Programs/MiKTeX/tex/latex/epstopdf-pkg/epstopdf-b
ase.sty
Package: epstopdf-base 2020-01-24 v2.11 Base part for package epstopdf
Package epstopdf-base Info: Redefining graphics rule for `.eps' on input line 4
85.

(C:/Users/kosik/AppData/Local/Programs/MiKTeX/tex/latex/00miktex/epstopdf-sys.c
fg
File: epstopdf-sys.cfg 2021/03/18 v2.0 Configuration of epstopdf for MiKTeX
))
Package babel Info: 'polish' activates 'polish' shorthands.
(babel)             Reported on input line 39.

*geometry* driver: auto-detecting
*geometry* detected driver: luatex
*geometry* verbose mode - [ preamble ] result:
* driver: luatex
* paper: a5paper
* layout: <same size as paper>
* layoutoffset:(h,v)=(0.0pt,0.0pt)
* modes: twoside 
* h-part:(L,W,R)=(42.67912pt, 344.27837pt, 34.1433pt)
* v-part:(T,H,B)=(56.9055pt, 483.69687pt, 56.9055pt)
* \paperwidth=421.10078pt
* \paperheight=597.50787pt
* \textwidth=344.27837pt
* \textheight=483.69687pt
* \oddsidemargin=-29.59087pt
* \evensidemargin=-38.1267pt
* \topmargin=-54.36449pt
* \headheight=14.0pt
* \headsep=25.0pt
* \topskip=14.0pt
* \footskip=30.0pt
* \marginparwidth=48.0pt
* \marginparsep=10.0pt
* \columnsep=10.0pt
* \skip\footins=12.0pt plus 4.0pt minus 2.0pt
* \hoffset=0.0pt
* \voffset=0.0pt
* \mag=1000
* \@twocolumnfalse
* \@twosidetrue
* \@mparswitchtrue
* \@reversemarginfalse
* (1in=72.27pt=25.4mm, 1cm=28.453pt)


(C:/Users/kosik/AppData/Local/Programs/MiKTeX/tex/latex/pdflscape/pdflscape.sty
Package: pdflscape 2022-10-27 v0.13 Display of landscape pages in PDF

(C:/Users/kosik/AppData/Local/Programs/MiKTeX/tex/latex/pdflscape/pdflscape-nom
etadata.sty
Package: pdflscape-nometadata 2022-10-28 v0.13 Display of landscape pages in PD
F (HO)

(C:/Users/kosik/AppData/Local/Programs/MiKTeX/tex/latex/graphics/lscape.sty
Package: lscape 2020/05/28 v3.02 Landscape Pages (DPC)
)
Package pdflscape Info: Auto-detected driver: pdftex on input line 81.
))

[1



{C:/Users/kosik/AppData/Local/MiKTeX/fonts/map/pdftex/pdftex.map}]
Rozdział 1.
(./sections/stałe/modlitwa_przed_oficjum.tex)
(./sections/stałe/modlitwy_wstepne.tex
LaTeX Font Info:    External font `cmex7' loaded for size
(Font)              <7> on input line 3.

Underfull \hbox (badness 10000) in paragraph at lines 2--6

 []


Underfull \hbox (badness 10000) in paragraph at lines 2--6

 []


Underfull \hbox (badness 10000) in paragraph at lines 2--6

 []


Underfull \hbox (badness 10000) in paragraph at lines 8--21

 []


Underfull \hbox (badness 10000) in paragraph at lines 8--21

 []


Overfull \hbox (3.80362pt too wide) in paragraph at lines 8--21
\TU/BookAntiqua(0)/m/n/14.4 do-brym uczynku oraz do-pro-wa-dzi do ży-cia wiecz-
nego. 
 []


Underfull \hbox (badness 10000) in paragraph at lines 8--21

 []


Underfull \hbox (badness 10000) in paragraph at lines 8--21

 []


Underfull \hbox (badness 10000) in paragraph at lines 8--21

 []


Underfull \vbox (badness 4120) has occurred while \output is active []



[2

]) (./sections/stałe/hymn.tex

[3]

[4]
Overfull \hbox (0.93596pt too wide) in paragraph at lines 38--39
\TU/BookAntiqua(0)/m/n/14.4 W uro-czy-sto-ści i święta ma-ryjne można za-sto
-so-wać po-
 []


LaTeX Warning: Reference `nt:sub_tuum' on page 5 undefined on input line 58.


Overfull \hbox (2.43488pt too wide) in paragraph at lines 53--64
\TU/BookAntiqua(0)/m/n/14.4 dobna To-bie mię-dzy nie-wia-stami, / kwit-nąca ja
ko róża,
 []


Overfull \hbox (2.49345pt too wide) in paragraph at lines 53--64
\TU/BookAntiqua(0)/m/n/14.4 Ant. Du-szą i ser-cem * śpie-wajmy Chry-stu-sowi 
chwałę /
 []



[5

])
Rozdział 2.
(./sections/psalmodia/sb.tex

[6


]
Underfull \hbox (badness 10000) in paragraph at lines 44--45

 []



[7]
<Ryciny/Herby/119.jpg, id=28, 208.52907pt x 231.11343pt>
File: Ryciny/Herby/119.jpg Graphic file (type jpg)
<use Ryciny/Herby/119.jpg>
Package luatex.def Info: Ryciny/Herby/119.jpg  used on input line 54.
(luatex.def)             Requested size: 160.59814pt x 178.00021pt.
)

! LaTeX Error: There's no line here to end.

See the LaTeX manual or LaTeX Companion for explanation.
Type  H <return>  for immediate help.
 ...                                              
                                                  
l.53 \input
           {sections/psalmodia/nd.tex}\\
Your command was ignored.
Type  I <command> <return>  to replace it with another command,
or  <return>  to continue without it.

(./sections/psalmodia/nd.tex

[8<./Ryciny/Herby/119.jpg>]

[9

]

[10]
<Ryciny/Mszał/dominicane.jpg, id=38, 803.0pt x 643.40375pt>
File: Ryciny/Mszał/dominicane.jpg Graphic file (type jpg)
<use Ryciny/Mszał/dominicane.jpg>
Package luatex.def Info: Ryciny/Mszał/dominicane.jpg  used on input line 62.
(luatex.def)             Requested size: 185.6916pt x 148.78477pt.
)

! LaTeX Error: There's no line here to end.

See the LaTeX manual or LaTeX Companion for explanation.
Type  H <return>  for immediate help.
 ...                                              
                                                  
l.54 \input
           {sections/psalmodia/pn.tex}\\
Your command was ignored.
Type  I <command> <return>  to replace it with another command,
or  <return>  to continue without it.

(./sections/psalmodia/pn.tex

[11

<./Ryciny/Mszał/dominicane.jpg>]
Overfull \hbox (31.69666pt too wide) in paragraph at lines 5--8
\TU/BookAntiqua(0)/m/n/14.4 Ant. Ty je-steś, Pa-nie, Bo-giem ła-ski * i wiel-k
iego []. 
 []



[12

]

[13]
Overfull \hbox (34.81854pt too wide) in paragraph at lines 58--59
\TU/BookAntiqua(0)/m/n/14.4 Ant. Ty je-steś, Pa-nie, Bo-giem ła-ski / i wiel-k
iego []. 
 []

<Ryciny/Mszał/wojciech.jpg, id=49, 158.56888pt x 159.84424pt>
File: Ryciny/Mszał/wojciech.jpg Graphic file (type jpg)
<use Ryciny/Mszał/wojciech.jpg>
Package luatex.def Info: Ryciny/Mszał/wojciech.jpg  used on input line 67.
(luatex.def)             Requested size: 120.44861pt x 121.42189pt.
)

! LaTeX Error: There's no line here to end.

See the LaTeX manual or LaTeX Companion for explanation.
Type  H <return>  for immediate help.
 ...                                              
                                                  
l.55 \input
           {sections/psalmodia/wt.tex}\\
Your command was ignored.
Type  I <command> <return>  to replace it with another command,
or  <return>  to continue without it.

(./sections/psalmodia/wt.tex

[14

<./Ryciny/Mszał/wojciech.jpg>]

[15

]

[16]
<Ryciny/Mszał/aniolek5.jpg, id=59, 1284.8pt x 981.6675pt>
File: Ryciny/Mszał/aniolek5.jpg Graphic file (type jpg)
<use Ryciny/Mszał/aniolek5.jpg>
Package luatex.def Info: Ryciny/Mszał/aniolek5.jpg  used on input line 52.
(luatex.def)             Requested size: 200.74768pt x 153.37018pt.
)

! LaTeX Error: There's no line here to end.

See the LaTeX manual or LaTeX Companion for explanation.
Type  H <return>  for immediate help.
 ...                                              
                                                  
l.56 \input
           {sections/psalmodia/sr.tex}\\
Your command was ignored.
Type  I <command> <return>  to replace it with another command,
or  <return>  to continue without it.

(./sections/psalmodia/sr.tex

[17

<./Ryciny/Mszał/aniolek5.jpg>]
Overfull \hbox (7.37549pt too wide) in paragraph at lines 6--7
\TU/BookAntiqua(0)/m/n/14.4 Ant. Boże, bądź moim obrońcą * i wa-row-nią, 
która ocala. 
 []


Overfull \hbox (10.49738pt too wide) in paragraph at lines 26--27
\TU/BookAntiqua(0)/m/n/14.4 Ant. Boże, bądź moim obrońcą / i wa-row-nią, 
która ocala. 
 []


Underfull \hbox (badness 10000) in paragraph at lines 26--27

 []



[18

]

[19

]
<Ryciny/Mszał/krzyz14.jpg, id=69, 38.57614pt x 41.07758pt>
File: Ryciny/Mszał/krzyz14.jpg Graphic file (type jpg)
<use Ryciny/Mszał/krzyz14.jpg>
Package luatex.def Info: Ryciny/Mszał/krzyz14.jpg  used on input line 65.
(luatex.def)             Requested size: 170.63553pt x 181.76346pt.
)

! LaTeX Error: There's no line here to end.

See the LaTeX manual or LaTeX Companion for explanation.
Type  H <return>  for immediate help.
 ...                                              
                                                  
l.57 \input
           {sections/psalmodia/czw.tex}\\
Your command was ignored.
Type  I <command> <return>  to replace it with another command,
or  <return>  to continue without it.

(./sections/psalmodia/czw.tex

[20<./Ryciny/Mszał/krzyz14.jpg>]

[21

]
Overfull \hbox (0.89738pt too wide) in paragraph at lines 42--43
\TU/BookAntiqua(0)/m/n/14.4 Sam Bóg po-koju niech was cał-ko-wi-cie uświęca,
 aby nie-
 []

<Ryciny/Herby/48.jpg, id=77, 520.19344pt x 234.1247pt>
File: Ryciny/Herby/48.jpg Graphic file (type jpg)
<use Ryciny/Herby/48.jpg>
Package luatex.def Info: Ryciny/Herby/48.jpg  used on input line 46.
(luatex.def)             Requested size: 170.63553pt x 76.79697pt.
)

! LaTeX Error: There's no line here to end.

See the LaTeX manual or LaTeX Companion for explanation.
Type  H <return>  for immediate help.
 ...                                              
                                                  
l.58 \input
           {sections/psalmodia/pt.tex}
Your command was ignored.
Type  I <command> <return>  to replace it with another command,
or  <return>  to continue without it.

(./sections/psalmodia/pt.tex

[22<./Ryciny/Herby/48.jpg>]

[23

]
Underfull \vbox (badness 10000) has occurred while \output is active []



[24]
<Ryciny/Mszał/niepokalane_serce.jpg, id=87, 208.3785pt x 86.9649pt>
File: Ryciny/Mszał/niepokalane_serce.jpg Graphic file (type jpg)
<use Ryciny/Mszał/niepokalane_serce.jpg>
Package luatex.def Info: Ryciny/Mszał/niepokalane_serce.jpg  used on input lin
e 58.
(luatex.def)             Requested size: 281.04675pt x 117.2927pt.
)

[25<./Ryciny/Mszał/niepokalane_serce.jpg>] (./sections/stałe/responsorium.tex

Underfull \hbox (badness 10000) in paragraph at lines 2--8

 []


Underfull \hbox (badness 10000) in paragraph at lines 11--18

 []

) (./sections/stałe/kantyk_symeona.tex

[26

]

! LaTeX Error: There's no line here to end.

See the LaTeX manual or LaTeX Companion for explanation.
Type  H <return>  for immediate help.
 ...                                              
                                                  
l.5 \begin
          {tabbing}
Your command was ignored.
Type  I <command> <return>  to replace it with another command,
or  <return>  to continue without it.

<Ryciny/Herby/97.jpg, id=94, 1641.13126pt x 434.62375pt>
File: Ryciny/Herby/97.jpg Graphic file (type jpg)
<use Ryciny/Herby/97.jpg>
Package luatex.def Info: Ryciny/Herby/97.jpg  used on input line 19.
(luatex.def)             Requested size: 341.27106pt x 90.37837pt.


[27

<./Ryciny/Herby/97.jpg>]) (./sections/stałe/modlitwy_końcowe.tex
Overfull \hbox (5.65746pt too wide) in paragraph at lines 3--5
\TU/BookAntiqua(0)/m/n/14.4 bło-go-sła-wień-stwo niech nam za-wsze to-wa-rzy-
szy. Przez
 []


Underfull \hbox (badness 10000) in paragraph at lines 3--5

 []


Underfull \hbox (badness 10000) in paragraph at lines 7--9

 []


LaTeX Warning: Reference `ch:antyfony' on page 28 undefined on input line 10.

<Ryciny/Herby/7.jpg, id=98, 1098.1025pt x 286.06876pt>
File: Ryciny/Herby/7.jpg Graphic file (type jpg)
<use Ryciny/Herby/7.jpg>
Package luatex.def Info: Ryciny/Herby/7.jpg  used on input line 14.
(luatex.def)             Requested size: 341.27106pt x 88.90302pt.
) (./sections/stałe/modlitwa_po_komplecie.tex

[28

<./Ryciny/Herby/7.jpg>]
Overfull \hbox (2.70668pt too wide) in paragraph at lines 4--8
\TU/BookAntiqua(0)/m/n/14.4 nej Trójcy, czło-wie-czeń-stwu Pana na-szego Je-z
usa Chry-
 []


Underfull \hbox (badness 10000) in paragraph at lines 4--8

 []


Overfull \hbox (1.9889pt too wide) in paragraph at lines 4--8
[]\OML/cmm/m/it/14.4 :$ \TU/BookAntiqua(0)/m/n/14.4 Bło-go-sła-wiony ży-wot 
Panny Ma-ryi, który no-sił Syna
 []


Overfull \hbox (1.43816pt too wide) in paragraph at lines 4--8
[]\OML/cmm/m/it/14.4 :$ \TU/BookAntiqua(0)/m/n/14.4 Bło-go-sła-wione piersi, 
które kar-miły Chry-stusa Pana. 
 []


Underfull \hbox (badness 10000) in paragraph at lines 4--8

 []

)
Underfull \hbox (badness 10000) in paragraph at lines 9--65

 []



[29

]
Rozdział 3.
(./sections/stałe/teksty_wlasne.tex
Underfull \hbox (badness 10000) in paragraph at lines 9--10

 []


Underfull \hbox (badness 10000) in paragraph at lines 12--13

 []

<Ryciny/Mszał/oltarz.png, id=105, 1027.84pt x 509.905pt>
File: Ryciny/Mszał/oltarz.png Graphic file (type png)
<use Ryciny/Mszał/oltarz.png>
Package luatex.def Info: Ryciny/Mszał/oltarz.png  used on input line 16.
(luatex.def)             Requested size: 200.74768pt x 99.59056pt.


[30

<./Ryciny/Mszał/oltarz.png>]
Underfull \hbox (badness 10000) in paragraph at lines 33--34

 []

<Ryciny/Mszał/ihs2 (1).jpg, id=110, 60.225pt x 67.2111pt>
File: Ryciny/Mszał/ihs2 (1).jpg Graphic file (type jpg)
<use Ryciny/Mszał/ihs2 (1).jpg>
Package luatex.def Info: Ryciny/Mszał/ihs2 (1).jpg  used on input line 37.
(luatex.def)             Requested size: 70.26169pt x 78.41925pt.

Underfull \hbox (badness 10000) in paragraph at lines 43--44

 []

)

[31

<./Ryciny/Mszał/ihs2 (1).jpg>]
<Ryciny/Mszał/nspj8.jpg, id=115, 36.97815pt x 48.18pt>
File: Ryciny/Mszał/nspj8.jpg Graphic file (type jpg)
<use Ryciny/Mszał/nspj8.jpg>
Package luatex.def Info: Ryciny/Mszał/nspj8.jpg  used on input line 74.
(luatex.def)             Requested size: 200.74768pt x 261.62581pt.


[32<./Ryciny/Mszał/nspj8.jpg>] (./sections/stałe/antyfony_koncowe.tex
Module gregoriotex Info: Looking in  on input line 7
Module gregoriotex Info: Found GABC/Antyfony_koncowe/ave_regina_caelorum.gabc di
rectly on input line 7
Module gregoriotex Info: Output directory: tmp-gre/GABC/Antyfony_koncowe/ on inp
ut line 7

(./tmp-gre/GABC/Antyfony_koncowe/ave_regina_caelorum-6_1_0.gtex
Removing  `luaotfload.harf.finalize_vlist' from `post_linebreak_filter'.
Inserting `gregoriotex.post_linebreak' in `post_linebreak_filter'.
Inserting `luaotfload.harf.finalize_vlist' in `post_linebreak_filter'.
Inserting `gregoriotex.disable_hyphenation' in `hyphenate'.
Underfull \hbox (badness 2846) in paragraph at lines 7--579
[] [][][] [][][] [][][] [][][] [][][] [][][] [][][][][][] [][][] [] []  [][][][
][][] [][][][][][][][] [][][] [][][][][][] [][][] [][][] [] [] []
 []

Removing  `gregoriotex.post_linebreak' from `post_linebreak_filter'.
Removing  `gregoriotex.disable_hyphenation' from `hyphenate'.)
<Ryciny/Mszał/ukoronowanie.jpg, id=119, 1606.0pt x 642.4pt>
File: Ryciny/Mszał/ukoronowanie.jpg Graphic file (type jpg)
<use Ryciny/Mszał/ukoronowanie.jpg>
Package luatex.def Info: Ryciny/Mszał/ukoronowanie.jpg  used on input line 10.

(luatex.def)             Requested size: 265.99068pt x 106.39331pt.


[33


<./Ryciny/Mszał/ukoronowanie.jpg>]
Module gregoriotex Info: Looking in  on input line 16
Module gregoriotex Info: Found GABC/Antyfony_koncowe/ave_regina_caelorum_op.gabc
 directly on input line 16
Module gregoriotex Info: Output directory: tmp-gre/GABC/Antyfony_koncowe/ on inp
ut line 16

(./tmp-gre/GABC/Antyfony_koncowe/ave_regina_caelorum_op-6_1_0.gtex
Removing  `luaotfload.harf.finalize_vlist' from `post_linebreak_filter'.
Inserting `gregoriotex.post_linebreak' in `post_linebreak_filter'.
Inserting `luaotfload.harf.finalize_vlist' in `post_linebreak_filter'.
Inserting `gregoriotex.disable_hyphenation' in `hyphenate'.
Underfull \hbox (badness 10000) in paragraph at lines 7--751
[] [][][] [][][][] [] [] [] [] [][][] []  [][]  [][][] [][][] [][][] [][][] [][
][] [] [] [] [][][] [] []  [][][] [] [] [] [][][] [] [] [] []
 []


Underfull \hbox (badness 10000) in paragraph at lines 7--751
[][][][][][][] [][][] [][][][][][] [][][] [] [] [] [][][] [] []  [][][] [] [][]
[]  []  [][][] [][][] [] [] [][][] [] [][][] [] [] []
 []


Underfull \hbox (badness 2884) in paragraph at lines 7--751
[][][][] [][][] [][][] [] [] [][][]  []  [][][] [][][] [][][] [] [] [] [][][] [
] []  [][][][][][] [][][] [][][] [] [] [][][] [] [][][] [] [] []
 []


Underfull \hbox (badness 7631) in paragraph at lines 7--751
[][][][][][][] [][][] [] [] [][][]  []  [][][] [][][] [][][] [] [] [] [][][] []
 []  [][][] [] [][][]  []  [][][][][][] [][][] [][][] [][][] [] [] []
 []

Removing  `gregoriotex.post_linebreak' from `post_linebreak_filter'.
Removing  `gregoriotex.disable_hyphenation' from `hyphenate'.)
<Ryciny/Herby/117.jpg, id=125, 260.47313pt x 300.3722pt>
File: Ryciny/Herby/117.jpg Graphic file (type jpg)
<use Ryciny/Herby/117.jpg>
Package luatex.def Info: Ryciny/Herby/117.jpg  used on input line 19.
(luatex.def)             Requested size: 90.33646pt x 104.17392pt.


[34

<./Ryciny/Herby/117.jpg>]
Module gregoriotex Info: Looking in  on input line 25
Module gregoriotex Info: Found GABC/Antyfony_koncowe/inviolata_op.gabc directly 
on input line 25
Module gregoriotex Info: Output directory: tmp-gre/GABC/Antyfony_koncowe/ on inp
ut line 25

(./tmp-gre/GABC/Antyfony_koncowe/inviolata_op-6_1_0.gtex
Removing  `luaotfload.harf.finalize_vlist' from `post_linebreak_filter'.
Inserting `gregoriotex.post_linebreak' in `post_linebreak_filter'.
Inserting `luaotfload.harf.finalize_vlist' in `post_linebreak_filter'.
Inserting `gregoriotex.disable_hyphenation' in `hyphenate'.
Underfull \hbox (badness 10000) in paragraph at lines 7--967
[][][][][][][] [][][] [][][] [][][] [][][][][][] [] [][]  [][][] [][][] [][][] 
[][][][][][] [][][] [][][] [][][] [][][] [][][] [][][] [] [][] []
 []


Underfull \hbox (badness 5288) in paragraph at lines 7--967
[][][][][][][] [][][] [][][] [][][] [][][][][][] [][][][][][][][][] [][][] [] [
][]  [][][][][][] [][][] [][][] [][][] [] []  [][][][][][] [][][] []
 []

Removing  `gregoriotex.post_linebreak' from `post_linebreak_filter'.
Removing  `gregoriotex.disable_hyphenation' from `hyphenate'.)
<Ryciny/Mszał/nmp_roza.jpg, id=129, 764.8575pt x 421.575pt>
File: Ryciny/Mszał/nmp_roza.jpg Graphic file (type jpg)
<use Ryciny/Mszał/nmp_roza.jpg>
Package luatex.def Info: Ryciny/Mszał/nmp_roza.jpg  used on input line 27.
(luatex.def)             Requested size: 165.61684pt x 91.28012pt.


[35

<./Ryciny/Mszał/nmp_roza.jpg>]
Module gregoriotex Info: Looking in  on input line 33
Module gregoriotex Info: Found GABC/Antyfony_koncowe/alma.gabc directly on input
 line 33
Module gregoriotex Info: Output directory: tmp-gre/GABC/Antyfony_koncowe/ on inp
ut line 33

(./tmp-gre/GABC/Antyfony_koncowe/alma-6_1_0.gtex
Removing  `luaotfload.harf.finalize_vlist' from `post_linebreak_filter'.
Inserting `gregoriotex.post_linebreak' in `post_linebreak_filter'.
Inserting `luaotfload.harf.finalize_vlist' in `post_linebreak_filter'.
Inserting `gregoriotex.disable_hyphenation' in `hyphenate'.

LaTeX Font Warning: Font shape `TU/BookAntiqua(0)/m/sc' undefined
(Font)              using `TU/BookAntiqua(0)/m/n' instead on input line 31.


Underfull \hbox (badness 1603) in paragraph at lines 7--749
[][][][] [][][][][][] [][][] [][][] [] []  [][][][][][][][][] [][][][][][][][][
] [] []  [][][][][][] [][][] [][][] [][][] [][][] [][][][][][] [][][] [] [] []
 []

Removing  `gregoriotex.post_linebreak' from `post_linebreak_filter'.
Removing  `gregoriotex.disable_hyphenation' from `hyphenate'.)
<Ryciny/Mszał/nmp_monogram.jpg, id=133, 566.115pt x 287.0725pt>
File: Ryciny/Mszał/nmp_monogram.jpg Graphic file (type jpg)
<use Ryciny/Mszał/nmp_monogram.jpg>
Package luatex.def Info: Ryciny/Mszał/nmp_monogram.jpg  used on input line 36.

(luatex.def)             Requested size: 230.85983pt x 117.06532pt.


[36

<./Ryciny/Mszał/nmp_monogram.jpg>]
Module gregoriotex Info: Looking in  on input line 42
Module gregoriotex Info: Found GABC/Antyfony_koncowe/alma_op.gabc directly on in
put line 42
Module gregoriotex Info: Output directory: tmp-gre/GABC/Antyfony_koncowe/ on inp
ut line 42

(./tmp-gre/GABC/Antyfony_koncowe/alma_op-6_1_0.gtex
Removing  `luaotfload.harf.finalize_vlist' from `post_linebreak_filter'.
Inserting `gregoriotex.post_linebreak' in `post_linebreak_filter'.
Inserting `luaotfload.harf.finalize_vlist' in `post_linebreak_filter'.
Inserting `gregoriotex.disable_hyphenation' in `hyphenate'.
Overfull \hbox (7.20932pt too wide) detected at line 528
|
 []

Removing  `gregoriotex.post_linebreak' from `post_linebreak_filter'.
Removing  `gregoriotex.disable_hyphenation' from `hyphenate'.)
<Ryciny/Herby/143.jpg, id=137, 297.36093pt x 274.77657pt>
File: Ryciny/Herby/143.jpg Graphic file (type jpg)
<use Ryciny/Herby/143.jpg>
Package luatex.def Info: Ryciny/Herby/143.jpg  used on input line 45.
(luatex.def)             Requested size: 120.44861pt x 111.30066pt.


[37

<./Ryciny/Herby/143.jpg>]
Module gregoriotex Info: Looking in  on input line 51
Module gregoriotex Info: Found GABC/Antyfony_koncowe/ave_stella.gabc directly on
 input line 51
Module gregoriotex Info: Output directory: tmp-gre/GABC/Antyfony_koncowe/ on inp
ut line 51

(./tmp-gre/GABC/Antyfony_koncowe/ave_stella-6_1_0.gtex
Removing  `luaotfload.harf.finalize_vlist' from `post_linebreak_filter'.
Inserting `gregoriotex.post_linebreak' in `post_linebreak_filter'.
Inserting `luaotfload.harf.finalize_vlist' in `post_linebreak_filter'.
Inserting `gregoriotex.disable_hyphenation' in `hyphenate'.
Overfull \hbox (7.46109pt too wide) detected at line 870
|
 []


Overfull \hbox (7.46109pt too wide) detected at line 870
|
 []


Underfull \hbox (badness 1668) in paragraph at lines 7--949
[][][][] [] [] [][][] [][][] [] [][][] [] [] [] []  [][][] [][][] [][][] [] [] 
[] [][][] [] []  [][][] [][][] [] [] [][][] [][][] [] [] [] []  [][][] [][][] [
][][] [] [] [][][] [] [] []
 []

Removing  `gregoriotex.post_linebreak' from `post_linebreak_filter'.
Removing  `gregoriotex.disable_hyphenation' from `hyphenate'.)
File: Ryciny/Mszał/nmp_monogram.jpg Graphic file (type jpg)
<use Ryciny/Mszał/nmp_monogram.jpg>
Package luatex.def Info: Ryciny/Mszał/nmp_monogram.jpg  used on input line 54.

(luatex.def)             Requested size: 230.85983pt x 117.06532pt.


[38

]
Module gregoriotex Info: Looking in  on input line 65
Module gregoriotex Info: Found GABC/Antyfony_koncowe/sub_tuum_op.gabc directly o
n input line 65
Module gregoriotex Info: Output directory: tmp-gre/GABC/Antyfony_koncowe/ on inp
ut line 65
 (./tmp-gre/GABC/Antyfony_koncowe/sub_tuum_op-6_1_0.gtex
Removing  `luaotfload.harf.finalize_vlist' from `post_linebreak_filter'.
Inserting `gregoriotex.post_linebreak' in `post_linebreak_filter'.
Inserting `luaotfload.harf.finalize_vlist' in `post_linebreak_filter'.
Inserting `gregoriotex.disable_hyphenation' in `hyphenate'.
Underfull \hbox (badness 3942) in paragraph at lines 7--524
[][][][][][][] [][][][][][] [][][] [][][] [][][][][][] [] []  [][][] [][][][][]
[] [][][] [][][] [][][] [][][] [] [] [][][][][][] [][][] [][][] [][][] [] [] []

 []

Removing  `gregoriotex.post_linebreak' from `post_linebreak_filter'.
Removing  `gregoriotex.disable_hyphenation' from `hyphenate'.)
Module gregoriotex Info: Looking in  on input line 69
Module gregoriotex Info: Found GABC/Antyfony_koncowe/pie_pater.gabc directly on 
input line 69
Module gregoriotex Info: Output directory: tmp-gre/GABC/Antyfony_koncowe/ on inp
ut line 69
 (./tmp-gre/GABC/Antyfony_koncowe/pie_pater-6_1_0.gtex
Removing  `luaotfload.harf.finalize_vlist' from `post_linebreak_filter'.
Inserting `gregoriotex.post_linebreak' in `post_linebreak_filter'.
Inserting `luaotfload.harf.finalize_vlist' in `post_linebreak_filter'.
Inserting `gregoriotex.disable_hyphenation' in `hyphenate'.
Removing  `gregoriotex.post_linebreak' from `post_linebreak_filter'.
Removing  `gregoriotex.disable_hyphenation' from `hyphenate'.)
<Ryciny/Herby/101.jpg, id=144, 694.09312pt x 487.06969pt>
File: Ryciny/Herby/101.jpg Graphic file (type jpg)
<use Ryciny/Herby/101.jpg>
Package luatex.def Info: Ryciny/Herby/101.jpg  used on input line 73.
(luatex.def)             Requested size: 70.26169pt x 49.30438pt.


[39

<./Ryciny/Herby/101.jpg>]
Module gregoriotex Info: Looking in  on input line 79
Module gregoriotex Info: Found GABC/Antyfony_koncowe/magne_pater.gabc directly o
n input line 79
Module gregoriotex Info: Output directory: tmp-gre/GABC/Antyfony_koncowe/ on inp
ut line 79

(./tmp-gre/GABC/Antyfony_koncowe/magne_pater-6_1_0.gtex
Removing  `luaotfload.harf.finalize_vlist' from `post_linebreak_filter'.
Inserting `gregoriotex.post_linebreak' in `post_linebreak_filter'.
Inserting `luaotfload.harf.finalize_vlist' in `post_linebreak_filter'.
Inserting `gregoriotex.disable_hyphenation' in `hyphenate'.
Removing  `gregoriotex.post_linebreak' from `post_linebreak_filter'.
Removing  `gregoriotex.disable_hyphenation' from `hyphenate'.)
Module gregoriotex Info: Looking in  on input line 83
Module gregoriotex Info: Found GABC/Antyfony_koncowe/recordare.gabc directly on 
input line 83
Module gregoriotex Info: Output directory: tmp-gre/GABC/Antyfony_koncowe/ on inp
ut line 83

(./tmp-gre/GABC/Antyfony_koncowe/recordare-6_1_0.gtex
Removing  `luaotfload.harf.finalize_vlist' from `post_linebreak_filter'.
Inserting `gregoriotex.post_linebreak' in `post_linebreak_filter'.
Inserting `luaotfload.harf.finalize_vlist' in `post_linebreak_filter'.
Inserting `gregoriotex.disable_hyphenation' in `hyphenate'.
Overfull \hbox (7.46109pt too wide) detected at line 612
|
 []


Underfull \hbox (badness 10000) in paragraph at lines 7--677
[] [][][] [][][] [] [] [] [][][][][][] [] [] [] [] [][][] [] [][]  [][][] [][][
] [] [][][] [][][] [] []  [][][] [][][] [][][] [] [] [] [][][] [] [] []
 []


Underfull \hbox (badness 4634) in paragraph at lines 7--677
[][][][] [][][][][][] [][][] [][][] [] [] [] [] [] [][][] [] []  [][][][] [][][
] [][][] [] [][][] [] []  [][][] [][][] [][][] [][][] [] [] [] [] [][][] [] [] 
[]
 []


Underfull \hbox (badness 1117) in paragraph at lines 7--677
[][][][] [][][] [][][][][][] [] [] [] [][][] [] []  [][][] [][][] [][][] [][][]
 [][][][][][] [][][] [][][] [] []  [][][] [] [] [] [] [] [] []  [][][][] [] [] 
[] [] [] [] [] [] []
 []

Removing  `gregoriotex.post_linebreak' from `post_linebreak_filter'.
Removing  `gregoriotex.disable_hyphenation' from `hyphenate'.)

[40

]
<Ryciny/Mszał/blogoslawienstwo_greckie.jpg, id=151, 292.84406pt x 564.60938pt>

File: Ryciny/Mszał/blogoslawienstwo_greckie.jpg Graphic file (type jpg)
<use Ryciny/Mszał/blogoslawienstwo_greckie.jpg>
Package luatex.def Info: Ryciny/Mszał/blogoslawienstwo_greckie.jpg  used on in
put line 90.
(luatex.def)             Requested size: 150.56076pt x 290.29892pt.


[41

<./Ryciny/Mszał/blogoslawienstwo_greckie.jpg>]
Module gregoriotex Info: Looking in  on input line 98
Module gregoriotex Info: Found GABC/Procesja/salve.gabc directly on input line 9
8
Module gregoriotex Info: Output directory: tmp-gre/GABC/Procesja/ on input line 
98

(./tmp-gre/GABC/Procesja/salve-6_1_0.gtex
Removing  `luaotfload.harf.finalize_vlist' from `post_linebreak_filter'.
Inserting `gregoriotex.post_linebreak' in `post_linebreak_filter'.
Inserting `luaotfload.harf.finalize_vlist' in `post_linebreak_filter'.
Inserting `gregoriotex.disable_hyphenation' in `hyphenate'.
Overfull \hbox (7.46109pt too wide) detected at line 1026
|
 []


Underfull \hbox (badness 8056) in paragraph at lines 6--1490
[][][][] [] [][][] [] [] [] [] [][][] [] []  [][][] [][][] [][][][][][][] [][][
] [] [] [] [][][] [] []  [][][] [] [][][] [] []  [][][][][][][] [][][] [] [] []

 []


Underfull \hbox (badness 1675) in paragraph at lines 6--1490
[][][][] [][][] [][][][][][] [][][] [][][] [][][] [] [] [] [][][] [] []  [][][]
 [][][] [][][][][][] [] []  [][][][][][] [][][] [] [] [][][] [][][][][][] [] []
 []
 []


Underfull \hbox (badness 10000) in paragraph at lines 6--1490
[][][][] [][][][] [][][] [] []  [][][][][][][][][] [] [] [][][] [][][][][][] []
[][][][][] [][][] [] [] [] [][][] [] []  [][][][] [] [] [][][] [] [] []
 []


Underfull \hbox (badness 2253) in paragraph at lines 6--1490
[][][][] [] [] [][][] [][][][][][] [][][] [][][] [] []  [][][] [] [] [][][][][]
[] [] []  [][][] [] [] []  [][][] [] [] [] [][][] [] []  [][][] [] [] []  [][][
] [] [] [] [][][] [] [] []
 []


Underfull \hbox (badness 10000) in paragraph at lines 6--1490
[]
 []

Missing character: There is no - (U+002D) in font nullfont!
Removing  `gregoriotex.post_linebreak' from `post_linebreak_filter'.
Removing  `gregoriotex.disable_hyphenation' from `hyphenate'.)
Overfull \hbox (2.51399pt too wide) in paragraph at lines 101--109
[]\OML/cmm/m/it/14.4 :$ \TU/BookAntiqua(0)/m/n/14.4 Mó-dlmy się. Pro-simy Ci
ę, Pa-nie Boże, * do-zwól nam,
 []


Underfull \hbox (badness 10000) in paragraph at lines 101--109

 []



[42

]
Overfull \hbox (4.24597pt too wide) in paragraph at lines 110--116
[]\OML/cmm/m/it/14.4 :$ \TU/BookAntiqua(0)/m/n/14.4 Ore-mus. Con-céde nos fa-mu
-los tuos, qu-aésu-mus, Do-
 []


Overfull \hbox (3.47086pt too wide) in paragraph at lines 110--116
\TU/BookAntiqua(0)/m/n/14.4 mine Deus, per-pétua men-tis et cor-po-ris sa-lute gau-d
ére *
 []


Underfull \hbox (badness 10000) in paragraph at lines 110--116

 []

Module gregoriotex Info: Looking in  on input line 120
Module gregoriotex Info: Found GABC/Procesja/lumen.gabc directly on input line 1
20
Module gregoriotex Info: Output directory: tmp-gre/GABC/Procesja/ on input line 
120
(./tmp-gre/GABC/Procesja/lumen-6_1_0.gtex
Removing  `luaotfload.harf.finalize_vlist' from `post_linebreak_filter'.
Inserting `gregoriotex.post_linebreak' in `post_linebreak_filter'.
Inserting `luaotfload.harf.finalize_vlist' in `post_linebreak_filter'.
Inserting `gregoriotex.disable_hyphenation' in `hyphenate'.
Overfull \hbox (7.46109pt too wide) detected at line 293
|
 []


Overfull \hbox (7.46109pt too wide) detected at line 472
|
 []



[43]
Removing  `gregoriotex.post_linebreak' from `post_linebreak_filter'.
Removing  `gregoriotex.disable_hyphenation' from `hyphenate'.)
Overfull \hbox (18.23401pt too wide) in paragraph at lines 123--134
\TU/BookAntiqua(0)/m/n/14.4 nie-chaj wsta-wien-nic-two bło-go-sła-wio-nego Do-
mi-nika, Wy-
 []


Overfull \hbox (3.83168pt too wide) in paragraph at lines 123--134
\TU/BookAntiqua(0)/m/n/14.4 grze-chów, które nas przy-tła-czają. Przez Chry-
stusa Pana
 []


Underfull \hbox (badness 10000) in paragraph at lines 123--134

 []


Overfull \hbox (8.98091pt too wide) in paragraph at lines 135--141
\TU/BookAntiqua(0)/m/n/14.4 ati Do-mi-nici con-fes-so-ris tui, Pa-tris no-stri, pa-tro-ci-nio sub-
 []


Underfull \hbox (badness 10000) in paragraph at lines 135--141

 []



[44]
<Ryciny/Mszał/dominik.jpg, id=165, 566.115pt x 363.3575pt>
File: Ryciny/Mszał/dominik.jpg Graphic file (type jpg)
<use Ryciny/Mszał/dominik.jpg>
Package luatex.def Info: Ryciny/Mszał/dominik.jpg  used on input line 144.
(luatex.def)             Requested size: 341.27106pt x 219.04742pt.


[45<./Ryciny/Mszał/dominik.jpg>]
Module gregoriotex Info: Looking in  on input line 152
Module gregoriotex Info: Found GABC/Procesja/ave_florum.gabc directly on input l
ine 152
Module gregoriotex Info: Output directory: tmp-gre/GABC/Procesja/ on input line 
152

(./tmp-gre/GABC/Procesja/ave_florum-6_1_0.gtex
Removing  `luaotfload.harf.finalize_vlist' from `post_linebreak_filter'.
Inserting `gregoriotex.post_linebreak' in `post_linebreak_filter'.
Inserting `luaotfload.harf.finalize_vlist' in `post_linebreak_filter'.
Inserting `gregoriotex.disable_hyphenation' in `hyphenate'.
Underfull \hbox (badness 2846) in paragraph at lines 7--874
[] [][][] [][][] [][][] [] [][]  [][][] [][][] [][][] [] [][][] [][][][][] [][]
[] [] []  [][][][][][] [][][] [][][][][] [] [] [][][] [][][] [][][] [] [] []
 []


Underfull \hbox (badness 1062) in paragraph at lines 7--874
[][][][][][][] [][][][][][] [] []  [][][] [][][] [][][] [] [] [] [][][] [] []  
[][][][][][] [][][][][][] [][][] [] [] [][][] [][][] [] []  [][][][][][] [] [] 
[] []
 []

Removing  `gregoriotex.post_linebreak' from `post_linebreak_filter'.
Removing  `gregoriotex.disable_hyphenation' from `hyphenate'.)
Underfull \hbox (badness 10000) in paragraph at lines 155--158

 []



[46

]
Overfull \hbox (7.82782pt too wide) in paragraph at lines 159--166
\TU/BookAntiqua(0)/m/n/14.4 wio-nego Jacka, wy-znawcę Twego, chwałą cu-dów 
i świą-
 []


Underfull \hbox (badness 10000) in paragraph at lines 159--166

 []


Underfull \hbox (badness 10000) in paragraph at lines 167--172

 []

)

[47

]
<Ryciny/Mszał/pax_vobis.jpg, id=175, 738.76pt x 415.5525pt>
File: Ryciny/Mszał/pax_vobis.jpg Graphic file (type jpg)
<use Ryciny/Mszał/pax_vobis.jpg>
Package luatex.def Info: Ryciny/Mszał/pax_vobis.jpg  used on input line 88.
(luatex.def)             Requested size: 311.1589pt x 175.02544pt.


[48

<./Ryciny/Mszał/pax_vobis.jpg>] (./main.aux)
 ***********
LaTeX2e <2025-06-01> patch level 1
L3 programming layer <2025-09-02>
 ***********


LaTeX Font Warning: Some font shapes were not available, defaults substituted.


LaTeX Warning: There were undefined references.


LaTeX Warning: Label(s) may have changed. Rerun to get cross-references right.

)

Here is how much of LuaTeX's memory you used:
 37595 strings out of 476291
 195333,1144653 words of node,token memory allocated
 932 words of node memory still in use:
   11 hlist, 2 vlist, 5 rule, 11 glue, 7 kern, 4 glyph, 102 attribute, 65 glue_s
pec, 14 attribute_list, 1 write, 1 user_defined nodes
   avail lists: 1:1,2:26385,3:3284,4:26,5:4495,6:430,7:5353,8:6,9:6792,10:24,11:
184
 59253 multiletter control sequences out of 65536+600000
 102 fonts using 19492631 bytes
 88i,5n,107p,743b,3577s stack positions out of 10000i,1000n,20000p,200000b,200000s
<C:/Users/kosik/AppData/Local/Programs/MiKTeX/fonts/truetype/public/gregoriotex/
greextra.ttf><C:/Users/kosik/AppData/Local/Programs/MiKTeX/fonts/truetype/public
/gregoriotex/greciliae.ttf><C:/WINDOWS/Fonts/antquai.ttf><C:/WINDOWS/Fonts/antqu
ab.ttf><C:/WINDOWS/Fonts/bkant.ttf><C:/Users/kosik/AppData/Local/Programs/MiKTeX
/fonts/type1/public/amsfonts/cm/cmmi12.pfb><C:/Users/kosik/AppData/Local/Program
s/MiKTeX/fonts/type1/public/amsfonts/cm/cmsy10.pfb>
Output written on main.pdf (48 pages, 3449365 bytes).

PDF statistics: 217 PDF objects out of 1000 (max. 8388607)
 0 named destinations out of 1000 (max. 131072)
 1 words of extra memory for PDF output out of 10000 (max. 100000000)

